<?xml version="1.0" encoding="UTF-8"?>
<testsuite name="org.hyperskill.musicplayer.Stage3UnitTest" tests="15" skipped="0" failures="0" errors="0" timestamp="2024-02-21T12:42:41" hostname="Kristinas-MacBook-Pro.local" time="21.225">
  <properties/>
  <testcase name="checkImgButtonTriggersMediaPlayerOnListItem" classname="org.hyperskill.musicplayer.Stage3UnitTest" time="7.453"/>
  <testcase name="checkControllerTriggersMediaPlayerOnDefaultItem" classname="org.hyperskill.musicplayer.Stage3UnitTest" time="2.002"/>
  <testcase name="checkSeekBarChangeAfterMusicEnd" classname="org.hyperskill.musicplayer.Stage3UnitTest" time="0.689"/>
  <testcase name="checkSongChange" classname="org.hyperskill.musicplayer.Stage3UnitTest" time="2.68"/>
  <testcase name="checkImgButtonPlayAfterMusicEnd" classname="org.hyperskill.musicplayer.Stage3UnitTest" time="0.467"/>
  <testcase name="checkSeekBarChangeWhilePlaying" classname="org.hyperskill.musicplayer.Stage3UnitTest" time="0.283"/>
  <testcase name="checkSeekBarAfterPause" classname="org.hyperskill.musicplayer.Stage3UnitTest" time="0.317"/>
  <testcase name="checkMusicEnd" classname="org.hyperskill.musicplayer.Stage3UnitTest" time="0.328"/>
  <testcase name="checkLoadPlaylistKeepsPlayingCurrentSelectedSong" classname="org.hyperskill.musicplayer.Stage3UnitTest" time="1.991"/>
  <testcase name="checkControllerKeepsStateAfterCancelAddPlaylist" classname="org.hyperskill.musicplayer.Stage3UnitTest" time="0.649"/>
  <testcase name="checkPlayAfterMusicEnd" classname="org.hyperskill.musicplayer.Stage3UnitTest" time="0.88"/>
  <testcase name="checkSeekBarAfterStop" classname="org.hyperskill.musicplayer.Stage3UnitTest" time="0.85"/>
  <testcase name="checkSeekBarBeforePlaying" classname="org.hyperskill.musicplayer.Stage3UnitTest" time="0.484"/>
  <testcase name="checkLoadPlaylistChangesSongIfCurrentSelectedSongNotInPlaylist" classname="org.hyperskill.musicplayer.Stage3UnitTest" time="1.263"/>
  <testcase name="checkCancelAddPlaylistKeepsPlayingCurrentSelectedSong" classname="org.hyperskill.musicplayer.Stage3UnitTest" time="0.887"/>
  <system-out><![CDATA[Called loadFromPath(/system/framework/framework-res.apk, true); mode=binary sdk=29
resources.arsc in APK '/Users/mikhailshauchenka/.m2/repository/org/robolectric/android-all-instrumented/10-robolectric-5803371-i3/android-all-instrumented-10-robolectric-5803371-i3.jar' is compressed.
]]></system-out>
  <system-err><![CDATA[]]></system-err>
</testsuite>
