<?xml version="1.0" encoding="UTF-8"?>
<testsuite name="org.hyperskill.musicplayer.Stage3UnitTest" tests="15" skipped="0" failures="15" errors="0" timestamp="2024-02-13T14:18:16" hostname="Kristinas-MacBook-Pro.local" time="15.3">
  <properties/>
  <testcase name="checkImgButtonTriggersMediaPlayerOnListItem" classname="org.hyperskill.musicplayer.Stage3UnitTest" time="8.133">
    <failure message="java.lang.AssertionError: After click on songItemImgBtnPlayPause the song item should start playing. On mediaPlayer isPlaying expected:&lt;true&gt; but was:&lt;false&gt;" type="java.lang.AssertionError">java.lang.AssertionError: After click on songItemImgBtnPlayPause the song item should start playing. On mediaPlayer isPlaying expected:&lt;true&gt; but was:&lt;false&gt;
	at org.junit.Assert.fail(Assert.java:89)
	at org.junit.Assert.failNotEquals(Assert.java:835)
	at org.junit.Assert.assertEquals(Assert.java:120)
	at org.hyperskill.musicplayer.internals.MusicPlayerUnitTests.assertController(MusicPlayerUnitTests.kt:483)
	at org.hyperskill.musicplayer.internals.MusicPlayerUnitTests.assertControllerPlay(MusicPlayerUnitTests.kt:469)
	at org.hyperskill.musicplayer.Stage3UnitTest$checkImgButtonTriggersMediaPlayerOnListItem$1$1.invoke(Stage3UnitTest.kt:149)
	at org.hyperskill.musicplayer.Stage3UnitTest$checkImgButtonTriggersMediaPlayerOnListItem$1$1.invoke(Stage3UnitTest.kt:129)
	at org.hyperskill.musicplayer.internals.MusicPlayerUnitTests.assertSingleListItem(MusicPlayerUnitTests.kt:258)
	at org.hyperskill.musicplayer.Stage3UnitTest$checkImgButtonTriggersMediaPlayerOnListItem$1.invoke(Stage3UnitTest.kt:129)
	at org.hyperskill.musicplayer.Stage3UnitTest$checkImgButtonTriggersMediaPlayerOnListItem$1.invoke(Stage3UnitTest.kt:114)
	at org.hyperskill.musicplayer.internals.AbstractUnitTest.testActivity(AbstractUnitTest.kt:84)
	at org.hyperskill.musicplayer.internals.AbstractUnitTest.testActivity$default(AbstractUnitTest.kt:75)
	at org.hyperskill.musicplayer.Stage3UnitTest.checkImgButtonTriggersMediaPlayerOnListItem(Stage3UnitTest.kt:114)
	at java.base/jdk.internal.reflect.NativeMethodAccessorImpl.invoke0(Native Method)
	at java.base/jdk.internal.reflect.NativeMethodAccessorImpl.invoke(Unknown Source)
	at java.base/jdk.internal.reflect.DelegatingMethodAccessorImpl.invoke(Unknown Source)
	at java.base/java.lang.reflect.Method.invoke(Unknown Source)
	at org.junit.runners.model.FrameworkMethod$1.runReflectiveCall(FrameworkMethod.java:59)
	at org.junit.internal.runners.model.ReflectiveCallable.run(ReflectiveCallable.java:12)
	at org.junit.runners.model.FrameworkMethod.invokeExplosively(FrameworkMethod.java:56)
	at org.junit.internal.runners.statements.InvokeMethod.evaluate(InvokeMethod.java:17)
	at org.junit.internal.runners.statements.RunBefores.evaluate(RunBefores.java:26)
	at org.junit.runners.ParentRunner$3.evaluate(ParentRunner.java:306)
	at org.robolectric.RobolectricTestRunner$HelperTestRunner$1.evaluate(RobolectricTestRunner.java:591)
	at org.robolectric.internal.SandboxTestRunner$2.lambda$evaluate$0(SandboxTestRunner.java:274)
	at org.robolectric.internal.bytecode.Sandbox.lambda$runOnMainThread$0(Sandbox.java:88)
	at java.base/java.util.concurrent.FutureTask.run(Unknown Source)
	at java.base/java.util.concurrent.ThreadPoolExecutor.runWorker(Unknown Source)
	at java.base/java.util.concurrent.ThreadPoolExecutor$Worker.run(Unknown Source)
	at java.base/java.lang.Thread.run(Unknown Source)
	Suppressed: org.robolectric.android.internal.AndroidTestEnvironment$UnExecutedRunnablesException: Main looper has queued unexecuted runnables. This might be the cause of the test failure. You might need a shadowOf(Looper.getMainLooper()).idle() call.
</failure>
  </testcase>
  <testcase name="checkControllerTriggersMediaPlayerOnDefaultItem" classname="org.hyperskill.musicplayer.Stage3UnitTest" time="0.624">
    <failure message="java.lang.AssertionError: After click on controllerBtnPlayPause right after mainButtonSearch the default song item should start playing. On controllerSeekBar progress expected:&lt;1&gt; but was:&lt;1154&gt;" type="java.lang.AssertionError">java.lang.AssertionError: After click on controllerBtnPlayPause right after mainButtonSearch the default song item should start playing. On controllerSeekBar progress expected:&lt;1&gt; but was:&lt;1154&gt;
	at org.junit.Assert.fail(Assert.java:89)
	at org.junit.Assert.failNotEquals(Assert.java:835)
	at org.junit.Assert.assertEquals(Assert.java:120)
	at org.hyperskill.musicplayer.internals.MusicPlayerUnitTests.assertController(MusicPlayerUnitTests.kt:489)
	at org.hyperskill.musicplayer.internals.MusicPlayerUnitTests.assertControllerPlay(MusicPlayerUnitTests.kt:469)
	at org.hyperskill.musicplayer.Stage3UnitTest$checkControllerTriggersMediaPlayerOnDefaultItem$1.invoke(Stage3UnitTest.kt:92)
	at org.hyperskill.musicplayer.Stage3UnitTest$checkControllerTriggersMediaPlayerOnDefaultItem$1.invoke(Stage3UnitTest.kt:75)
	at org.hyperskill.musicplayer.internals.AbstractUnitTest.testActivity(AbstractUnitTest.kt:84)
	at org.hyperskill.musicplayer.internals.AbstractUnitTest.testActivity$default(AbstractUnitTest.kt:75)
	at org.hyperskill.musicplayer.Stage3UnitTest.checkControllerTriggersMediaPlayerOnDefaultItem(Stage3UnitTest.kt:75)
	at java.base/jdk.internal.reflect.NativeMethodAccessorImpl.invoke0(Native Method)
	at java.base/jdk.internal.reflect.NativeMethodAccessorImpl.invoke(Unknown Source)
	at java.base/jdk.internal.reflect.DelegatingMethodAccessorImpl.invoke(Unknown Source)
	at java.base/java.lang.reflect.Method.invoke(Unknown Source)
	at org.junit.runners.model.FrameworkMethod$1.runReflectiveCall(FrameworkMethod.java:59)
	at org.junit.internal.runners.model.ReflectiveCallable.run(ReflectiveCallable.java:12)
	at org.junit.runners.model.FrameworkMethod.invokeExplosively(FrameworkMethod.java:56)
	at org.junit.internal.runners.statements.InvokeMethod.evaluate(InvokeMethod.java:17)
	at org.junit.internal.runners.statements.RunBefores.evaluate(RunBefores.java:26)
	at org.junit.runners.ParentRunner$3.evaluate(ParentRunner.java:306)
	at org.robolectric.RobolectricTestRunner$HelperTestRunner$1.evaluate(RobolectricTestRunner.java:591)
	at org.robolectric.internal.SandboxTestRunner$2.lambda$evaluate$0(SandboxTestRunner.java:274)
	at org.robolectric.internal.bytecode.Sandbox.lambda$runOnMainThread$0(Sandbox.java:88)
	at java.base/java.util.concurrent.FutureTask.run(Unknown Source)
	at java.base/java.util.concurrent.ThreadPoolExecutor.runWorker(Unknown Source)
	at java.base/java.util.concurrent.ThreadPoolExecutor$Worker.run(Unknown Source)
	at java.base/java.lang.Thread.run(Unknown Source)
</failure>
  </testcase>
  <testcase name="checkSeekBarChangeAfterMusicEnd" classname="org.hyperskill.musicplayer.Stage3UnitTest" time="1.322">
    <failure message="java.lang.AssertionError: When a song ends the player should stop playing. On mediaPlayer isPlaying expected:&lt;false&gt; but was:&lt;true&gt;" type="java.lang.AssertionError">java.lang.AssertionError: When a song ends the player should stop playing. On mediaPlayer isPlaying expected:&lt;false&gt; but was:&lt;true&gt;
	at org.junit.Assert.fail(Assert.java:89)
	at org.junit.Assert.failNotEquals(Assert.java:835)
	at org.junit.Assert.assertEquals(Assert.java:120)
	at org.hyperskill.musicplayer.internals.MusicPlayerUnitTests.assertController(MusicPlayerUnitTests.kt:483)
	at org.hyperskill.musicplayer.internals.MusicPlayerUnitTests.assertControllerStop(MusicPlayerUnitTests.kt:477)
	at org.hyperskill.musicplayer.Stage3UnitTest$checkSeekBarChangeAfterMusicEnd$1.invoke(Stage3UnitTest.kt:363)
	at org.hyperskill.musicplayer.Stage3UnitTest$checkSeekBarChangeAfterMusicEnd$1.invoke(Stage3UnitTest.kt:346)
	at org.hyperskill.musicplayer.internals.AbstractUnitTest.testActivity(AbstractUnitTest.kt:84)
	at org.hyperskill.musicplayer.internals.AbstractUnitTest.testActivity$default(AbstractUnitTest.kt:75)
	at org.hyperskill.musicplayer.Stage3UnitTest.checkSeekBarChangeAfterMusicEnd(Stage3UnitTest.kt:346)
	at java.base/jdk.internal.reflect.NativeMethodAccessorImpl.invoke0(Native Method)
	at java.base/jdk.internal.reflect.NativeMethodAccessorImpl.invoke(Unknown Source)
	at java.base/jdk.internal.reflect.DelegatingMethodAccessorImpl.invoke(Unknown Source)
	at java.base/java.lang.reflect.Method.invoke(Unknown Source)
	at org.junit.runners.model.FrameworkMethod$1.runReflectiveCall(FrameworkMethod.java:59)
	at org.junit.internal.runners.model.ReflectiveCallable.run(ReflectiveCallable.java:12)
	at org.junit.runners.model.FrameworkMethod.invokeExplosively(FrameworkMethod.java:56)
	at org.junit.internal.runners.statements.InvokeMethod.evaluate(InvokeMethod.java:17)
	at org.junit.internal.runners.statements.RunBefores.evaluate(RunBefores.java:26)
	at org.junit.runners.ParentRunner$3.evaluate(ParentRunner.java:306)
	at org.robolectric.RobolectricTestRunner$HelperTestRunner$1.evaluate(RobolectricTestRunner.java:591)
	at org.robolectric.internal.SandboxTestRunner$2.lambda$evaluate$0(SandboxTestRunner.java:274)
	at org.robolectric.internal.bytecode.Sandbox.lambda$runOnMainThread$0(Sandbox.java:88)
	at java.base/java.util.concurrent.FutureTask.run(Unknown Source)
	at java.base/java.util.concurrent.ThreadPoolExecutor.runWorker(Unknown Source)
	at java.base/java.util.concurrent.ThreadPoolExecutor$Worker.run(Unknown Source)
	at java.base/java.lang.Thread.run(Unknown Source)
</failure>
  </testcase>
  <testcase name="checkSongChange" classname="org.hyperskill.musicplayer.Stage3UnitTest" time="0.385">
    <failure message="java.lang.AssertionError: After first click on songItemImgBtnPlayPause that song should play. On mediaPlayer isPlaying expected:&lt;true&gt; but was:&lt;false&gt;" type="java.lang.AssertionError">java.lang.AssertionError: After first click on songItemImgBtnPlayPause that song should play. On mediaPlayer isPlaying expected:&lt;true&gt; but was:&lt;false&gt;
	at org.junit.Assert.fail(Assert.java:89)
	at org.junit.Assert.failNotEquals(Assert.java:835)
	at org.junit.Assert.assertEquals(Assert.java:120)
	at org.hyperskill.musicplayer.internals.MusicPlayerUnitTests.assertController(MusicPlayerUnitTests.kt:483)
	at org.hyperskill.musicplayer.internals.MusicPlayerUnitTests.assertControllerPlay(MusicPlayerUnitTests.kt:469)
	at org.hyperskill.musicplayer.Stage3UnitTest$checkSongChange$1$1.invoke(Stage3UnitTest.kt:477)
	at org.hyperskill.musicplayer.Stage3UnitTest$checkSongChange$1$1.invoke(Stage3UnitTest.kt:466)
	at org.hyperskill.musicplayer.internals.MusicPlayerUnitTests.assertListItems(MusicPlayerUnitTests.kt:158)
	at org.hyperskill.musicplayer.Stage3UnitTest$checkSongChange$1.invoke(Stage3UnitTest.kt:466)
	at org.hyperskill.musicplayer.Stage3UnitTest$checkSongChange$1.invoke(Stage3UnitTest.kt:451)
	at org.hyperskill.musicplayer.internals.AbstractUnitTest.testActivity(AbstractUnitTest.kt:84)
	at org.hyperskill.musicplayer.internals.AbstractUnitTest.testActivity$default(AbstractUnitTest.kt:75)
	at org.hyperskill.musicplayer.Stage3UnitTest.checkSongChange(Stage3UnitTest.kt:451)
	at java.base/jdk.internal.reflect.NativeMethodAccessorImpl.invoke0(Native Method)
	at java.base/jdk.internal.reflect.NativeMethodAccessorImpl.invoke(Unknown Source)
	at java.base/jdk.internal.reflect.DelegatingMethodAccessorImpl.invoke(Unknown Source)
	at java.base/java.lang.reflect.Method.invoke(Unknown Source)
	at org.junit.runners.model.FrameworkMethod$1.runReflectiveCall(FrameworkMethod.java:59)
	at org.junit.internal.runners.model.ReflectiveCallable.run(ReflectiveCallable.java:12)
	at org.junit.runners.model.FrameworkMethod.invokeExplosively(FrameworkMethod.java:56)
	at org.junit.internal.runners.statements.InvokeMethod.evaluate(InvokeMethod.java:17)
	at org.junit.internal.runners.statements.RunBefores.evaluate(RunBefores.java:26)
	at org.junit.runners.ParentRunner$3.evaluate(ParentRunner.java:306)
	at org.robolectric.RobolectricTestRunner$HelperTestRunner$1.evaluate(RobolectricTestRunner.java:591)
	at org.robolectric.internal.SandboxTestRunner$2.lambda$evaluate$0(SandboxTestRunner.java:274)
	at org.robolectric.internal.bytecode.Sandbox.lambda$runOnMainThread$0(Sandbox.java:88)
	at java.base/java.util.concurrent.FutureTask.run(Unknown Source)
	at java.base/java.util.concurrent.ThreadPoolExecutor.runWorker(Unknown Source)
	at java.base/java.util.concurrent.ThreadPoolExecutor$Worker.run(Unknown Source)
	at java.base/java.lang.Thread.run(Unknown Source)
</failure>
  </testcase>
  <testcase name="checkImgButtonPlayAfterMusicEnd" classname="org.hyperskill.musicplayer.Stage3UnitTest" time="0.919">
    <failure message="java.lang.AssertionError: When a song ends the player should stop playing. On mediaPlayer currentPosition expected: 0 found: 210" type="java.lang.AssertionError">java.lang.AssertionError: When a song ends the player should stop playing. On mediaPlayer currentPosition expected: 0 found: 210
	at org.junit.Assert.fail(Assert.java:89)
	at org.junit.Assert.assertTrue(Assert.java:42)
	at org.hyperskill.musicplayer.internals.MusicPlayerUnitTests.assertController(MusicPlayerUnitTests.kt:486)
	at org.hyperskill.musicplayer.internals.MusicPlayerUnitTests.assertControllerStop(MusicPlayerUnitTests.kt:477)
	at org.hyperskill.musicplayer.Stage3UnitTest$checkImgButtonPlayAfterMusicEnd$1$1.invoke(Stage3UnitTest.kt:433)
	at org.hyperskill.musicplayer.Stage3UnitTest$checkImgButtonPlayAfterMusicEnd$1$1.invoke(Stage3UnitTest.kt:423)
	at org.hyperskill.musicplayer.internals.MusicPlayerUnitTests.assertSingleListItem(MusicPlayerUnitTests.kt:258)
	at org.hyperskill.musicplayer.Stage3UnitTest$checkImgButtonPlayAfterMusicEnd$1.invoke(Stage3UnitTest.kt:423)
	at org.hyperskill.musicplayer.Stage3UnitTest$checkImgButtonPlayAfterMusicEnd$1.invoke(Stage3UnitTest.kt:409)
	at org.hyperskill.musicplayer.internals.AbstractUnitTest.testActivity(AbstractUnitTest.kt:84)
	at org.hyperskill.musicplayer.internals.AbstractUnitTest.testActivity$default(AbstractUnitTest.kt:75)
	at org.hyperskill.musicplayer.Stage3UnitTest.checkImgButtonPlayAfterMusicEnd(Stage3UnitTest.kt:409)
	at java.base/jdk.internal.reflect.NativeMethodAccessorImpl.invoke0(Native Method)
	at java.base/jdk.internal.reflect.NativeMethodAccessorImpl.invoke(Unknown Source)
	at java.base/jdk.internal.reflect.DelegatingMethodAccessorImpl.invoke(Unknown Source)
	at java.base/java.lang.reflect.Method.invoke(Unknown Source)
	at org.junit.runners.model.FrameworkMethod$1.runReflectiveCall(FrameworkMethod.java:59)
	at org.junit.internal.runners.model.ReflectiveCallable.run(ReflectiveCallable.java:12)
	at org.junit.runners.model.FrameworkMethod.invokeExplosively(FrameworkMethod.java:56)
	at org.junit.internal.runners.statements.InvokeMethod.evaluate(InvokeMethod.java:17)
	at org.junit.internal.runners.statements.RunBefores.evaluate(RunBefores.java:26)
	at org.junit.runners.ParentRunner$3.evaluate(ParentRunner.java:306)
	at org.robolectric.RobolectricTestRunner$HelperTestRunner$1.evaluate(RobolectricTestRunner.java:591)
	at org.robolectric.internal.SandboxTestRunner$2.lambda$evaluate$0(SandboxTestRunner.java:274)
	at org.robolectric.internal.bytecode.Sandbox.lambda$runOnMainThread$0(Sandbox.java:88)
	at java.base/java.util.concurrent.FutureTask.run(Unknown Source)
	at java.base/java.util.concurrent.ThreadPoolExecutor.runWorker(Unknown Source)
	at java.base/java.util.concurrent.ThreadPoolExecutor$Worker.run(Unknown Source)
	at java.base/java.lang.Thread.run(Unknown Source)
</failure>
  </testcase>
  <testcase name="checkSeekBarChangeWhilePlaying" classname="org.hyperskill.musicplayer.Stage3UnitTest" time="0.315">
    <failure message="java.lang.AssertionError: After click on controllerBtnPlayPause right after mainButtonSearch the default song item should start playing. On controllerSeekBar progress expected:&lt;1&gt; but was:&lt;1154&gt;" type="java.lang.AssertionError">java.lang.AssertionError: After click on controllerBtnPlayPause right after mainButtonSearch the default song item should start playing. On controllerSeekBar progress expected:&lt;1&gt; but was:&lt;1154&gt;
	at org.junit.Assert.fail(Assert.java:89)
	at org.junit.Assert.failNotEquals(Assert.java:835)
	at org.junit.Assert.assertEquals(Assert.java:120)
	at org.hyperskill.musicplayer.internals.MusicPlayerUnitTests.assertController(MusicPlayerUnitTests.kt:489)
	at org.hyperskill.musicplayer.internals.MusicPlayerUnitTests.assertControllerPlay(MusicPlayerUnitTests.kt:469)
	at org.hyperskill.musicplayer.Stage3UnitTest$checkSeekBarChangeWhilePlaying$1.invoke(Stage3UnitTest.kt:193)
	at org.hyperskill.musicplayer.Stage3UnitTest$checkSeekBarChangeWhilePlaying$1.invoke(Stage3UnitTest.kt:176)
	at org.hyperskill.musicplayer.internals.AbstractUnitTest.testActivity(AbstractUnitTest.kt:84)
	at org.hyperskill.musicplayer.internals.AbstractUnitTest.testActivity$default(AbstractUnitTest.kt:75)
	at org.hyperskill.musicplayer.Stage3UnitTest.checkSeekBarChangeWhilePlaying(Stage3UnitTest.kt:176)
	at java.base/jdk.internal.reflect.NativeMethodAccessorImpl.invoke0(Native Method)
	at java.base/jdk.internal.reflect.NativeMethodAccessorImpl.invoke(Unknown Source)
	at java.base/jdk.internal.reflect.DelegatingMethodAccessorImpl.invoke(Unknown Source)
	at java.base/java.lang.reflect.Method.invoke(Unknown Source)
	at org.junit.runners.model.FrameworkMethod$1.runReflectiveCall(FrameworkMethod.java:59)
	at org.junit.internal.runners.model.ReflectiveCallable.run(ReflectiveCallable.java:12)
	at org.junit.runners.model.FrameworkMethod.invokeExplosively(FrameworkMethod.java:56)
	at org.junit.internal.runners.statements.InvokeMethod.evaluate(InvokeMethod.java:17)
	at org.junit.internal.runners.statements.RunBefores.evaluate(RunBefores.java:26)
	at org.junit.runners.ParentRunner$3.evaluate(ParentRunner.java:306)
	at org.robolectric.RobolectricTestRunner$HelperTestRunner$1.evaluate(RobolectricTestRunner.java:591)
	at org.robolectric.internal.SandboxTestRunner$2.lambda$evaluate$0(SandboxTestRunner.java:274)
	at org.robolectric.internal.bytecode.Sandbox.lambda$runOnMainThread$0(Sandbox.java:88)
	at java.base/java.util.concurrent.FutureTask.run(Unknown Source)
	at java.base/java.util.concurrent.ThreadPoolExecutor.runWorker(Unknown Source)
	at java.base/java.util.concurrent.ThreadPoolExecutor$Worker.run(Unknown Source)
	at java.base/java.lang.Thread.run(Unknown Source)
</failure>
  </testcase>
  <testcase name="checkSeekBarAfterPause" classname="org.hyperskill.musicplayer.Stage3UnitTest" time="0.58">
    <failure message="java.lang.AssertionError: After changing controllerSeekBar progress as user with a paused song the mediaPlayer should update its currentPosition and remain paused. On mediaPlayer currentPosition expected: 50000 found: 50" type="java.lang.AssertionError">java.lang.AssertionError: After changing controllerSeekBar progress as user with a paused song the mediaPlayer should update its currentPosition and remain paused. On mediaPlayer currentPosition expected: 50000 found: 50
	at org.junit.Assert.fail(Assert.java:89)
	at org.junit.Assert.assertTrue(Assert.java:42)
	at org.hyperskill.musicplayer.internals.MusicPlayerUnitTests.assertController(MusicPlayerUnitTests.kt:486)
	at org.hyperskill.musicplayer.internals.MusicPlayerUnitTests.assertControllerPause(MusicPlayerUnitTests.kt:473)
	at org.hyperskill.musicplayer.Stage3UnitTest$checkSeekBarAfterPause$1.invoke(Stage3UnitTest.kt:305)
	at org.hyperskill.musicplayer.Stage3UnitTest$checkSeekBarAfterPause$1.invoke(Stage3UnitTest.kt:283)
	at org.hyperskill.musicplayer.internals.AbstractUnitTest.testActivity(AbstractUnitTest.kt:84)
	at org.hyperskill.musicplayer.internals.AbstractUnitTest.testActivity$default(AbstractUnitTest.kt:75)
	at org.hyperskill.musicplayer.Stage3UnitTest.checkSeekBarAfterPause(Stage3UnitTest.kt:283)
	at java.base/jdk.internal.reflect.NativeMethodAccessorImpl.invoke0(Native Method)
	at java.base/jdk.internal.reflect.NativeMethodAccessorImpl.invoke(Unknown Source)
	at java.base/jdk.internal.reflect.DelegatingMethodAccessorImpl.invoke(Unknown Source)
	at java.base/java.lang.reflect.Method.invoke(Unknown Source)
	at org.junit.runners.model.FrameworkMethod$1.runReflectiveCall(FrameworkMethod.java:59)
	at org.junit.internal.runners.model.ReflectiveCallable.run(ReflectiveCallable.java:12)
	at org.junit.runners.model.FrameworkMethod.invokeExplosively(FrameworkMethod.java:56)
	at org.junit.internal.runners.statements.InvokeMethod.evaluate(InvokeMethod.java:17)
	at org.junit.internal.runners.statements.RunBefores.evaluate(RunBefores.java:26)
	at org.junit.runners.ParentRunner$3.evaluate(ParentRunner.java:306)
	at org.robolectric.RobolectricTestRunner$HelperTestRunner$1.evaluate(RobolectricTestRunner.java:591)
	at org.robolectric.internal.SandboxTestRunner$2.lambda$evaluate$0(SandboxTestRunner.java:274)
	at org.robolectric.internal.bytecode.Sandbox.lambda$runOnMainThread$0(Sandbox.java:88)
	at java.base/java.util.concurrent.FutureTask.run(Unknown Source)
	at java.base/java.util.concurrent.ThreadPoolExecutor.runWorker(Unknown Source)
	at java.base/java.util.concurrent.ThreadPoolExecutor$Worker.run(Unknown Source)
	at java.base/java.lang.Thread.run(Unknown Source)
</failure>
  </testcase>
  <testcase name="checkMusicEnd" classname="org.hyperskill.musicplayer.Stage3UnitTest" time="0.699">
    <failure message="java.lang.AssertionError: When a song ends the player should stop playing. On mediaPlayer isPlaying expected:&lt;false&gt; but was:&lt;true&gt;" type="java.lang.AssertionError">java.lang.AssertionError: When a song ends the player should stop playing. On mediaPlayer isPlaying expected:&lt;false&gt; but was:&lt;true&gt;
	at org.junit.Assert.fail(Assert.java:89)
	at org.junit.Assert.failNotEquals(Assert.java:835)
	at org.junit.Assert.assertEquals(Assert.java:120)
	at org.hyperskill.musicplayer.internals.MusicPlayerUnitTests.assertController(MusicPlayerUnitTests.kt:483)
	at org.hyperskill.musicplayer.internals.MusicPlayerUnitTests.assertControllerStop(MusicPlayerUnitTests.kt:477)
	at org.hyperskill.musicplayer.Stage3UnitTest$checkMusicEnd$1.invoke(Stage3UnitTest.kt:330)
	at org.hyperskill.musicplayer.Stage3UnitTest$checkMusicEnd$1.invoke(Stage3UnitTest.kt:313)
	at org.hyperskill.musicplayer.internals.AbstractUnitTest.testActivity(AbstractUnitTest.kt:84)
	at org.hyperskill.musicplayer.internals.AbstractUnitTest.testActivity$default(AbstractUnitTest.kt:75)
	at org.hyperskill.musicplayer.Stage3UnitTest.checkMusicEnd(Stage3UnitTest.kt:313)
	at java.base/jdk.internal.reflect.NativeMethodAccessorImpl.invoke0(Native Method)
	at java.base/jdk.internal.reflect.NativeMethodAccessorImpl.invoke(Unknown Source)
	at java.base/jdk.internal.reflect.DelegatingMethodAccessorImpl.invoke(Unknown Source)
	at java.base/java.lang.reflect.Method.invoke(Unknown Source)
	at org.junit.runners.model.FrameworkMethod$1.runReflectiveCall(FrameworkMethod.java:59)
	at org.junit.internal.runners.model.ReflectiveCallable.run(ReflectiveCallable.java:12)
	at org.junit.runners.model.FrameworkMethod.invokeExplosively(FrameworkMethod.java:56)
	at org.junit.internal.runners.statements.InvokeMethod.evaluate(InvokeMethod.java:17)
	at org.junit.internal.runners.statements.RunBefores.evaluate(RunBefores.java:26)
	at org.junit.runners.ParentRunner$3.evaluate(ParentRunner.java:306)
	at org.robolectric.RobolectricTestRunner$HelperTestRunner$1.evaluate(RobolectricTestRunner.java:591)
	at org.robolectric.internal.SandboxTestRunner$2.lambda$evaluate$0(SandboxTestRunner.java:274)
	at org.robolectric.internal.bytecode.Sandbox.lambda$runOnMainThread$0(Sandbox.java:88)
	at java.base/java.util.concurrent.FutureTask.run(Unknown Source)
	at java.base/java.util.concurrent.ThreadPoolExecutor.runWorker(Unknown Source)
	at java.base/java.util.concurrent.ThreadPoolExecutor$Worker.run(Unknown Source)
	at java.base/java.lang.Thread.run(Unknown Source)
</failure>
  </testcase>
  <testcase name="checkLoadPlaylistKeepsPlayingCurrentSelectedSong" classname="org.hyperskill.musicplayer.Stage3UnitTest" time="0.242">
    <failure message="java.lang.AssertionError: A song should start playing after click on songItemImgBtnPlayPause On mediaPlayer isPlaying expected:&lt;true&gt; but was:&lt;false&gt;" type="java.lang.AssertionError">java.lang.AssertionError: A song should start playing after click on songItemImgBtnPlayPause On mediaPlayer isPlaying expected:&lt;true&gt; but was:&lt;false&gt;
	at org.junit.Assert.fail(Assert.java:89)
	at org.junit.Assert.failNotEquals(Assert.java:835)
	at org.junit.Assert.assertEquals(Assert.java:120)
	at org.hyperskill.musicplayer.internals.MusicPlayerUnitTests.assertController(MusicPlayerUnitTests.kt:483)
	at org.hyperskill.musicplayer.internals.MusicPlayerUnitTests.assertControllerPlay(MusicPlayerUnitTests.kt:469)
	at org.hyperskill.musicplayer.Stage3UnitTest$checkLoadPlaylistKeepsPlayingCurrentSelectedSong$1$1.invoke(Stage3UnitTest.kt:608)
	at org.hyperskill.musicplayer.Stage3UnitTest$checkLoadPlaylistKeepsPlayingCurrentSelectedSong$1$1.invoke(Stage3UnitTest.kt:602)
	at org.hyperskill.musicplayer.internals.MusicPlayerUnitTests.assertSingleListItem(MusicPlayerUnitTests.kt:258)
	at org.hyperskill.musicplayer.Stage3UnitTest$checkLoadPlaylistKeepsPlayingCurrentSelectedSong$1.invoke(Stage3UnitTest.kt:602)
	at org.hyperskill.musicplayer.Stage3UnitTest$checkLoadPlaylistKeepsPlayingCurrentSelectedSong$1.invoke(Stage3UnitTest.kt:591)
	at org.hyperskill.musicplayer.internals.AbstractUnitTest.testActivity(AbstractUnitTest.kt:84)
	at org.hyperskill.musicplayer.internals.AbstractUnitTest.testActivity$default(AbstractUnitTest.kt:75)
	at org.hyperskill.musicplayer.Stage3UnitTest.checkLoadPlaylistKeepsPlayingCurrentSelectedSong(Stage3UnitTest.kt:591)
	at java.base/jdk.internal.reflect.NativeMethodAccessorImpl.invoke0(Native Method)
	at java.base/jdk.internal.reflect.NativeMethodAccessorImpl.invoke(Unknown Source)
	at java.base/jdk.internal.reflect.DelegatingMethodAccessorImpl.invoke(Unknown Source)
	at java.base/java.lang.reflect.Method.invoke(Unknown Source)
	at org.junit.runners.model.FrameworkMethod$1.runReflectiveCall(FrameworkMethod.java:59)
	at org.junit.internal.runners.model.ReflectiveCallable.run(ReflectiveCallable.java:12)
	at org.junit.runners.model.FrameworkMethod.invokeExplosively(FrameworkMethod.java:56)
	at org.junit.internal.runners.statements.InvokeMethod.evaluate(InvokeMethod.java:17)
	at org.junit.internal.runners.statements.RunBefores.evaluate(RunBefores.java:26)
	at org.junit.runners.ParentRunner$3.evaluate(ParentRunner.java:306)
	at org.robolectric.RobolectricTestRunner$HelperTestRunner$1.evaluate(RobolectricTestRunner.java:591)
	at org.robolectric.internal.SandboxTestRunner$2.lambda$evaluate$0(SandboxTestRunner.java:274)
	at org.robolectric.internal.bytecode.Sandbox.lambda$runOnMainThread$0(Sandbox.java:88)
	at java.base/java.util.concurrent.FutureTask.run(Unknown Source)
	at java.base/java.util.concurrent.ThreadPoolExecutor.runWorker(Unknown Source)
	at java.base/java.util.concurrent.ThreadPoolExecutor$Worker.run(Unknown Source)
	at java.base/java.lang.Thread.run(Unknown Source)
</failure>
  </testcase>
  <testcase name="checkControllerKeepsStateAfterCancelAddPlaylist" classname="org.hyperskill.musicplayer.Stage3UnitTest" time="0.234">
    <failure message="java.lang.AssertionError: Wrong state of controller view after click on controllerBtnPlayPause after controllerSeekBar change. On controllerSeekBar progress expected:&lt;101&gt; but was:&lt;1052&gt;" type="java.lang.AssertionError">java.lang.AssertionError: Wrong state of controller view after click on controllerBtnPlayPause after controllerSeekBar change. On controllerSeekBar progress expected:&lt;101&gt; but was:&lt;1052&gt;
	at org.junit.Assert.fail(Assert.java:89)
	at org.junit.Assert.failNotEquals(Assert.java:835)
	at org.junit.Assert.assertEquals(Assert.java:120)
	at org.hyperskill.musicplayer.internals.MusicPlayerUnitTests$ControllerViews.assertControllerState(MusicPlayerUnitTests.kt:450)
	at org.hyperskill.musicplayer.Stage3UnitTest$checkControllerKeepsStateAfterCancelAddPlaylist$1.invoke(Stage3UnitTest.kt:945)
	at org.hyperskill.musicplayer.Stage3UnitTest$checkControllerKeepsStateAfterCancelAddPlaylist$1.invoke(Stage3UnitTest.kt:932)
	at org.hyperskill.musicplayer.internals.AbstractUnitTest.testActivity(AbstractUnitTest.kt:84)
	at org.hyperskill.musicplayer.internals.AbstractUnitTest.testActivity$default(AbstractUnitTest.kt:75)
	at org.hyperskill.musicplayer.Stage3UnitTest.checkControllerKeepsStateAfterCancelAddPlaylist(Stage3UnitTest.kt:932)
	at java.base/jdk.internal.reflect.NativeMethodAccessorImpl.invoke0(Native Method)
	at java.base/jdk.internal.reflect.NativeMethodAccessorImpl.invoke(Unknown Source)
	at java.base/jdk.internal.reflect.DelegatingMethodAccessorImpl.invoke(Unknown Source)
	at java.base/java.lang.reflect.Method.invoke(Unknown Source)
	at org.junit.runners.model.FrameworkMethod$1.runReflectiveCall(FrameworkMethod.java:59)
	at org.junit.internal.runners.model.ReflectiveCallable.run(ReflectiveCallable.java:12)
	at org.junit.runners.model.FrameworkMethod.invokeExplosively(FrameworkMethod.java:56)
	at org.junit.internal.runners.statements.InvokeMethod.evaluate(InvokeMethod.java:17)
	at org.junit.internal.runners.statements.RunBefores.evaluate(RunBefores.java:26)
	at org.junit.runners.ParentRunner$3.evaluate(ParentRunner.java:306)
	at org.robolectric.RobolectricTestRunner$HelperTestRunner$1.evaluate(RobolectricTestRunner.java:591)
	at org.robolectric.internal.SandboxTestRunner$2.lambda$evaluate$0(SandboxTestRunner.java:274)
	at org.robolectric.internal.bytecode.Sandbox.lambda$runOnMainThread$0(Sandbox.java:88)
	at java.base/java.util.concurrent.FutureTask.run(Unknown Source)
	at java.base/java.util.concurrent.ThreadPoolExecutor.runWorker(Unknown Source)
	at java.base/java.util.concurrent.ThreadPoolExecutor$Worker.run(Unknown Source)
	at java.base/java.lang.Thread.run(Unknown Source)
</failure>
  </testcase>
  <testcase name="checkPlayAfterMusicEnd" classname="org.hyperskill.musicplayer.Stage3UnitTest" time="0.624">
    <failure message="java.lang.AssertionError: When a song ends the player should stop playing. On mediaPlayer isPlaying expected:&lt;false&gt; but was:&lt;true&gt;" type="java.lang.AssertionError">java.lang.AssertionError: When a song ends the player should stop playing. On mediaPlayer isPlaying expected:&lt;false&gt; but was:&lt;true&gt;
	at org.junit.Assert.fail(Assert.java:89)
	at org.junit.Assert.failNotEquals(Assert.java:835)
	at org.junit.Assert.assertEquals(Assert.java:120)
	at org.hyperskill.musicplayer.internals.MusicPlayerUnitTests.assertController(MusicPlayerUnitTests.kt:483)
	at org.hyperskill.musicplayer.internals.MusicPlayerUnitTests.assertControllerStop(MusicPlayerUnitTests.kt:477)
	at org.hyperskill.musicplayer.Stage3UnitTest$checkPlayAfterMusicEnd$1.invoke(Stage3UnitTest.kt:396)
	at org.hyperskill.musicplayer.Stage3UnitTest$checkPlayAfterMusicEnd$1.invoke(Stage3UnitTest.kt:379)
	at org.hyperskill.musicplayer.internals.AbstractUnitTest.testActivity(AbstractUnitTest.kt:84)
	at org.hyperskill.musicplayer.internals.AbstractUnitTest.testActivity$default(AbstractUnitTest.kt:75)
	at org.hyperskill.musicplayer.Stage3UnitTest.checkPlayAfterMusicEnd(Stage3UnitTest.kt:379)
	at java.base/jdk.internal.reflect.NativeMethodAccessorImpl.invoke0(Native Method)
	at java.base/jdk.internal.reflect.NativeMethodAccessorImpl.invoke(Unknown Source)
	at java.base/jdk.internal.reflect.DelegatingMethodAccessorImpl.invoke(Unknown Source)
	at java.base/java.lang.reflect.Method.invoke(Unknown Source)
	at org.junit.runners.model.FrameworkMethod$1.runReflectiveCall(FrameworkMethod.java:59)
	at org.junit.internal.runners.model.ReflectiveCallable.run(ReflectiveCallable.java:12)
	at org.junit.runners.model.FrameworkMethod.invokeExplosively(FrameworkMethod.java:56)
	at org.junit.internal.runners.statements.InvokeMethod.evaluate(InvokeMethod.java:17)
	at org.junit.internal.runners.statements.RunBefores.evaluate(RunBefores.java:26)
	at org.junit.runners.ParentRunner$3.evaluate(ParentRunner.java:306)
	at org.robolectric.RobolectricTestRunner$HelperTestRunner$1.evaluate(RobolectricTestRunner.java:591)
	at org.robolectric.internal.SandboxTestRunner$2.lambda$evaluate$0(SandboxTestRunner.java:274)
	at org.robolectric.internal.bytecode.Sandbox.lambda$runOnMainThread$0(Sandbox.java:88)
	at java.base/java.util.concurrent.FutureTask.run(Unknown Source)
	at java.base/java.util.concurrent.ThreadPoolExecutor.runWorker(Unknown Source)
	at java.base/java.util.concurrent.ThreadPoolExecutor$Worker.run(Unknown Source)
	at java.base/java.lang.Thread.run(Unknown Source)
</failure>
  </testcase>
  <testcase name="checkSeekBarAfterStop" classname="org.hyperskill.musicplayer.Stage3UnitTest" time="0.521">
    <failure message="java.lang.AssertionError: After changing controllerSeekBar progress as user with a stopped song the mediaPlayer should update its currentPosition and remain paused. On mediaPlayer currentPosition expected: 100000 found: 100" type="java.lang.AssertionError">java.lang.AssertionError: After changing controllerSeekBar progress as user with a stopped song the mediaPlayer should update its currentPosition and remain paused. On mediaPlayer currentPosition expected: 100000 found: 100
	at org.junit.Assert.fail(Assert.java:89)
	at org.junit.Assert.assertTrue(Assert.java:42)
	at org.hyperskill.musicplayer.internals.MusicPlayerUnitTests.assertController(MusicPlayerUnitTests.kt:486)
	at org.hyperskill.musicplayer.internals.MusicPlayerUnitTests.assertControllerPause(MusicPlayerUnitTests.kt:473)
	at org.hyperskill.musicplayer.Stage3UnitTest$checkSeekBarAfterStop$1.invoke(Stage3UnitTest.kt:275)
	at org.hyperskill.musicplayer.Stage3UnitTest$checkSeekBarAfterStop$1.invoke(Stage3UnitTest.kt:253)
	at org.hyperskill.musicplayer.internals.AbstractUnitTest.testActivity(AbstractUnitTest.kt:84)
	at org.hyperskill.musicplayer.internals.AbstractUnitTest.testActivity$default(AbstractUnitTest.kt:75)
	at org.hyperskill.musicplayer.Stage3UnitTest.checkSeekBarAfterStop(Stage3UnitTest.kt:253)
	at java.base/jdk.internal.reflect.NativeMethodAccessorImpl.invoke0(Native Method)
	at java.base/jdk.internal.reflect.NativeMethodAccessorImpl.invoke(Unknown Source)
	at java.base/jdk.internal.reflect.DelegatingMethodAccessorImpl.invoke(Unknown Source)
	at java.base/java.lang.reflect.Method.invoke(Unknown Source)
	at org.junit.runners.model.FrameworkMethod$1.runReflectiveCall(FrameworkMethod.java:59)
	at org.junit.internal.runners.model.ReflectiveCallable.run(ReflectiveCallable.java:12)
	at org.junit.runners.model.FrameworkMethod.invokeExplosively(FrameworkMethod.java:56)
	at org.junit.internal.runners.statements.InvokeMethod.evaluate(InvokeMethod.java:17)
	at org.junit.internal.runners.statements.RunBefores.evaluate(RunBefores.java:26)
	at org.junit.runners.ParentRunner$3.evaluate(ParentRunner.java:306)
	at org.robolectric.RobolectricTestRunner$HelperTestRunner$1.evaluate(RobolectricTestRunner.java:591)
	at org.robolectric.internal.SandboxTestRunner$2.lambda$evaluate$0(SandboxTestRunner.java:274)
	at org.robolectric.internal.bytecode.Sandbox.lambda$runOnMainThread$0(Sandbox.java:88)
	at java.base/java.util.concurrent.FutureTask.run(Unknown Source)
	at java.base/java.util.concurrent.ThreadPoolExecutor.runWorker(Unknown Source)
	at java.base/java.util.concurrent.ThreadPoolExecutor$Worker.run(Unknown Source)
	at java.base/java.lang.Thread.run(Unknown Source)
</failure>
  </testcase>
  <testcase name="checkSeekBarBeforePlaying" classname="org.hyperskill.musicplayer.Stage3UnitTest" time="0.227">
    <failure message="java.lang.AssertionError: After changing controllerSeekBar progress as user before playing a song the mediaPlayer should update its currentPosition and remain paused. On mediaPlayer currentPosition expected: 100000 found: 100" type="java.lang.AssertionError">java.lang.AssertionError: After changing controllerSeekBar progress as user before playing a song the mediaPlayer should update its currentPosition and remain paused. On mediaPlayer currentPosition expected: 100000 found: 100
	at org.junit.Assert.fail(Assert.java:89)
	at org.junit.Assert.assertTrue(Assert.java:42)
	at org.hyperskill.musicplayer.internals.MusicPlayerUnitTests.assertController(MusicPlayerUnitTests.kt:486)
	at org.hyperskill.musicplayer.internals.MusicPlayerUnitTests.assertControllerPause(MusicPlayerUnitTests.kt:473)
	at org.hyperskill.musicplayer.Stage3UnitTest$checkSeekBarBeforePlaying$1.invoke(Stage3UnitTest.kt:236)
	at org.hyperskill.musicplayer.Stage3UnitTest$checkSeekBarBeforePlaying$1.invoke(Stage3UnitTest.kt:215)
	at org.hyperskill.musicplayer.internals.AbstractUnitTest.testActivity(AbstractUnitTest.kt:84)
	at org.hyperskill.musicplayer.internals.AbstractUnitTest.testActivity$default(AbstractUnitTest.kt:75)
	at org.hyperskill.musicplayer.Stage3UnitTest.checkSeekBarBeforePlaying(Stage3UnitTest.kt:215)
	at java.base/jdk.internal.reflect.NativeMethodAccessorImpl.invoke0(Native Method)
	at java.base/jdk.internal.reflect.NativeMethodAccessorImpl.invoke(Unknown Source)
	at java.base/jdk.internal.reflect.DelegatingMethodAccessorImpl.invoke(Unknown Source)
	at java.base/java.lang.reflect.Method.invoke(Unknown Source)
	at org.junit.runners.model.FrameworkMethod$1.runReflectiveCall(FrameworkMethod.java:59)
	at org.junit.internal.runners.model.ReflectiveCallable.run(ReflectiveCallable.java:12)
	at org.junit.runners.model.FrameworkMethod.invokeExplosively(FrameworkMethod.java:56)
	at org.junit.internal.runners.statements.InvokeMethod.evaluate(InvokeMethod.java:17)
	at org.junit.internal.runners.statements.RunBefores.evaluate(RunBefores.java:26)
	at org.junit.runners.ParentRunner$3.evaluate(ParentRunner.java:306)
	at org.robolectric.RobolectricTestRunner$HelperTestRunner$1.evaluate(RobolectricTestRunner.java:591)
	at org.robolectric.internal.SandboxTestRunner$2.lambda$evaluate$0(SandboxTestRunner.java:274)
	at org.robolectric.internal.bytecode.Sandbox.lambda$runOnMainThread$0(Sandbox.java:88)
	at java.base/java.util.concurrent.FutureTask.run(Unknown Source)
	at java.base/java.util.concurrent.ThreadPoolExecutor.runWorker(Unknown Source)
	at java.base/java.util.concurrent.ThreadPoolExecutor$Worker.run(Unknown Source)
	at java.base/java.lang.Thread.run(Unknown Source)
</failure>
  </testcase>
  <testcase name="checkLoadPlaylistChangesSongIfCurrentSelectedSongNotInPlaylist" classname="org.hyperskill.musicplayer.Stage3UnitTest" time="0.262">
    <failure message="java.lang.AssertionError: A song should start playing after click on songItemImgBtnPlayPause. On mediaPlayer isPlaying expected:&lt;true&gt; but was:&lt;false&gt;" type="java.lang.AssertionError">java.lang.AssertionError: A song should start playing after click on songItemImgBtnPlayPause. On mediaPlayer isPlaying expected:&lt;true&gt; but was:&lt;false&gt;
	at org.junit.Assert.fail(Assert.java:89)
	at org.junit.Assert.failNotEquals(Assert.java:835)
	at org.junit.Assert.assertEquals(Assert.java:120)
	at org.hyperskill.musicplayer.internals.MusicPlayerUnitTests.assertController(MusicPlayerUnitTests.kt:483)
	at org.hyperskill.musicplayer.internals.MusicPlayerUnitTests.assertControllerPlay(MusicPlayerUnitTests.kt:469)
	at org.hyperskill.musicplayer.Stage3UnitTest$checkLoadPlaylistChangesSongIfCurrentSelectedSongNotInPlaylist$1$1.invoke(Stage3UnitTest.kt:782)
	at org.hyperskill.musicplayer.Stage3UnitTest$checkLoadPlaylistChangesSongIfCurrentSelectedSongNotInPlaylist$1$1.invoke(Stage3UnitTest.kt:774)
	at org.hyperskill.musicplayer.internals.MusicPlayerUnitTests.assertSingleListItem(MusicPlayerUnitTests.kt:258)
	at org.hyperskill.musicplayer.Stage3UnitTest$checkLoadPlaylistChangesSongIfCurrentSelectedSongNotInPlaylist$1.invoke(Stage3UnitTest.kt:774)
	at org.hyperskill.musicplayer.Stage3UnitTest$checkLoadPlaylistChangesSongIfCurrentSelectedSongNotInPlaylist$1.invoke(Stage3UnitTest.kt:763)
	at org.hyperskill.musicplayer.internals.AbstractUnitTest.testActivity(AbstractUnitTest.kt:84)
	at org.hyperskill.musicplayer.internals.AbstractUnitTest.testActivity$default(AbstractUnitTest.kt:75)
	at org.hyperskill.musicplayer.Stage3UnitTest.checkLoadPlaylistChangesSongIfCurrentSelectedSongNotInPlaylist(Stage3UnitTest.kt:763)
	at java.base/jdk.internal.reflect.NativeMethodAccessorImpl.invoke0(Native Method)
	at java.base/jdk.internal.reflect.NativeMethodAccessorImpl.invoke(Unknown Source)
	at java.base/jdk.internal.reflect.DelegatingMethodAccessorImpl.invoke(Unknown Source)
	at java.base/java.lang.reflect.Method.invoke(Unknown Source)
	at org.junit.runners.model.FrameworkMethod$1.runReflectiveCall(FrameworkMethod.java:59)
	at org.junit.internal.runners.model.ReflectiveCallable.run(ReflectiveCallable.java:12)
	at org.junit.runners.model.FrameworkMethod.invokeExplosively(FrameworkMethod.java:56)
	at org.junit.internal.runners.statements.InvokeMethod.evaluate(InvokeMethod.java:17)
	at org.junit.internal.runners.statements.RunBefores.evaluate(RunBefores.java:26)
	at org.junit.runners.ParentRunner$3.evaluate(ParentRunner.java:306)
	at org.robolectric.RobolectricTestRunner$HelperTestRunner$1.evaluate(RobolectricTestRunner.java:591)
	at org.robolectric.internal.SandboxTestRunner$2.lambda$evaluate$0(SandboxTestRunner.java:274)
	at org.robolectric.internal.bytecode.Sandbox.lambda$runOnMainThread$0(Sandbox.java:88)
	at java.base/java.util.concurrent.FutureTask.run(Unknown Source)
	at java.base/java.util.concurrent.ThreadPoolExecutor.runWorker(Unknown Source)
	at java.base/java.util.concurrent.ThreadPoolExecutor$Worker.run(Unknown Source)
	at java.base/java.lang.Thread.run(Unknown Source)
</failure>
  </testcase>
  <testcase name="checkCancelAddPlaylistKeepsPlayingCurrentSelectedSong" classname="org.hyperskill.musicplayer.Stage3UnitTest" time="0.212">
    <failure message="java.lang.AssertionError: A song should start playing after click on songItemImgBtnPlayPause On mediaPlayer isPlaying expected:&lt;true&gt; but was:&lt;false&gt;" type="java.lang.AssertionError">java.lang.AssertionError: A song should start playing after click on songItemImgBtnPlayPause On mediaPlayer isPlaying expected:&lt;true&gt; but was:&lt;false&gt;
	at org.junit.Assert.fail(Assert.java:89)
	at org.junit.Assert.failNotEquals(Assert.java:835)
	at org.junit.Assert.assertEquals(Assert.java:120)
	at org.hyperskill.musicplayer.internals.MusicPlayerUnitTests.assertController(MusicPlayerUnitTests.kt:483)
	at org.hyperskill.musicplayer.internals.MusicPlayerUnitTests.assertControllerPlay(MusicPlayerUnitTests.kt:469)
	at org.hyperskill.musicplayer.Stage3UnitTest$checkCancelAddPlaylistKeepsPlayingCurrentSelectedSong$1$1.invoke(Stage3UnitTest.kt:520)
	at org.hyperskill.musicplayer.Stage3UnitTest$checkCancelAddPlaylistKeepsPlayingCurrentSelectedSong$1$1.invoke(Stage3UnitTest.kt:511)
	at org.hyperskill.musicplayer.internals.MusicPlayerUnitTests.assertSingleListItem(MusicPlayerUnitTests.kt:258)
	at org.hyperskill.musicplayer.Stage3UnitTest$checkCancelAddPlaylistKeepsPlayingCurrentSelectedSong$1.invoke(Stage3UnitTest.kt:511)
	at org.hyperskill.musicplayer.Stage3UnitTest$checkCancelAddPlaylistKeepsPlayingCurrentSelectedSong$1.invoke(Stage3UnitTest.kt:499)
	at org.hyperskill.musicplayer.internals.AbstractUnitTest.testActivity(AbstractUnitTest.kt:84)
	at org.hyperskill.musicplayer.internals.AbstractUnitTest.testActivity$default(AbstractUnitTest.kt:75)
	at org.hyperskill.musicplayer.Stage3UnitTest.checkCancelAddPlaylistKeepsPlayingCurrentSelectedSong(Stage3UnitTest.kt:499)
	at java.base/jdk.internal.reflect.NativeMethodAccessorImpl.invoke0(Native Method)
	at java.base/jdk.internal.reflect.NativeMethodAccessorImpl.invoke(Unknown Source)
	at java.base/jdk.internal.reflect.DelegatingMethodAccessorImpl.invoke(Unknown Source)
	at java.base/java.lang.reflect.Method.invoke(Unknown Source)
	at org.junit.runners.model.FrameworkMethod$1.runReflectiveCall(FrameworkMethod.java:59)
	at org.junit.internal.runners.model.ReflectiveCallable.run(ReflectiveCallable.java:12)
	at org.junit.runners.model.FrameworkMethod.invokeExplosively(FrameworkMethod.java:56)
	at org.junit.internal.runners.statements.InvokeMethod.evaluate(InvokeMethod.java:17)
	at org.junit.internal.runners.statements.RunBefores.evaluate(RunBefores.java:26)
	at org.junit.runners.ParentRunner$3.evaluate(ParentRunner.java:306)
	at org.robolectric.RobolectricTestRunner$HelperTestRunner$1.evaluate(RobolectricTestRunner.java:591)
	at org.robolectric.internal.SandboxTestRunner$2.lambda$evaluate$0(SandboxTestRunner.java:274)
	at org.robolectric.internal.bytecode.Sandbox.lambda$runOnMainThread$0(Sandbox.java:88)
	at java.base/java.util.concurrent.FutureTask.run(Unknown Source)
	at java.base/java.util.concurrent.ThreadPoolExecutor.runWorker(Unknown Source)
	at java.base/java.util.concurrent.ThreadPoolExecutor$Worker.run(Unknown Source)
	at java.base/java.lang.Thread.run(Unknown Source)
</failure>
  </testcase>
  <system-out><![CDATA[Called loadFromPath(/system/framework/framework-res.apk, true); mode=binary sdk=29
resources.arsc in APK '/Users/mikhailshauchenka/.m2/repository/org/robolectric/android-all-instrumented/10-robolectric-5803371-i3/android-all-instrumented-10-robolectric-5803371-i3.jar' is compressed.
]]></system-out>
  <system-err><![CDATA[]]></system-err>
</testsuite>
