<?xml version="1.0" encoding="UTF-8"?>
<testsuite name="org.hyperskill.musicplayer.Stage5UnitTest" tests="6" skipped="0" failures="6" errors="0" timestamp="2024-02-27T15:21:24" hostname="Kristinas-MacBook-Pro.local" time="18.509">
  <properties/>
  <testcase name="checkDatabaseDifferentPlaylistSaves" classname="org.hyperskill.musicplayer.Stage5UnitTest" time="12.488">
    <failure message="java.lang.AssertionError: Exception. Test failed on activity execution with android.database.sqlite.SQLiteException: Cannot prepare statement, base error code: 1&#10;android.database.sqlite.SQLiteException: Cannot prepare statement, base error code: 1&#10;&#9;at org.robolectric.shadows.ShadowLegacySQLiteConnection$Connections.getSqliteException(ShadowLegacySQLiteConnection.java:893)&#10;&#9;at org.robolectric.shadows.ShadowLegacySQLiteConnection$Connections.getFuture(ShadowLegacySQLiteConnection.java:861)&#10;&#9;at org.robolectric.shadows.ShadowLegacySQLiteConnection$Connections.lambda$execute$1(ShadowLegacySQLiteConnection.java:849)&#10;&#9;at org.robolectric.util.PerfStatsCollector.measure(PerfStatsCollector.java:53)&#10;&#9;at org.robolectric.shadows.ShadowLegacySQLiteConnection$Connections.execute(ShadowLegacySQLiteConnection.java:849)&#10;&#9;at org.robolectric.shadows.ShadowLegacySQLiteConnection$Connections.prepareStatement(ShadowLegacySQLiteConnection.java:472)&#10;&#9;at org.robolectric.shadows.ShadowLegacySQLiteConnection.nativePrepareStatement(ShadowLegacySQLiteConnection.java:94)&#10;&#9;at android.database.sqlite.SQLiteConnection.nativePrepareStatement(SQLiteConnection.java)&#10;&#9;at android.database.sqlite.SQLiteConnection.acquirePreparedStatement(SQLiteConnection.java:986)&#10;&#9;at android.database.sqlite.SQLiteConnection.prepare(SQLiteConnection.java:593)&#10;&#9;at android.database.sqlite.SQLiteSession.prepare(SQLiteSession.java:590)&#10;&#9;at android.database.sqlite.SQLiteProgram.__constructor__(SQLiteProgram.java:61)&#10;&#9;at android.database.sqlite.SQLiteProgram.&lt;init&gt;(SQLiteProgram.java)&#10;&#9;at android.database.sqlite.SQLiteQuery.&lt;init&gt;(SQLiteQuery.java)&#10;&#9;at android.database.sqlite.SQLiteDirectCursorDriver.query(SQLiteDirectCursorDriver.java:46)&#10;&#9;at android.database.sqlite.SQLiteDatabase.rawQueryWithFactory(SQLiteDatabase.java:1443)&#10;&#9;at android.database.sqlite.SQLiteDatabase.queryWithFactory(SQLiteDatabase.java:1290)&#10;&#9;at android.database.sqlite.SQLiteDatabase.query(SQLiteDatabase.java:1161)&#10;&#9;at android.database.sqlite.SQLiteDatabase.query(SQLiteDatabase.java:1329)&#10;&#9;at org.hyperskill.musicplayer.Stage5UnitTest$checkDatabaseDifferentPlaylistSaves$1.invoke(Stage5UnitTest.kt:323)&#10;&#9;at org.hyperskill.musicplayer.Stage5UnitTest$checkDatabaseDifferentPlaylistSaves$1.invoke(Stage5UnitTest.kt:286)&#10;&#9;at org.hyperskill.musicplayer.internals.AbstractUnitTest.testActivity(AbstractUnitTest.kt:84)&#10;&#9;at org.hyperskill.musicplayer.internals.AbstractUnitTest.testActivity$default(AbstractUnitTest.kt:75)&#10;&#9;at org.hyperskill.musicplayer.Stage5UnitTest.checkDatabaseDifferentPlaylistSaves(Stage5UnitTest.kt:286)&#10;&#9;at java.base/jdk.internal.reflect.NativeMethodAccessorImpl.invoke0(Native Method)&#10;&#9;at java.base/jdk.internal.reflect.NativeMethodAccessorImpl.invoke(Unknown Source)&#10;&#9;at java.base/jdk.internal.reflect.DelegatingMethodAccessorImpl.invoke(Unknown Source)&#10;&#9;at org.junit.runners.model.FrameworkMethod$1.runReflectiveCall(FrameworkMethod.java:59)&#10;&#9;at org.junit.internal.runners.model.ReflectiveCallable.run(ReflectiveCallable.java:12)&#10;&#9;at org.junit.runners.model.FrameworkMethod.invokeExplosively(FrameworkMethod.java:56)&#10;&#9;at org.junit.internal.runners.statements.InvokeMethod.evaluate(InvokeMethod.java:17)&#10;&#9;at org.junit.internal.runners.statements.RunBefores.evaluate(RunBefores.java:26)&#10;&#9;at org.junit.runners.ParentRunner$3.evaluate(ParentRunner.java:306)&#10;&#9;at org.robolectric.RobolectricTestRunner$HelperTestRunner$1.evaluate(RobolectricTestRunner.java:591)&#10;&#9;at org.robolectric.internal.SandboxTestRunner$2.lambda$evaluate$0(SandboxTestRunner.java:274)&#10;&#9;at org.robolectric.internal.bytecode.Sandbox.lambda$runOnMainThread$0(Sandbox.java:88)&#10;&#9;at java.base/java.util.concurrent.FutureTask.run(Unknown Source)&#10;&#9;at java.base/java.util.concurrent.ThreadPoolExecutor.runWorker(Unknown Source)&#10;&#9;at java.base/java.util.concurrent.ThreadPoolExecutor$Worker.run(Unknown Source)&#10;&#9;at java.base/java.lang.Thread.run(Unknown Source)&#10;Caused by: java.util.concurrent.ExecutionException: com.almworks.sqlite4java.SQLiteException: [1] DB[3] prepare() SELECT * FROM playlist [no such table: playlist]&#10;&#9;at java.base/java.util.concurrent.FutureTask.report(Unknown Source)&#10;&#9;at java.base/java.util.concurrent.FutureTask.get(Unknown Source)&#10;&#9;at com.google.common.util.concurrent.Uninterruptibles.getUninterruptibly(Uninterruptibles.java:199)&#10;&#9;at org.robolectric.shadows.ShadowLegacySQLiteConnection$Connections.getFuture(ShadowLegacySQLiteConnection.java:855)&#10;&#9;at org.robolectric.shadows.ShadowLegacySQLiteConnection$Connections.lambda$execute$1(ShadowLegacySQLiteConnection.java:849)&#10;&#9;at org.robolectric.util.PerfStatsCollector.measure(PerfStatsCollector.java:53)&#10;&#9;at org.robolectric.shadows.ShadowLegacySQLiteConnection$Connections.execute(ShadowLegacySQLiteConnection.java:849)&#10;&#9;at org.robolectric.shadows.ShadowLegacySQLiteConnection$Connections.prepareStatement(ShadowLegacySQLiteConnection.java:472)&#10;&#9;at org.robolectric.shadows.ShadowLegacySQLiteConnection.nativePrepareStatement(ShadowLegacySQLiteConnection.java:94)&#10;&#9;at android.database.sqlite.SQLiteConnection.nativePrepareStatement(SQLiteConnection.java)&#10;&#9;at android.database.sqlite.SQLiteConnection.$$robo$$android_database_sqlite_SQLiteConnection$acquirePreparedStatement(SQLiteConnection.java:986)&#10;&#9;at android.database.sqlite.SQLiteConnection.acquirePreparedStatement(SQLiteConnection.java)&#10;&#9;at android.database.sqlite.SQLiteConnection.$$robo$$android_database_sqlite_SQLiteConnection$prepare(SQLiteConnection.java:593)&#10;&#9;at android.database.sqlite.SQLiteConnection.prepare(SQLiteConnection.java)&#10;&#9;at android.database.sqlite.SQLiteSession.$$robo$$android_database_sqlite_SQLiteSession$prepare(SQLiteSession.java:590)&#10;&#9;at android.database.sqlite.SQLiteSession.prepare(SQLiteSession.java)&#10;&#9;at android.database.sqlite.SQLiteProgram.$$robo$$android_database_sqlite_SQLiteProgram$__constructor__(SQLiteProgram.java:61)&#10;&#9;at android.database.sqlite.SQLiteProgram.&lt;init&gt;(SQLiteProgram.java)&#10;&#9;at android.database.sqlite.SQLiteQuery.&lt;init&gt;(SQLiteQuery.java)&#10;&#9;at android.database.sqlite.SQLiteDirectCursorDriver.$$robo$$android_database_sqlite_SQLiteDirectCursorDriver$query(SQLiteDirectCursorDriver.java:46)&#10;&#9;at android.database.sqlite.SQLiteDirectCursorDriver.query(SQLiteDirectCursorDriver.java)&#10;&#9;at android.database.sqlite.SQLiteDatabase.$$robo$$android_database_sqlite_SQLiteDatabase$rawQueryWithFactory(SQLiteDatabase.java:1443)&#10;&#9;at android.database.sqlite.SQLiteDatabase.rawQueryWithFactory(SQLiteDatabase.java)&#10;&#9;at android.database.sqlite.SQLiteDatabase.$$robo$$android_database_sqlite_SQLiteDatabase$queryWithFactory(SQLiteDatabase.java:1290)&#10;&#9;at android.database.sqlite.SQLiteDatabase.queryWithFactory(SQLiteDatabase.java)&#10;&#9;at android.database.sqlite.SQLiteDatabase.$$robo$$android_database_sqlite_SQLiteDatabase$query(SQLiteDatabase.java:1161)&#10;&#9;at android.database.sqlite.SQLiteDatabase.query(SQLiteDatabase.java)&#10;&#9;at android.database.sqlite.SQLiteDatabase.$$robo$$android_database_sqlite_SQLiteDatabase$query(SQLiteDatabase.java:1329)&#10;&#9;at android.database.sqlite.SQLiteDatabase.query(SQLiteDatabase.java)&#10;&#9;at org.hyperskill.musicplayer.Stage5UnitTest$checkDatabaseDifferentPlaylistSaves$1.invoke(Stage5UnitTest.kt:323)&#10;&#9;at org.hyperskill.musicplayer.Stage5UnitTest$checkDatabaseDifferentPlaylistSaves$1.invoke(Stage5UnitTest.kt:286)&#10;&#9;at org.hyperskill.musicplayer.internals.AbstractUnitTest.testActivity(AbstractUnitTest.kt:84)&#10;&#9;at org.hyperskill.musicplayer.internals.AbstractUnitTest.testActivity$default(AbstractUnitTest.kt:75)&#10;&#9;at org.hyperskill.musicplayer.Stage5UnitTest.checkDatabaseDifferentPlaylistSaves(Stage5UnitTest.kt:286)&#10;&#9;at java.base/jdk.internal.reflect.NativeMethodAccessorImpl.invoke0(Native Method)&#10;&#9;at java.base/jdk.internal.reflect.NativeMethodAccessorImpl.invoke(Unknown Source)&#10;&#9;at java.base/jdk.internal.reflect.DelegatingMethodAccessorImpl.invoke(Unknown Source)&#10;&#9;at java.base/java.lang.reflect.Method.invoke(Unknown Source)&#10;&#9;... 13 more&#10;Caused by: com.almworks.sqlite4java.SQLiteException: [1] DB[3] prepare() SELECT * FROM playlist [no such table: playlist]&#10;&#9;at com.almworks.sqlite4java.SQLiteConnection.throwResult(SQLiteConnection.java:1436)&#10;&#9;at com.almworks.sqlite4java.SQLiteConnection.prepare(SQLiteConnection.java:580)&#10;&#9;at com.almworks.sqlite4java.SQLiteConnection.prepare(SQLiteConnection.java:635)&#10;&#9;at com.almworks.sqlite4java.SQLiteConnection.prepare(SQLiteConnection.java:622)&#10;&#9;at org.robolectric.shadows.ShadowLegacySQLiteConnection$Connections$2.call(ShadowLegacySQLiteConnection.java:477)&#10;&#9;at org.robolectric.shadows.ShadowLegacySQLiteConnection$Connections$2.call(ShadowLegacySQLiteConnection.java:474)&#10;&#9;... 4 more&#10;" type="java.lang.AssertionError">java.lang.AssertionError: Exception. Test failed on activity execution with android.database.sqlite.SQLiteException: Cannot prepare statement, base error code: 1
android.database.sqlite.SQLiteException: Cannot prepare statement, base error code: 1
	at org.robolectric.shadows.ShadowLegacySQLiteConnection$Connections.getSqliteException(ShadowLegacySQLiteConnection.java:893)
	at org.robolectric.shadows.ShadowLegacySQLiteConnection$Connections.getFuture(ShadowLegacySQLiteConnection.java:861)
	at org.robolectric.shadows.ShadowLegacySQLiteConnection$Connections.lambda$execute$1(ShadowLegacySQLiteConnection.java:849)
	at org.robolectric.util.PerfStatsCollector.measure(PerfStatsCollector.java:53)
	at org.robolectric.shadows.ShadowLegacySQLiteConnection$Connections.execute(ShadowLegacySQLiteConnection.java:849)
	at org.robolectric.shadows.ShadowLegacySQLiteConnection$Connections.prepareStatement(ShadowLegacySQLiteConnection.java:472)
	at org.robolectric.shadows.ShadowLegacySQLiteConnection.nativePrepareStatement(ShadowLegacySQLiteConnection.java:94)
	at android.database.sqlite.SQLiteConnection.nativePrepareStatement(SQLiteConnection.java)
	at android.database.sqlite.SQLiteConnection.acquirePreparedStatement(SQLiteConnection.java:986)
	at android.database.sqlite.SQLiteConnection.prepare(SQLiteConnection.java:593)
	at android.database.sqlite.SQLiteSession.prepare(SQLiteSession.java:590)
	at android.database.sqlite.SQLiteProgram.__constructor__(SQLiteProgram.java:61)
	at android.database.sqlite.SQLiteProgram.&lt;init&gt;(SQLiteProgram.java)
	at android.database.sqlite.SQLiteQuery.&lt;init&gt;(SQLiteQuery.java)
	at android.database.sqlite.SQLiteDirectCursorDriver.query(SQLiteDirectCursorDriver.java:46)
	at android.database.sqlite.SQLiteDatabase.rawQueryWithFactory(SQLiteDatabase.java:1443)
	at android.database.sqlite.SQLiteDatabase.queryWithFactory(SQLiteDatabase.java:1290)
	at android.database.sqlite.SQLiteDatabase.query(SQLiteDatabase.java:1161)
	at android.database.sqlite.SQLiteDatabase.query(SQLiteDatabase.java:1329)
	at org.hyperskill.musicplayer.Stage5UnitTest$checkDatabaseDifferentPlaylistSaves$1.invoke(Stage5UnitTest.kt:323)
	at org.hyperskill.musicplayer.Stage5UnitTest$checkDatabaseDifferentPlaylistSaves$1.invoke(Stage5UnitTest.kt:286)
	at org.hyperskill.musicplayer.internals.AbstractUnitTest.testActivity(AbstractUnitTest.kt:84)
	at org.hyperskill.musicplayer.internals.AbstractUnitTest.testActivity$default(AbstractUnitTest.kt:75)
	at org.hyperskill.musicplayer.Stage5UnitTest.checkDatabaseDifferentPlaylistSaves(Stage5UnitTest.kt:286)
	at java.base/jdk.internal.reflect.NativeMethodAccessorImpl.invoke0(Native Method)
	at java.base/jdk.internal.reflect.NativeMethodAccessorImpl.invoke(Unknown Source)
	at java.base/jdk.internal.reflect.DelegatingMethodAccessorImpl.invoke(Unknown Source)
	at org.junit.runners.model.FrameworkMethod$1.runReflectiveCall(FrameworkMethod.java:59)
	at org.junit.internal.runners.model.ReflectiveCallable.run(ReflectiveCallable.java:12)
	at org.junit.runners.model.FrameworkMethod.invokeExplosively(FrameworkMethod.java:56)
	at org.junit.internal.runners.statements.InvokeMethod.evaluate(InvokeMethod.java:17)
	at org.junit.internal.runners.statements.RunBefores.evaluate(RunBefores.java:26)
	at org.junit.runners.ParentRunner$3.evaluate(ParentRunner.java:306)
	at org.robolectric.RobolectricTestRunner$HelperTestRunner$1.evaluate(RobolectricTestRunner.java:591)
	at org.robolectric.internal.SandboxTestRunner$2.lambda$evaluate$0(SandboxTestRunner.java:274)
	at org.robolectric.internal.bytecode.Sandbox.lambda$runOnMainThread$0(Sandbox.java:88)
	at java.base/java.util.concurrent.FutureTask.run(Unknown Source)
	at java.base/java.util.concurrent.ThreadPoolExecutor.runWorker(Unknown Source)
	at java.base/java.util.concurrent.ThreadPoolExecutor$Worker.run(Unknown Source)
	at java.base/java.lang.Thread.run(Unknown Source)
Caused by: java.util.concurrent.ExecutionException: com.almworks.sqlite4java.SQLiteException: [1] DB[3] prepare() SELECT * FROM playlist [no such table: playlist]
	at java.base/java.util.concurrent.FutureTask.report(Unknown Source)
	at java.base/java.util.concurrent.FutureTask.get(Unknown Source)
	at com.google.common.util.concurrent.Uninterruptibles.getUninterruptibly(Uninterruptibles.java:199)
	at org.robolectric.shadows.ShadowLegacySQLiteConnection$Connections.getFuture(ShadowLegacySQLiteConnection.java:855)
	at org.robolectric.shadows.ShadowLegacySQLiteConnection$Connections.lambda$execute$1(ShadowLegacySQLiteConnection.java:849)
	at org.robolectric.util.PerfStatsCollector.measure(PerfStatsCollector.java:53)
	at org.robolectric.shadows.ShadowLegacySQLiteConnection$Connections.execute(ShadowLegacySQLiteConnection.java:849)
	at org.robolectric.shadows.ShadowLegacySQLiteConnection$Connections.prepareStatement(ShadowLegacySQLiteConnection.java:472)
	at org.robolectric.shadows.ShadowLegacySQLiteConnection.nativePrepareStatement(ShadowLegacySQLiteConnection.java:94)
	at android.database.sqlite.SQLiteConnection.nativePrepareStatement(SQLiteConnection.java)
	at android.database.sqlite.SQLiteConnection.$$robo$$android_database_sqlite_SQLiteConnection$acquirePreparedStatement(SQLiteConnection.java:986)
	at android.database.sqlite.SQLiteConnection.acquirePreparedStatement(SQLiteConnection.java)
	at android.database.sqlite.SQLiteConnection.$$robo$$android_database_sqlite_SQLiteConnection$prepare(SQLiteConnection.java:593)
	at android.database.sqlite.SQLiteConnection.prepare(SQLiteConnection.java)
	at android.database.sqlite.SQLiteSession.$$robo$$android_database_sqlite_SQLiteSession$prepare(SQLiteSession.java:590)
	at android.database.sqlite.SQLiteSession.prepare(SQLiteSession.java)
	at android.database.sqlite.SQLiteProgram.$$robo$$android_database_sqlite_SQLiteProgram$__constructor__(SQLiteProgram.java:61)
	at android.database.sqlite.SQLiteProgram.&lt;init&gt;(SQLiteProgram.java)
	at android.database.sqlite.SQLiteQuery.&lt;init&gt;(SQLiteQuery.java)
	at android.database.sqlite.SQLiteDirectCursorDriver.$$robo$$android_database_sqlite_SQLiteDirectCursorDriver$query(SQLiteDirectCursorDriver.java:46)
	at android.database.sqlite.SQLiteDirectCursorDriver.query(SQLiteDirectCursorDriver.java)
	at android.database.sqlite.SQLiteDatabase.$$robo$$android_database_sqlite_SQLiteDatabase$rawQueryWithFactory(SQLiteDatabase.java:1443)
	at android.database.sqlite.SQLiteDatabase.rawQueryWithFactory(SQLiteDatabase.java)
	at android.database.sqlite.SQLiteDatabase.$$robo$$android_database_sqlite_SQLiteDatabase$queryWithFactory(SQLiteDatabase.java:1290)
	at android.database.sqlite.SQLiteDatabase.queryWithFactory(SQLiteDatabase.java)
	at android.database.sqlite.SQLiteDatabase.$$robo$$android_database_sqlite_SQLiteDatabase$query(SQLiteDatabase.java:1161)
	at android.database.sqlite.SQLiteDatabase.query(SQLiteDatabase.java)
	at android.database.sqlite.SQLiteDatabase.$$robo$$android_database_sqlite_SQLiteDatabase$query(SQLiteDatabase.java:1329)
	at android.database.sqlite.SQLiteDatabase.query(SQLiteDatabase.java)
	at org.hyperskill.musicplayer.Stage5UnitTest$checkDatabaseDifferentPlaylistSaves$1.invoke(Stage5UnitTest.kt:323)
	at org.hyperskill.musicplayer.Stage5UnitTest$checkDatabaseDifferentPlaylistSaves$1.invoke(Stage5UnitTest.kt:286)
	at org.hyperskill.musicplayer.internals.AbstractUnitTest.testActivity(AbstractUnitTest.kt:84)
	at org.hyperskill.musicplayer.internals.AbstractUnitTest.testActivity$default(AbstractUnitTest.kt:75)
	at org.hyperskill.musicplayer.Stage5UnitTest.checkDatabaseDifferentPlaylistSaves(Stage5UnitTest.kt:286)
	at java.base/jdk.internal.reflect.NativeMethodAccessorImpl.invoke0(Native Method)
	at java.base/jdk.internal.reflect.NativeMethodAccessorImpl.invoke(Unknown Source)
	at java.base/jdk.internal.reflect.DelegatingMethodAccessorImpl.invoke(Unknown Source)
	at java.base/java.lang.reflect.Method.invoke(Unknown Source)
	... 13 more
Caused by: com.almworks.sqlite4java.SQLiteException: [1] DB[3] prepare() SELECT * FROM playlist [no such table: playlist]
	at com.almworks.sqlite4java.SQLiteConnection.throwResult(SQLiteConnection.java:1436)
	at com.almworks.sqlite4java.SQLiteConnection.prepare(SQLiteConnection.java:580)
	at com.almworks.sqlite4java.SQLiteConnection.prepare(SQLiteConnection.java:635)
	at com.almworks.sqlite4java.SQLiteConnection.prepare(SQLiteConnection.java:622)
	at org.robolectric.shadows.ShadowLegacySQLiteConnection$Connections$2.call(ShadowLegacySQLiteConnection.java:477)
	at org.robolectric.shadows.ShadowLegacySQLiteConnection$Connections$2.call(ShadowLegacySQLiteConnection.java:474)
	... 4 more

	at org.hyperskill.musicplayer.internals.AbstractUnitTest.testActivity(AbstractUnitTest.kt:86)
	at org.hyperskill.musicplayer.internals.AbstractUnitTest.testActivity$default(AbstractUnitTest.kt:75)
	at org.hyperskill.musicplayer.Stage5UnitTest.checkDatabaseDifferentPlaylistSaves(Stage5UnitTest.kt:286)
	at java.base/jdk.internal.reflect.NativeMethodAccessorImpl.invoke0(Native Method)
	at java.base/jdk.internal.reflect.NativeMethodAccessorImpl.invoke(Unknown Source)
	at java.base/jdk.internal.reflect.DelegatingMethodAccessorImpl.invoke(Unknown Source)
	at java.base/java.lang.reflect.Method.invoke(Unknown Source)
	at org.junit.runners.model.FrameworkMethod$1.runReflectiveCall(FrameworkMethod.java:59)
	at org.junit.internal.runners.model.ReflectiveCallable.run(ReflectiveCallable.java:12)
	at org.junit.runners.model.FrameworkMethod.invokeExplosively(FrameworkMethod.java:56)
	at org.junit.internal.runners.statements.InvokeMethod.evaluate(InvokeMethod.java:17)
	at org.junit.internal.runners.statements.RunBefores.evaluate(RunBefores.java:26)
	at org.junit.runners.ParentRunner$3.evaluate(ParentRunner.java:306)
	at org.robolectric.RobolectricTestRunner$HelperTestRunner$1.evaluate(RobolectricTestRunner.java:591)
	at org.robolectric.internal.SandboxTestRunner$2.lambda$evaluate$0(SandboxTestRunner.java:274)
	at org.robolectric.internal.bytecode.Sandbox.lambda$runOnMainThread$0(Sandbox.java:88)
	at java.base/java.util.concurrent.FutureTask.run(Unknown Source)
	at java.base/java.util.concurrent.ThreadPoolExecutor.runWorker(Unknown Source)
	at java.base/java.util.concurrent.ThreadPoolExecutor$Worker.run(Unknown Source)
	at java.base/java.lang.Thread.run(Unknown Source)
</failure>
  </testcase>
  <testcase name="checkDatabaseDataAfterPlaylistSave" classname="org.hyperskill.musicplayer.Stage5UnitTest" time="1.241">
    <failure message="java.lang.AssertionError: Exception. Test failed on activity execution with android.database.sqlite.SQLiteException: Cannot prepare statement, base error code: 1&#10;android.database.sqlite.SQLiteException: Cannot prepare statement, base error code: 1&#10;&#9;at org.robolectric.shadows.ShadowLegacySQLiteConnection$Connections.getSqliteException(ShadowLegacySQLiteConnection.java:893)&#10;&#9;at org.robolectric.shadows.ShadowLegacySQLiteConnection$Connections.getFuture(ShadowLegacySQLiteConnection.java:861)&#10;&#9;at org.robolectric.shadows.ShadowLegacySQLiteConnection$Connections.lambda$execute$1(ShadowLegacySQLiteConnection.java:849)&#10;&#9;at org.robolectric.util.PerfStatsCollector.measure(PerfStatsCollector.java:53)&#10;&#9;at org.robolectric.shadows.ShadowLegacySQLiteConnection$Connections.execute(ShadowLegacySQLiteConnection.java:849)&#10;&#9;at org.robolectric.shadows.ShadowLegacySQLiteConnection$Connections.prepareStatement(ShadowLegacySQLiteConnection.java:472)&#10;&#9;at org.robolectric.shadows.ShadowLegacySQLiteConnection.nativePrepareStatement(ShadowLegacySQLiteConnection.java:94)&#10;&#9;at android.database.sqlite.SQLiteConnection.nativePrepareStatement(SQLiteConnection.java)&#10;&#9;at android.database.sqlite.SQLiteConnection.acquirePreparedStatement(SQLiteConnection.java:986)&#10;&#9;at android.database.sqlite.SQLiteConnection.prepare(SQLiteConnection.java:593)&#10;&#9;at android.database.sqlite.SQLiteSession.prepare(SQLiteSession.java:590)&#10;&#9;at android.database.sqlite.SQLiteProgram.__constructor__(SQLiteProgram.java:61)&#10;&#9;at android.database.sqlite.SQLiteProgram.&lt;init&gt;(SQLiteProgram.java)&#10;&#9;at android.database.sqlite.SQLiteQuery.&lt;init&gt;(SQLiteQuery.java)&#10;&#9;at android.database.sqlite.SQLiteDirectCursorDriver.query(SQLiteDirectCursorDriver.java:46)&#10;&#9;at android.database.sqlite.SQLiteDatabase.rawQueryWithFactory(SQLiteDatabase.java:1443)&#10;&#9;at android.database.sqlite.SQLiteDatabase.queryWithFactory(SQLiteDatabase.java:1290)&#10;&#9;at android.database.sqlite.SQLiteDatabase.query(SQLiteDatabase.java:1161)&#10;&#9;at android.database.sqlite.SQLiteDatabase.query(SQLiteDatabase.java:1329)&#10;&#9;at org.hyperskill.musicplayer.Stage5UnitTest$checkDatabaseDataAfterPlaylistSave$1.invoke(Stage5UnitTest.kt:95)&#10;&#9;at org.hyperskill.musicplayer.Stage5UnitTest$checkDatabaseDataAfterPlaylistSave$1.invoke(Stage5UnitTest.kt:73)&#10;&#9;at org.hyperskill.musicplayer.internals.AbstractUnitTest.testActivity(AbstractUnitTest.kt:84)&#10;&#9;at org.hyperskill.musicplayer.internals.AbstractUnitTest.testActivity$default(AbstractUnitTest.kt:75)&#10;&#9;at org.hyperskill.musicplayer.Stage5UnitTest.checkDatabaseDataAfterPlaylistSave(Stage5UnitTest.kt:73)&#10;&#9;at java.base/jdk.internal.reflect.NativeMethodAccessorImpl.invoke0(Native Method)&#10;&#9;at java.base/jdk.internal.reflect.NativeMethodAccessorImpl.invoke(Unknown Source)&#10;&#9;at java.base/jdk.internal.reflect.DelegatingMethodAccessorImpl.invoke(Unknown Source)&#10;&#9;at org.junit.runners.model.FrameworkMethod$1.runReflectiveCall(FrameworkMethod.java:59)&#10;&#9;at org.junit.internal.runners.model.ReflectiveCallable.run(ReflectiveCallable.java:12)&#10;&#9;at org.junit.runners.model.FrameworkMethod.invokeExplosively(FrameworkMethod.java:56)&#10;&#9;at org.junit.internal.runners.statements.InvokeMethod.evaluate(InvokeMethod.java:17)&#10;&#9;at org.junit.internal.runners.statements.RunBefores.evaluate(RunBefores.java:26)&#10;&#9;at org.junit.runners.ParentRunner$3.evaluate(ParentRunner.java:306)&#10;&#9;at org.robolectric.RobolectricTestRunner$HelperTestRunner$1.evaluate(RobolectricTestRunner.java:591)&#10;&#9;at org.robolectric.internal.SandboxTestRunner$2.lambda$evaluate$0(SandboxTestRunner.java:274)&#10;&#9;at org.robolectric.internal.bytecode.Sandbox.lambda$runOnMainThread$0(Sandbox.java:88)&#10;&#9;at java.base/java.util.concurrent.FutureTask.run(Unknown Source)&#10;&#9;at java.base/java.util.concurrent.ThreadPoolExecutor.runWorker(Unknown Source)&#10;&#9;at java.base/java.util.concurrent.ThreadPoolExecutor$Worker.run(Unknown Source)&#10;&#9;at java.base/java.lang.Thread.run(Unknown Source)&#10;Caused by: java.util.concurrent.ExecutionException: com.almworks.sqlite4java.SQLiteException: [1] DB[5] prepare() SELECT * FROM playlist [no such table: playlist]&#10;&#9;at java.base/java.util.concurrent.FutureTask.report(Unknown Source)&#10;&#9;at java.base/java.util.concurrent.FutureTask.get(Unknown Source)&#10;&#9;at com.google.common.util.concurrent.Uninterruptibles.getUninterruptibly(Uninterruptibles.java:199)&#10;&#9;at org.robolectric.shadows.ShadowLegacySQLiteConnection$Connections.getFuture(ShadowLegacySQLiteConnection.java:855)&#10;&#9;at org.robolectric.shadows.ShadowLegacySQLiteConnection$Connections.lambda$execute$1(ShadowLegacySQLiteConnection.java:849)&#10;&#9;at org.robolectric.util.PerfStatsCollector.measure(PerfStatsCollector.java:53)&#10;&#9;at org.robolectric.shadows.ShadowLegacySQLiteConnection$Connections.execute(ShadowLegacySQLiteConnection.java:849)&#10;&#9;at org.robolectric.shadows.ShadowLegacySQLiteConnection$Connections.prepareStatement(ShadowLegacySQLiteConnection.java:472)&#10;&#9;at org.robolectric.shadows.ShadowLegacySQLiteConnection.nativePrepareStatement(ShadowLegacySQLiteConnection.java:94)&#10;&#9;at android.database.sqlite.SQLiteConnection.nativePrepareStatement(SQLiteConnection.java)&#10;&#9;at android.database.sqlite.SQLiteConnection.$$robo$$android_database_sqlite_SQLiteConnection$acquirePreparedStatement(SQLiteConnection.java:986)&#10;&#9;at android.database.sqlite.SQLiteConnection.acquirePreparedStatement(SQLiteConnection.java)&#10;&#9;at android.database.sqlite.SQLiteConnection.$$robo$$android_database_sqlite_SQLiteConnection$prepare(SQLiteConnection.java:593)&#10;&#9;at android.database.sqlite.SQLiteConnection.prepare(SQLiteConnection.java)&#10;&#9;at android.database.sqlite.SQLiteSession.$$robo$$android_database_sqlite_SQLiteSession$prepare(SQLiteSession.java:590)&#10;&#9;at android.database.sqlite.SQLiteSession.prepare(SQLiteSession.java)&#10;&#9;at android.database.sqlite.SQLiteProgram.$$robo$$android_database_sqlite_SQLiteProgram$__constructor__(SQLiteProgram.java:61)&#10;&#9;at android.database.sqlite.SQLiteProgram.&lt;init&gt;(SQLiteProgram.java)&#10;&#9;at android.database.sqlite.SQLiteQuery.&lt;init&gt;(SQLiteQuery.java)&#10;&#9;at android.database.sqlite.SQLiteDirectCursorDriver.$$robo$$android_database_sqlite_SQLiteDirectCursorDriver$query(SQLiteDirectCursorDriver.java:46)&#10;&#9;at android.database.sqlite.SQLiteDirectCursorDriver.query(SQLiteDirectCursorDriver.java)&#10;&#9;at android.database.sqlite.SQLiteDatabase.$$robo$$android_database_sqlite_SQLiteDatabase$rawQueryWithFactory(SQLiteDatabase.java:1443)&#10;&#9;at android.database.sqlite.SQLiteDatabase.rawQueryWithFactory(SQLiteDatabase.java)&#10;&#9;at android.database.sqlite.SQLiteDatabase.$$robo$$android_database_sqlite_SQLiteDatabase$queryWithFactory(SQLiteDatabase.java:1290)&#10;&#9;at android.database.sqlite.SQLiteDatabase.queryWithFactory(SQLiteDatabase.java)&#10;&#9;at android.database.sqlite.SQLiteDatabase.$$robo$$android_database_sqlite_SQLiteDatabase$query(SQLiteDatabase.java:1161)&#10;&#9;at android.database.sqlite.SQLiteDatabase.query(SQLiteDatabase.java)&#10;&#9;at android.database.sqlite.SQLiteDatabase.$$robo$$android_database_sqlite_SQLiteDatabase$query(SQLiteDatabase.java:1329)&#10;&#9;at android.database.sqlite.SQLiteDatabase.query(SQLiteDatabase.java)&#10;&#9;at org.hyperskill.musicplayer.Stage5UnitTest$checkDatabaseDataAfterPlaylistSave$1.invoke(Stage5UnitTest.kt:95)&#10;&#9;at org.hyperskill.musicplayer.Stage5UnitTest$checkDatabaseDataAfterPlaylistSave$1.invoke(Stage5UnitTest.kt:73)&#10;&#9;at org.hyperskill.musicplayer.internals.AbstractUnitTest.testActivity(AbstractUnitTest.kt:84)&#10;&#9;at org.hyperskill.musicplayer.internals.AbstractUnitTest.testActivity$default(AbstractUnitTest.kt:75)&#10;&#9;at org.hyperskill.musicplayer.Stage5UnitTest.checkDatabaseDataAfterPlaylistSave(Stage5UnitTest.kt:73)&#10;&#9;at java.base/jdk.internal.reflect.NativeMethodAccessorImpl.invoke0(Native Method)&#10;&#9;at java.base/jdk.internal.reflect.NativeMethodAccessorImpl.invoke(Unknown Source)&#10;&#9;at java.base/jdk.internal.reflect.DelegatingMethodAccessorImpl.invoke(Unknown Source)&#10;&#9;at java.base/java.lang.reflect.Method.invoke(Unknown Source)&#10;&#9;... 13 more&#10;Caused by: com.almworks.sqlite4java.SQLiteException: [1] DB[5] prepare() SELECT * FROM playlist [no such table: playlist]&#10;&#9;at com.almworks.sqlite4java.SQLiteConnection.throwResult(SQLiteConnection.java:1436)&#10;&#9;at com.almworks.sqlite4java.SQLiteConnection.prepare(SQLiteConnection.java:580)&#10;&#9;at com.almworks.sqlite4java.SQLiteConnection.prepare(SQLiteConnection.java:635)&#10;&#9;at com.almworks.sqlite4java.SQLiteConnection.prepare(SQLiteConnection.java:622)&#10;&#9;at org.robolectric.shadows.ShadowLegacySQLiteConnection$Connections$2.call(ShadowLegacySQLiteConnection.java:477)&#10;&#9;at org.robolectric.shadows.ShadowLegacySQLiteConnection$Connections$2.call(ShadowLegacySQLiteConnection.java:474)&#10;&#9;... 4 more&#10;" type="java.lang.AssertionError">java.lang.AssertionError: Exception. Test failed on activity execution with android.database.sqlite.SQLiteException: Cannot prepare statement, base error code: 1
android.database.sqlite.SQLiteException: Cannot prepare statement, base error code: 1
	at org.robolectric.shadows.ShadowLegacySQLiteConnection$Connections.getSqliteException(ShadowLegacySQLiteConnection.java:893)
	at org.robolectric.shadows.ShadowLegacySQLiteConnection$Connections.getFuture(ShadowLegacySQLiteConnection.java:861)
	at org.robolectric.shadows.ShadowLegacySQLiteConnection$Connections.lambda$execute$1(ShadowLegacySQLiteConnection.java:849)
	at org.robolectric.util.PerfStatsCollector.measure(PerfStatsCollector.java:53)
	at org.robolectric.shadows.ShadowLegacySQLiteConnection$Connections.execute(ShadowLegacySQLiteConnection.java:849)
	at org.robolectric.shadows.ShadowLegacySQLiteConnection$Connections.prepareStatement(ShadowLegacySQLiteConnection.java:472)
	at org.robolectric.shadows.ShadowLegacySQLiteConnection.nativePrepareStatement(ShadowLegacySQLiteConnection.java:94)
	at android.database.sqlite.SQLiteConnection.nativePrepareStatement(SQLiteConnection.java)
	at android.database.sqlite.SQLiteConnection.acquirePreparedStatement(SQLiteConnection.java:986)
	at android.database.sqlite.SQLiteConnection.prepare(SQLiteConnection.java:593)
	at android.database.sqlite.SQLiteSession.prepare(SQLiteSession.java:590)
	at android.database.sqlite.SQLiteProgram.__constructor__(SQLiteProgram.java:61)
	at android.database.sqlite.SQLiteProgram.&lt;init&gt;(SQLiteProgram.java)
	at android.database.sqlite.SQLiteQuery.&lt;init&gt;(SQLiteQuery.java)
	at android.database.sqlite.SQLiteDirectCursorDriver.query(SQLiteDirectCursorDriver.java:46)
	at android.database.sqlite.SQLiteDatabase.rawQueryWithFactory(SQLiteDatabase.java:1443)
	at android.database.sqlite.SQLiteDatabase.queryWithFactory(SQLiteDatabase.java:1290)
	at android.database.sqlite.SQLiteDatabase.query(SQLiteDatabase.java:1161)
	at android.database.sqlite.SQLiteDatabase.query(SQLiteDatabase.java:1329)
	at org.hyperskill.musicplayer.Stage5UnitTest$checkDatabaseDataAfterPlaylistSave$1.invoke(Stage5UnitTest.kt:95)
	at org.hyperskill.musicplayer.Stage5UnitTest$checkDatabaseDataAfterPlaylistSave$1.invoke(Stage5UnitTest.kt:73)
	at org.hyperskill.musicplayer.internals.AbstractUnitTest.testActivity(AbstractUnitTest.kt:84)
	at org.hyperskill.musicplayer.internals.AbstractUnitTest.testActivity$default(AbstractUnitTest.kt:75)
	at org.hyperskill.musicplayer.Stage5UnitTest.checkDatabaseDataAfterPlaylistSave(Stage5UnitTest.kt:73)
	at java.base/jdk.internal.reflect.NativeMethodAccessorImpl.invoke0(Native Method)
	at java.base/jdk.internal.reflect.NativeMethodAccessorImpl.invoke(Unknown Source)
	at java.base/jdk.internal.reflect.DelegatingMethodAccessorImpl.invoke(Unknown Source)
	at org.junit.runners.model.FrameworkMethod$1.runReflectiveCall(FrameworkMethod.java:59)
	at org.junit.internal.runners.model.ReflectiveCallable.run(ReflectiveCallable.java:12)
	at org.junit.runners.model.FrameworkMethod.invokeExplosively(FrameworkMethod.java:56)
	at org.junit.internal.runners.statements.InvokeMethod.evaluate(InvokeMethod.java:17)
	at org.junit.internal.runners.statements.RunBefores.evaluate(RunBefores.java:26)
	at org.junit.runners.ParentRunner$3.evaluate(ParentRunner.java:306)
	at org.robolectric.RobolectricTestRunner$HelperTestRunner$1.evaluate(RobolectricTestRunner.java:591)
	at org.robolectric.internal.SandboxTestRunner$2.lambda$evaluate$0(SandboxTestRunner.java:274)
	at org.robolectric.internal.bytecode.Sandbox.lambda$runOnMainThread$0(Sandbox.java:88)
	at java.base/java.util.concurrent.FutureTask.run(Unknown Source)
	at java.base/java.util.concurrent.ThreadPoolExecutor.runWorker(Unknown Source)
	at java.base/java.util.concurrent.ThreadPoolExecutor$Worker.run(Unknown Source)
	at java.base/java.lang.Thread.run(Unknown Source)
Caused by: java.util.concurrent.ExecutionException: com.almworks.sqlite4java.SQLiteException: [1] DB[5] prepare() SELECT * FROM playlist [no such table: playlist]
	at java.base/java.util.concurrent.FutureTask.report(Unknown Source)
	at java.base/java.util.concurrent.FutureTask.get(Unknown Source)
	at com.google.common.util.concurrent.Uninterruptibles.getUninterruptibly(Uninterruptibles.java:199)
	at org.robolectric.shadows.ShadowLegacySQLiteConnection$Connections.getFuture(ShadowLegacySQLiteConnection.java:855)
	at org.robolectric.shadows.ShadowLegacySQLiteConnection$Connections.lambda$execute$1(ShadowLegacySQLiteConnection.java:849)
	at org.robolectric.util.PerfStatsCollector.measure(PerfStatsCollector.java:53)
	at org.robolectric.shadows.ShadowLegacySQLiteConnection$Connections.execute(ShadowLegacySQLiteConnection.java:849)
	at org.robolectric.shadows.ShadowLegacySQLiteConnection$Connections.prepareStatement(ShadowLegacySQLiteConnection.java:472)
	at org.robolectric.shadows.ShadowLegacySQLiteConnection.nativePrepareStatement(ShadowLegacySQLiteConnection.java:94)
	at android.database.sqlite.SQLiteConnection.nativePrepareStatement(SQLiteConnection.java)
	at android.database.sqlite.SQLiteConnection.$$robo$$android_database_sqlite_SQLiteConnection$acquirePreparedStatement(SQLiteConnection.java:986)
	at android.database.sqlite.SQLiteConnection.acquirePreparedStatement(SQLiteConnection.java)
	at android.database.sqlite.SQLiteConnection.$$robo$$android_database_sqlite_SQLiteConnection$prepare(SQLiteConnection.java:593)
	at android.database.sqlite.SQLiteConnection.prepare(SQLiteConnection.java)
	at android.database.sqlite.SQLiteSession.$$robo$$android_database_sqlite_SQLiteSession$prepare(SQLiteSession.java:590)
	at android.database.sqlite.SQLiteSession.prepare(SQLiteSession.java)
	at android.database.sqlite.SQLiteProgram.$$robo$$android_database_sqlite_SQLiteProgram$__constructor__(SQLiteProgram.java:61)
	at android.database.sqlite.SQLiteProgram.&lt;init&gt;(SQLiteProgram.java)
	at android.database.sqlite.SQLiteQuery.&lt;init&gt;(SQLiteQuery.java)
	at android.database.sqlite.SQLiteDirectCursorDriver.$$robo$$android_database_sqlite_SQLiteDirectCursorDriver$query(SQLiteDirectCursorDriver.java:46)
	at android.database.sqlite.SQLiteDirectCursorDriver.query(SQLiteDirectCursorDriver.java)
	at android.database.sqlite.SQLiteDatabase.$$robo$$android_database_sqlite_SQLiteDatabase$rawQueryWithFactory(SQLiteDatabase.java:1443)
	at android.database.sqlite.SQLiteDatabase.rawQueryWithFactory(SQLiteDatabase.java)
	at android.database.sqlite.SQLiteDatabase.$$robo$$android_database_sqlite_SQLiteDatabase$queryWithFactory(SQLiteDatabase.java:1290)
	at android.database.sqlite.SQLiteDatabase.queryWithFactory(SQLiteDatabase.java)
	at android.database.sqlite.SQLiteDatabase.$$robo$$android_database_sqlite_SQLiteDatabase$query(SQLiteDatabase.java:1161)
	at android.database.sqlite.SQLiteDatabase.query(SQLiteDatabase.java)
	at android.database.sqlite.SQLiteDatabase.$$robo$$android_database_sqlite_SQLiteDatabase$query(SQLiteDatabase.java:1329)
	at android.database.sqlite.SQLiteDatabase.query(SQLiteDatabase.java)
	at org.hyperskill.musicplayer.Stage5UnitTest$checkDatabaseDataAfterPlaylistSave$1.invoke(Stage5UnitTest.kt:95)
	at org.hyperskill.musicplayer.Stage5UnitTest$checkDatabaseDataAfterPlaylistSave$1.invoke(Stage5UnitTest.kt:73)
	at org.hyperskill.musicplayer.internals.AbstractUnitTest.testActivity(AbstractUnitTest.kt:84)
	at org.hyperskill.musicplayer.internals.AbstractUnitTest.testActivity$default(AbstractUnitTest.kt:75)
	at org.hyperskill.musicplayer.Stage5UnitTest.checkDatabaseDataAfterPlaylistSave(Stage5UnitTest.kt:73)
	at java.base/jdk.internal.reflect.NativeMethodAccessorImpl.invoke0(Native Method)
	at java.base/jdk.internal.reflect.NativeMethodAccessorImpl.invoke(Unknown Source)
	at java.base/jdk.internal.reflect.DelegatingMethodAccessorImpl.invoke(Unknown Source)
	at java.base/java.lang.reflect.Method.invoke(Unknown Source)
	... 13 more
Caused by: com.almworks.sqlite4java.SQLiteException: [1] DB[5] prepare() SELECT * FROM playlist [no such table: playlist]
	at com.almworks.sqlite4java.SQLiteConnection.throwResult(SQLiteConnection.java:1436)
	at com.almworks.sqlite4java.SQLiteConnection.prepare(SQLiteConnection.java:580)
	at com.almworks.sqlite4java.SQLiteConnection.prepare(SQLiteConnection.java:635)
	at com.almworks.sqlite4java.SQLiteConnection.prepare(SQLiteConnection.java:622)
	at org.robolectric.shadows.ShadowLegacySQLiteConnection$Connections$2.call(ShadowLegacySQLiteConnection.java:477)
	at org.robolectric.shadows.ShadowLegacySQLiteConnection$Connections$2.call(ShadowLegacySQLiteConnection.java:474)
	... 4 more

	at org.hyperskill.musicplayer.internals.AbstractUnitTest.testActivity(AbstractUnitTest.kt:86)
	at org.hyperskill.musicplayer.internals.AbstractUnitTest.testActivity$default(AbstractUnitTest.kt:75)
	at org.hyperskill.musicplayer.Stage5UnitTest.checkDatabaseDataAfterPlaylistSave(Stage5UnitTest.kt:73)
	at java.base/jdk.internal.reflect.NativeMethodAccessorImpl.invoke0(Native Method)
	at java.base/jdk.internal.reflect.NativeMethodAccessorImpl.invoke(Unknown Source)
	at java.base/jdk.internal.reflect.DelegatingMethodAccessorImpl.invoke(Unknown Source)
	at java.base/java.lang.reflect.Method.invoke(Unknown Source)
	at org.junit.runners.model.FrameworkMethod$1.runReflectiveCall(FrameworkMethod.java:59)
	at org.junit.internal.runners.model.ReflectiveCallable.run(ReflectiveCallable.java:12)
	at org.junit.runners.model.FrameworkMethod.invokeExplosively(FrameworkMethod.java:56)
	at org.junit.internal.runners.statements.InvokeMethod.evaluate(InvokeMethod.java:17)
	at org.junit.internal.runners.statements.RunBefores.evaluate(RunBefores.java:26)
	at org.junit.runners.ParentRunner$3.evaluate(ParentRunner.java:306)
	at org.robolectric.RobolectricTestRunner$HelperTestRunner$1.evaluate(RobolectricTestRunner.java:591)
	at org.robolectric.internal.SandboxTestRunner$2.lambda$evaluate$0(SandboxTestRunner.java:274)
	at org.robolectric.internal.bytecode.Sandbox.lambda$runOnMainThread$0(Sandbox.java:88)
	at java.base/java.util.concurrent.FutureTask.run(Unknown Source)
	at java.base/java.util.concurrent.ThreadPoolExecutor.runWorker(Unknown Source)
	at java.base/java.util.concurrent.ThreadPoolExecutor$Worker.run(Unknown Source)
	at java.base/java.lang.Thread.run(Unknown Source)
</failure>
  </testcase>
  <testcase name="checkSamePlaylistSaveTwiceNoDuplicatesOnDatabase" classname="org.hyperskill.musicplayer.Stage5UnitTest" time="1.758">
    <failure message="java.lang.AssertionError: Exception. Test failed on activity execution with android.database.sqlite.SQLiteException: Cannot prepare statement, base error code: 1&#10;android.database.sqlite.SQLiteException: Cannot prepare statement, base error code: 1&#10;&#9;at org.robolectric.shadows.ShadowLegacySQLiteConnection$Connections.getSqliteException(ShadowLegacySQLiteConnection.java:893)&#10;&#9;at org.robolectric.shadows.ShadowLegacySQLiteConnection$Connections.getFuture(ShadowLegacySQLiteConnection.java:861)&#10;&#9;at org.robolectric.shadows.ShadowLegacySQLiteConnection$Connections.lambda$execute$1(ShadowLegacySQLiteConnection.java:849)&#10;&#9;at org.robolectric.util.PerfStatsCollector.measure(PerfStatsCollector.java:53)&#10;&#9;at org.robolectric.shadows.ShadowLegacySQLiteConnection$Connections.execute(ShadowLegacySQLiteConnection.java:849)&#10;&#9;at org.robolectric.shadows.ShadowLegacySQLiteConnection$Connections.prepareStatement(ShadowLegacySQLiteConnection.java:472)&#10;&#9;at org.robolectric.shadows.ShadowLegacySQLiteConnection.nativePrepareStatement(ShadowLegacySQLiteConnection.java:94)&#10;&#9;at android.database.sqlite.SQLiteConnection.nativePrepareStatement(SQLiteConnection.java)&#10;&#9;at android.database.sqlite.SQLiteConnection.acquirePreparedStatement(SQLiteConnection.java:986)&#10;&#9;at android.database.sqlite.SQLiteConnection.prepare(SQLiteConnection.java:593)&#10;&#9;at android.database.sqlite.SQLiteSession.prepare(SQLiteSession.java:590)&#10;&#9;at android.database.sqlite.SQLiteProgram.__constructor__(SQLiteProgram.java:61)&#10;&#9;at android.database.sqlite.SQLiteProgram.&lt;init&gt;(SQLiteProgram.java)&#10;&#9;at android.database.sqlite.SQLiteQuery.&lt;init&gt;(SQLiteQuery.java)&#10;&#9;at android.database.sqlite.SQLiteDirectCursorDriver.query(SQLiteDirectCursorDriver.java:46)&#10;&#9;at android.database.sqlite.SQLiteDatabase.rawQueryWithFactory(SQLiteDatabase.java:1443)&#10;&#9;at android.database.sqlite.SQLiteDatabase.queryWithFactory(SQLiteDatabase.java:1290)&#10;&#9;at android.database.sqlite.SQLiteDatabase.query(SQLiteDatabase.java:1161)&#10;&#9;at android.database.sqlite.SQLiteDatabase.query(SQLiteDatabase.java:1329)&#10;&#9;at org.hyperskill.musicplayer.Stage5UnitTest$checkSamePlaylistSaveTwiceNoDuplicatesOnDatabase$1.invoke(Stage5UnitTest.kt:169)&#10;&#9;at org.hyperskill.musicplayer.Stage5UnitTest$checkSamePlaylistSaveTwiceNoDuplicatesOnDatabase$1.invoke(Stage5UnitTest.kt:137)&#10;&#9;at org.hyperskill.musicplayer.internals.AbstractUnitTest.testActivity(AbstractUnitTest.kt:84)&#10;&#9;at org.hyperskill.musicplayer.internals.AbstractUnitTest.testActivity$default(AbstractUnitTest.kt:75)&#10;&#9;at org.hyperskill.musicplayer.Stage5UnitTest.checkSamePlaylistSaveTwiceNoDuplicatesOnDatabase(Stage5UnitTest.kt:137)&#10;&#9;at java.base/jdk.internal.reflect.NativeMethodAccessorImpl.invoke0(Native Method)&#10;&#9;at java.base/jdk.internal.reflect.NativeMethodAccessorImpl.invoke(Unknown Source)&#10;&#9;at java.base/jdk.internal.reflect.DelegatingMethodAccessorImpl.invoke(Unknown Source)&#10;&#9;at org.junit.runners.model.FrameworkMethod$1.runReflectiveCall(FrameworkMethod.java:59)&#10;&#9;at org.junit.internal.runners.model.ReflectiveCallable.run(ReflectiveCallable.java:12)&#10;&#9;at org.junit.runners.model.FrameworkMethod.invokeExplosively(FrameworkMethod.java:56)&#10;&#9;at org.junit.internal.runners.statements.InvokeMethod.evaluate(InvokeMethod.java:17)&#10;&#9;at org.junit.internal.runners.statements.RunBefores.evaluate(RunBefores.java:26)&#10;&#9;at org.junit.runners.ParentRunner$3.evaluate(ParentRunner.java:306)&#10;&#9;at org.robolectric.RobolectricTestRunner$HelperTestRunner$1.evaluate(RobolectricTestRunner.java:591)&#10;&#9;at org.robolectric.internal.SandboxTestRunner$2.lambda$evaluate$0(SandboxTestRunner.java:274)&#10;&#9;at org.robolectric.internal.bytecode.Sandbox.lambda$runOnMainThread$0(Sandbox.java:88)&#10;&#9;at java.base/java.util.concurrent.FutureTask.run(Unknown Source)&#10;&#9;at java.base/java.util.concurrent.ThreadPoolExecutor.runWorker(Unknown Source)&#10;&#9;at java.base/java.util.concurrent.ThreadPoolExecutor$Worker.run(Unknown Source)&#10;&#9;at java.base/java.lang.Thread.run(Unknown Source)&#10;Caused by: java.util.concurrent.ExecutionException: com.almworks.sqlite4java.SQLiteException: [1] DB[8] prepare() SELECT * FROM playlist [no such table: playlist]&#10;&#9;at java.base/java.util.concurrent.FutureTask.report(Unknown Source)&#10;&#9;at java.base/java.util.concurrent.FutureTask.get(Unknown Source)&#10;&#9;at com.google.common.util.concurrent.Uninterruptibles.getUninterruptibly(Uninterruptibles.java:199)&#10;&#9;at org.robolectric.shadows.ShadowLegacySQLiteConnection$Connections.getFuture(ShadowLegacySQLiteConnection.java:855)&#10;&#9;at org.robolectric.shadows.ShadowLegacySQLiteConnection$Connections.lambda$execute$1(ShadowLegacySQLiteConnection.java:849)&#10;&#9;at org.robolectric.util.PerfStatsCollector.measure(PerfStatsCollector.java:53)&#10;&#9;at org.robolectric.shadows.ShadowLegacySQLiteConnection$Connections.execute(ShadowLegacySQLiteConnection.java:849)&#10;&#9;at org.robolectric.shadows.ShadowLegacySQLiteConnection$Connections.prepareStatement(ShadowLegacySQLiteConnection.java:472)&#10;&#9;at org.robolectric.shadows.ShadowLegacySQLiteConnection.nativePrepareStatement(ShadowLegacySQLiteConnection.java:94)&#10;&#9;at android.database.sqlite.SQLiteConnection.nativePrepareStatement(SQLiteConnection.java)&#10;&#9;at android.database.sqlite.SQLiteConnection.$$robo$$android_database_sqlite_SQLiteConnection$acquirePreparedStatement(SQLiteConnection.java:986)&#10;&#9;at android.database.sqlite.SQLiteConnection.acquirePreparedStatement(SQLiteConnection.java)&#10;&#9;at android.database.sqlite.SQLiteConnection.$$robo$$android_database_sqlite_SQLiteConnection$prepare(SQLiteConnection.java:593)&#10;&#9;at android.database.sqlite.SQLiteConnection.prepare(SQLiteConnection.java)&#10;&#9;at android.database.sqlite.SQLiteSession.$$robo$$android_database_sqlite_SQLiteSession$prepare(SQLiteSession.java:590)&#10;&#9;at android.database.sqlite.SQLiteSession.prepare(SQLiteSession.java)&#10;&#9;at android.database.sqlite.SQLiteProgram.$$robo$$android_database_sqlite_SQLiteProgram$__constructor__(SQLiteProgram.java:61)&#10;&#9;at android.database.sqlite.SQLiteProgram.&lt;init&gt;(SQLiteProgram.java)&#10;&#9;at android.database.sqlite.SQLiteQuery.&lt;init&gt;(SQLiteQuery.java)&#10;&#9;at android.database.sqlite.SQLiteDirectCursorDriver.$$robo$$android_database_sqlite_SQLiteDirectCursorDriver$query(SQLiteDirectCursorDriver.java:46)&#10;&#9;at android.database.sqlite.SQLiteDirectCursorDriver.query(SQLiteDirectCursorDriver.java)&#10;&#9;at android.database.sqlite.SQLiteDatabase.$$robo$$android_database_sqlite_SQLiteDatabase$rawQueryWithFactory(SQLiteDatabase.java:1443)&#10;&#9;at android.database.sqlite.SQLiteDatabase.rawQueryWithFactory(SQLiteDatabase.java)&#10;&#9;at android.database.sqlite.SQLiteDatabase.$$robo$$android_database_sqlite_SQLiteDatabase$queryWithFactory(SQLiteDatabase.java:1290)&#10;&#9;at android.database.sqlite.SQLiteDatabase.queryWithFactory(SQLiteDatabase.java)&#10;&#9;at android.database.sqlite.SQLiteDatabase.$$robo$$android_database_sqlite_SQLiteDatabase$query(SQLiteDatabase.java:1161)&#10;&#9;at android.database.sqlite.SQLiteDatabase.query(SQLiteDatabase.java)&#10;&#9;at android.database.sqlite.SQLiteDatabase.$$robo$$android_database_sqlite_SQLiteDatabase$query(SQLiteDatabase.java:1329)&#10;&#9;at android.database.sqlite.SQLiteDatabase.query(SQLiteDatabase.java)&#10;&#9;at org.hyperskill.musicplayer.Stage5UnitTest$checkSamePlaylistSaveTwiceNoDuplicatesOnDatabase$1.invoke(Stage5UnitTest.kt:169)&#10;&#9;at org.hyperskill.musicplayer.Stage5UnitTest$checkSamePlaylistSaveTwiceNoDuplicatesOnDatabase$1.invoke(Stage5UnitTest.kt:137)&#10;&#9;at org.hyperskill.musicplayer.internals.AbstractUnitTest.testActivity(AbstractUnitTest.kt:84)&#10;&#9;at org.hyperskill.musicplayer.internals.AbstractUnitTest.testActivity$default(AbstractUnitTest.kt:75)&#10;&#9;at org.hyperskill.musicplayer.Stage5UnitTest.checkSamePlaylistSaveTwiceNoDuplicatesOnDatabase(Stage5UnitTest.kt:137)&#10;&#9;at java.base/jdk.internal.reflect.NativeMethodAccessorImpl.invoke0(Native Method)&#10;&#9;at java.base/jdk.internal.reflect.NativeMethodAccessorImpl.invoke(Unknown Source)&#10;&#9;at java.base/jdk.internal.reflect.DelegatingMethodAccessorImpl.invoke(Unknown Source)&#10;&#9;at java.base/java.lang.reflect.Method.invoke(Unknown Source)&#10;&#9;... 13 more&#10;Caused by: com.almworks.sqlite4java.SQLiteException: [1] DB[8] prepare() SELECT * FROM playlist [no such table: playlist]&#10;&#9;at com.almworks.sqlite4java.SQLiteConnection.throwResult(SQLiteConnection.java:1436)&#10;&#9;at com.almworks.sqlite4java.SQLiteConnection.prepare(SQLiteConnection.java:580)&#10;&#9;at com.almworks.sqlite4java.SQLiteConnection.prepare(SQLiteConnection.java:635)&#10;&#9;at com.almworks.sqlite4java.SQLiteConnection.prepare(SQLiteConnection.java:622)&#10;&#9;at org.robolectric.shadows.ShadowLegacySQLiteConnection$Connections$2.call(ShadowLegacySQLiteConnection.java:477)&#10;&#9;at org.robolectric.shadows.ShadowLegacySQLiteConnection$Connections$2.call(ShadowLegacySQLiteConnection.java:474)&#10;&#9;... 4 more&#10;" type="java.lang.AssertionError">java.lang.AssertionError: Exception. Test failed on activity execution with android.database.sqlite.SQLiteException: Cannot prepare statement, base error code: 1
android.database.sqlite.SQLiteException: Cannot prepare statement, base error code: 1
	at org.robolectric.shadows.ShadowLegacySQLiteConnection$Connections.getSqliteException(ShadowLegacySQLiteConnection.java:893)
	at org.robolectric.shadows.ShadowLegacySQLiteConnection$Connections.getFuture(ShadowLegacySQLiteConnection.java:861)
	at org.robolectric.shadows.ShadowLegacySQLiteConnection$Connections.lambda$execute$1(ShadowLegacySQLiteConnection.java:849)
	at org.robolectric.util.PerfStatsCollector.measure(PerfStatsCollector.java:53)
	at org.robolectric.shadows.ShadowLegacySQLiteConnection$Connections.execute(ShadowLegacySQLiteConnection.java:849)
	at org.robolectric.shadows.ShadowLegacySQLiteConnection$Connections.prepareStatement(ShadowLegacySQLiteConnection.java:472)
	at org.robolectric.shadows.ShadowLegacySQLiteConnection.nativePrepareStatement(ShadowLegacySQLiteConnection.java:94)
	at android.database.sqlite.SQLiteConnection.nativePrepareStatement(SQLiteConnection.java)
	at android.database.sqlite.SQLiteConnection.acquirePreparedStatement(SQLiteConnection.java:986)
	at android.database.sqlite.SQLiteConnection.prepare(SQLiteConnection.java:593)
	at android.database.sqlite.SQLiteSession.prepare(SQLiteSession.java:590)
	at android.database.sqlite.SQLiteProgram.__constructor__(SQLiteProgram.java:61)
	at android.database.sqlite.SQLiteProgram.&lt;init&gt;(SQLiteProgram.java)
	at android.database.sqlite.SQLiteQuery.&lt;init&gt;(SQLiteQuery.java)
	at android.database.sqlite.SQLiteDirectCursorDriver.query(SQLiteDirectCursorDriver.java:46)
	at android.database.sqlite.SQLiteDatabase.rawQueryWithFactory(SQLiteDatabase.java:1443)
	at android.database.sqlite.SQLiteDatabase.queryWithFactory(SQLiteDatabase.java:1290)
	at android.database.sqlite.SQLiteDatabase.query(SQLiteDatabase.java:1161)
	at android.database.sqlite.SQLiteDatabase.query(SQLiteDatabase.java:1329)
	at org.hyperskill.musicplayer.Stage5UnitTest$checkSamePlaylistSaveTwiceNoDuplicatesOnDatabase$1.invoke(Stage5UnitTest.kt:169)
	at org.hyperskill.musicplayer.Stage5UnitTest$checkSamePlaylistSaveTwiceNoDuplicatesOnDatabase$1.invoke(Stage5UnitTest.kt:137)
	at org.hyperskill.musicplayer.internals.AbstractUnitTest.testActivity(AbstractUnitTest.kt:84)
	at org.hyperskill.musicplayer.internals.AbstractUnitTest.testActivity$default(AbstractUnitTest.kt:75)
	at org.hyperskill.musicplayer.Stage5UnitTest.checkSamePlaylistSaveTwiceNoDuplicatesOnDatabase(Stage5UnitTest.kt:137)
	at java.base/jdk.internal.reflect.NativeMethodAccessorImpl.invoke0(Native Method)
	at java.base/jdk.internal.reflect.NativeMethodAccessorImpl.invoke(Unknown Source)
	at java.base/jdk.internal.reflect.DelegatingMethodAccessorImpl.invoke(Unknown Source)
	at org.junit.runners.model.FrameworkMethod$1.runReflectiveCall(FrameworkMethod.java:59)
	at org.junit.internal.runners.model.ReflectiveCallable.run(ReflectiveCallable.java:12)
	at org.junit.runners.model.FrameworkMethod.invokeExplosively(FrameworkMethod.java:56)
	at org.junit.internal.runners.statements.InvokeMethod.evaluate(InvokeMethod.java:17)
	at org.junit.internal.runners.statements.RunBefores.evaluate(RunBefores.java:26)
	at org.junit.runners.ParentRunner$3.evaluate(ParentRunner.java:306)
	at org.robolectric.RobolectricTestRunner$HelperTestRunner$1.evaluate(RobolectricTestRunner.java:591)
	at org.robolectric.internal.SandboxTestRunner$2.lambda$evaluate$0(SandboxTestRunner.java:274)
	at org.robolectric.internal.bytecode.Sandbox.lambda$runOnMainThread$0(Sandbox.java:88)
	at java.base/java.util.concurrent.FutureTask.run(Unknown Source)
	at java.base/java.util.concurrent.ThreadPoolExecutor.runWorker(Unknown Source)
	at java.base/java.util.concurrent.ThreadPoolExecutor$Worker.run(Unknown Source)
	at java.base/java.lang.Thread.run(Unknown Source)
Caused by: java.util.concurrent.ExecutionException: com.almworks.sqlite4java.SQLiteException: [1] DB[8] prepare() SELECT * FROM playlist [no such table: playlist]
	at java.base/java.util.concurrent.FutureTask.report(Unknown Source)
	at java.base/java.util.concurrent.FutureTask.get(Unknown Source)
	at com.google.common.util.concurrent.Uninterruptibles.getUninterruptibly(Uninterruptibles.java:199)
	at org.robolectric.shadows.ShadowLegacySQLiteConnection$Connections.getFuture(ShadowLegacySQLiteConnection.java:855)
	at org.robolectric.shadows.ShadowLegacySQLiteConnection$Connections.lambda$execute$1(ShadowLegacySQLiteConnection.java:849)
	at org.robolectric.util.PerfStatsCollector.measure(PerfStatsCollector.java:53)
	at org.robolectric.shadows.ShadowLegacySQLiteConnection$Connections.execute(ShadowLegacySQLiteConnection.java:849)
	at org.robolectric.shadows.ShadowLegacySQLiteConnection$Connections.prepareStatement(ShadowLegacySQLiteConnection.java:472)
	at org.robolectric.shadows.ShadowLegacySQLiteConnection.nativePrepareStatement(ShadowLegacySQLiteConnection.java:94)
	at android.database.sqlite.SQLiteConnection.nativePrepareStatement(SQLiteConnection.java)
	at android.database.sqlite.SQLiteConnection.$$robo$$android_database_sqlite_SQLiteConnection$acquirePreparedStatement(SQLiteConnection.java:986)
	at android.database.sqlite.SQLiteConnection.acquirePreparedStatement(SQLiteConnection.java)
	at android.database.sqlite.SQLiteConnection.$$robo$$android_database_sqlite_SQLiteConnection$prepare(SQLiteConnection.java:593)
	at android.database.sqlite.SQLiteConnection.prepare(SQLiteConnection.java)
	at android.database.sqlite.SQLiteSession.$$robo$$android_database_sqlite_SQLiteSession$prepare(SQLiteSession.java:590)
	at android.database.sqlite.SQLiteSession.prepare(SQLiteSession.java)
	at android.database.sqlite.SQLiteProgram.$$robo$$android_database_sqlite_SQLiteProgram$__constructor__(SQLiteProgram.java:61)
	at android.database.sqlite.SQLiteProgram.&lt;init&gt;(SQLiteProgram.java)
	at android.database.sqlite.SQLiteQuery.&lt;init&gt;(SQLiteQuery.java)
	at android.database.sqlite.SQLiteDirectCursorDriver.$$robo$$android_database_sqlite_SQLiteDirectCursorDriver$query(SQLiteDirectCursorDriver.java:46)
	at android.database.sqlite.SQLiteDirectCursorDriver.query(SQLiteDirectCursorDriver.java)
	at android.database.sqlite.SQLiteDatabase.$$robo$$android_database_sqlite_SQLiteDatabase$rawQueryWithFactory(SQLiteDatabase.java:1443)
	at android.database.sqlite.SQLiteDatabase.rawQueryWithFactory(SQLiteDatabase.java)
	at android.database.sqlite.SQLiteDatabase.$$robo$$android_database_sqlite_SQLiteDatabase$queryWithFactory(SQLiteDatabase.java:1290)
	at android.database.sqlite.SQLiteDatabase.queryWithFactory(SQLiteDatabase.java)
	at android.database.sqlite.SQLiteDatabase.$$robo$$android_database_sqlite_SQLiteDatabase$query(SQLiteDatabase.java:1161)
	at android.database.sqlite.SQLiteDatabase.query(SQLiteDatabase.java)
	at android.database.sqlite.SQLiteDatabase.$$robo$$android_database_sqlite_SQLiteDatabase$query(SQLiteDatabase.java:1329)
	at android.database.sqlite.SQLiteDatabase.query(SQLiteDatabase.java)
	at org.hyperskill.musicplayer.Stage5UnitTest$checkSamePlaylistSaveTwiceNoDuplicatesOnDatabase$1.invoke(Stage5UnitTest.kt:169)
	at org.hyperskill.musicplayer.Stage5UnitTest$checkSamePlaylistSaveTwiceNoDuplicatesOnDatabase$1.invoke(Stage5UnitTest.kt:137)
	at org.hyperskill.musicplayer.internals.AbstractUnitTest.testActivity(AbstractUnitTest.kt:84)
	at org.hyperskill.musicplayer.internals.AbstractUnitTest.testActivity$default(AbstractUnitTest.kt:75)
	at org.hyperskill.musicplayer.Stage5UnitTest.checkSamePlaylistSaveTwiceNoDuplicatesOnDatabase(Stage5UnitTest.kt:137)
	at java.base/jdk.internal.reflect.NativeMethodAccessorImpl.invoke0(Native Method)
	at java.base/jdk.internal.reflect.NativeMethodAccessorImpl.invoke(Unknown Source)
	at java.base/jdk.internal.reflect.DelegatingMethodAccessorImpl.invoke(Unknown Source)
	at java.base/java.lang.reflect.Method.invoke(Unknown Source)
	... 13 more
Caused by: com.almworks.sqlite4java.SQLiteException: [1] DB[8] prepare() SELECT * FROM playlist [no such table: playlist]
	at com.almworks.sqlite4java.SQLiteConnection.throwResult(SQLiteConnection.java:1436)
	at com.almworks.sqlite4java.SQLiteConnection.prepare(SQLiteConnection.java:580)
	at com.almworks.sqlite4java.SQLiteConnection.prepare(SQLiteConnection.java:635)
	at com.almworks.sqlite4java.SQLiteConnection.prepare(SQLiteConnection.java:622)
	at org.robolectric.shadows.ShadowLegacySQLiteConnection$Connections$2.call(ShadowLegacySQLiteConnection.java:477)
	at org.robolectric.shadows.ShadowLegacySQLiteConnection$Connections$2.call(ShadowLegacySQLiteConnection.java:474)
	... 4 more

	at org.hyperskill.musicplayer.internals.AbstractUnitTest.testActivity(AbstractUnitTest.kt:86)
	at org.hyperskill.musicplayer.internals.AbstractUnitTest.testActivity$default(AbstractUnitTest.kt:75)
	at org.hyperskill.musicplayer.Stage5UnitTest.checkSamePlaylistSaveTwiceNoDuplicatesOnDatabase(Stage5UnitTest.kt:137)
	at java.base/jdk.internal.reflect.NativeMethodAccessorImpl.invoke0(Native Method)
	at java.base/jdk.internal.reflect.NativeMethodAccessorImpl.invoke(Unknown Source)
	at java.base/jdk.internal.reflect.DelegatingMethodAccessorImpl.invoke(Unknown Source)
	at java.base/java.lang.reflect.Method.invoke(Unknown Source)
	at org.junit.runners.model.FrameworkMethod$1.runReflectiveCall(FrameworkMethod.java:59)
	at org.junit.internal.runners.model.ReflectiveCallable.run(ReflectiveCallable.java:12)
	at org.junit.runners.model.FrameworkMethod.invokeExplosively(FrameworkMethod.java:56)
	at org.junit.internal.runners.statements.InvokeMethod.evaluate(InvokeMethod.java:17)
	at org.junit.internal.runners.statements.RunBefores.evaluate(RunBefores.java:26)
	at org.junit.runners.ParentRunner$3.evaluate(ParentRunner.java:306)
	at org.robolectric.RobolectricTestRunner$HelperTestRunner$1.evaluate(RobolectricTestRunner.java:591)
	at org.robolectric.internal.SandboxTestRunner$2.lambda$evaluate$0(SandboxTestRunner.java:274)
	at org.robolectric.internal.bytecode.Sandbox.lambda$runOnMainThread$0(Sandbox.java:88)
	at java.base/java.util.concurrent.FutureTask.run(Unknown Source)
	at java.base/java.util.concurrent.ThreadPoolExecutor.runWorker(Unknown Source)
	at java.base/java.util.concurrent.ThreadPoolExecutor$Worker.run(Unknown Source)
	at java.base/java.lang.Thread.run(Unknown Source)
</failure>
  </testcase>
  <testcase name="checkDatabaseDataAfterPlaylistSaveWithExistingPlaylistNameAndDifferentSongs" classname="org.hyperskill.musicplayer.Stage5UnitTest" time="1.891">
    <failure message="java.lang.AssertionError: Exception. Test failed on activity execution with android.database.sqlite.SQLiteException: Cannot prepare statement, base error code: 1&#10;android.database.sqlite.SQLiteException: Cannot prepare statement, base error code: 1&#10;&#9;at org.robolectric.shadows.ShadowLegacySQLiteConnection$Connections.getSqliteException(ShadowLegacySQLiteConnection.java:893)&#10;&#9;at org.robolectric.shadows.ShadowLegacySQLiteConnection$Connections.getFuture(ShadowLegacySQLiteConnection.java:861)&#10;&#9;at org.robolectric.shadows.ShadowLegacySQLiteConnection$Connections.lambda$execute$1(ShadowLegacySQLiteConnection.java:849)&#10;&#9;at org.robolectric.util.PerfStatsCollector.measure(PerfStatsCollector.java:53)&#10;&#9;at org.robolectric.shadows.ShadowLegacySQLiteConnection$Connections.execute(ShadowLegacySQLiteConnection.java:849)&#10;&#9;at org.robolectric.shadows.ShadowLegacySQLiteConnection$Connections.prepareStatement(ShadowLegacySQLiteConnection.java:472)&#10;&#9;at org.robolectric.shadows.ShadowLegacySQLiteConnection.nativePrepareStatement(ShadowLegacySQLiteConnection.java:94)&#10;&#9;at android.database.sqlite.SQLiteConnection.nativePrepareStatement(SQLiteConnection.java)&#10;&#9;at android.database.sqlite.SQLiteConnection.acquirePreparedStatement(SQLiteConnection.java:986)&#10;&#9;at android.database.sqlite.SQLiteConnection.prepare(SQLiteConnection.java:593)&#10;&#9;at android.database.sqlite.SQLiteSession.prepare(SQLiteSession.java:590)&#10;&#9;at android.database.sqlite.SQLiteProgram.__constructor__(SQLiteProgram.java:61)&#10;&#9;at android.database.sqlite.SQLiteProgram.&lt;init&gt;(SQLiteProgram.java)&#10;&#9;at android.database.sqlite.SQLiteQuery.&lt;init&gt;(SQLiteQuery.java)&#10;&#9;at android.database.sqlite.SQLiteDirectCursorDriver.query(SQLiteDirectCursorDriver.java:46)&#10;&#9;at android.database.sqlite.SQLiteDatabase.rawQueryWithFactory(SQLiteDatabase.java:1443)&#10;&#9;at android.database.sqlite.SQLiteDatabase.queryWithFactory(SQLiteDatabase.java:1290)&#10;&#9;at android.database.sqlite.SQLiteDatabase.query(SQLiteDatabase.java:1161)&#10;&#9;at android.database.sqlite.SQLiteDatabase.query(SQLiteDatabase.java:1329)&#10;&#9;at org.hyperskill.musicplayer.Stage5UnitTest$checkDatabaseDataAfterPlaylistSaveWithExistingPlaylistNameAndDifferentSongs$1.invoke(Stage5UnitTest.kt:245)&#10;&#9;at org.hyperskill.musicplayer.Stage5UnitTest$checkDatabaseDataAfterPlaylistSaveWithExistingPlaylistNameAndDifferentSongs$1.invoke(Stage5UnitTest.kt:211)&#10;&#9;at org.hyperskill.musicplayer.internals.AbstractUnitTest.testActivity(AbstractUnitTest.kt:84)&#10;&#9;at org.hyperskill.musicplayer.internals.AbstractUnitTest.testActivity$default(AbstractUnitTest.kt:75)&#10;&#9;at org.hyperskill.musicplayer.Stage5UnitTest.checkDatabaseDataAfterPlaylistSaveWithExistingPlaylistNameAndDifferentSongs(Stage5UnitTest.kt:211)&#10;&#9;at java.base/jdk.internal.reflect.NativeMethodAccessorImpl.invoke0(Native Method)&#10;&#9;at java.base/jdk.internal.reflect.NativeMethodAccessorImpl.invoke(Unknown Source)&#10;&#9;at java.base/jdk.internal.reflect.DelegatingMethodAccessorImpl.invoke(Unknown Source)&#10;&#9;at org.junit.runners.model.FrameworkMethod$1.runReflectiveCall(FrameworkMethod.java:59)&#10;&#9;at org.junit.internal.runners.model.ReflectiveCallable.run(ReflectiveCallable.java:12)&#10;&#9;at org.junit.runners.model.FrameworkMethod.invokeExplosively(FrameworkMethod.java:56)&#10;&#9;at org.junit.internal.runners.statements.InvokeMethod.evaluate(InvokeMethod.java:17)&#10;&#9;at org.junit.internal.runners.statements.RunBefores.evaluate(RunBefores.java:26)&#10;&#9;at org.junit.runners.ParentRunner$3.evaluate(ParentRunner.java:306)&#10;&#9;at org.robolectric.RobolectricTestRunner$HelperTestRunner$1.evaluate(RobolectricTestRunner.java:591)&#10;&#9;at org.robolectric.internal.SandboxTestRunner$2.lambda$evaluate$0(SandboxTestRunner.java:274)&#10;&#9;at org.robolectric.internal.bytecode.Sandbox.lambda$runOnMainThread$0(Sandbox.java:88)&#10;&#9;at java.base/java.util.concurrent.FutureTask.run(Unknown Source)&#10;&#9;at java.base/java.util.concurrent.ThreadPoolExecutor.runWorker(Unknown Source)&#10;&#9;at java.base/java.util.concurrent.ThreadPoolExecutor$Worker.run(Unknown Source)&#10;&#9;at java.base/java.lang.Thread.run(Unknown Source)&#10;Caused by: java.util.concurrent.ExecutionException: com.almworks.sqlite4java.SQLiteException: [1] DB[11] prepare() SELECT * FROM playlist [no such table: playlist]&#10;&#9;at java.base/java.util.concurrent.FutureTask.report(Unknown Source)&#10;&#9;at java.base/java.util.concurrent.FutureTask.get(Unknown Source)&#10;&#9;at com.google.common.util.concurrent.Uninterruptibles.getUninterruptibly(Uninterruptibles.java:199)&#10;&#9;at org.robolectric.shadows.ShadowLegacySQLiteConnection$Connections.getFuture(ShadowLegacySQLiteConnection.java:855)&#10;&#9;at org.robolectric.shadows.ShadowLegacySQLiteConnection$Connections.lambda$execute$1(ShadowLegacySQLiteConnection.java:849)&#10;&#9;at org.robolectric.util.PerfStatsCollector.measure(PerfStatsCollector.java:53)&#10;&#9;at org.robolectric.shadows.ShadowLegacySQLiteConnection$Connections.execute(ShadowLegacySQLiteConnection.java:849)&#10;&#9;at org.robolectric.shadows.ShadowLegacySQLiteConnection$Connections.prepareStatement(ShadowLegacySQLiteConnection.java:472)&#10;&#9;at org.robolectric.shadows.ShadowLegacySQLiteConnection.nativePrepareStatement(ShadowLegacySQLiteConnection.java:94)&#10;&#9;at android.database.sqlite.SQLiteConnection.nativePrepareStatement(SQLiteConnection.java)&#10;&#9;at android.database.sqlite.SQLiteConnection.$$robo$$android_database_sqlite_SQLiteConnection$acquirePreparedStatement(SQLiteConnection.java:986)&#10;&#9;at android.database.sqlite.SQLiteConnection.acquirePreparedStatement(SQLiteConnection.java)&#10;&#9;at android.database.sqlite.SQLiteConnection.$$robo$$android_database_sqlite_SQLiteConnection$prepare(SQLiteConnection.java:593)&#10;&#9;at android.database.sqlite.SQLiteConnection.prepare(SQLiteConnection.java)&#10;&#9;at android.database.sqlite.SQLiteSession.$$robo$$android_database_sqlite_SQLiteSession$prepare(SQLiteSession.java:590)&#10;&#9;at android.database.sqlite.SQLiteSession.prepare(SQLiteSession.java)&#10;&#9;at android.database.sqlite.SQLiteProgram.$$robo$$android_database_sqlite_SQLiteProgram$__constructor__(SQLiteProgram.java:61)&#10;&#9;at android.database.sqlite.SQLiteProgram.&lt;init&gt;(SQLiteProgram.java)&#10;&#9;at android.database.sqlite.SQLiteQuery.&lt;init&gt;(SQLiteQuery.java)&#10;&#9;at android.database.sqlite.SQLiteDirectCursorDriver.$$robo$$android_database_sqlite_SQLiteDirectCursorDriver$query(SQLiteDirectCursorDriver.java:46)&#10;&#9;at android.database.sqlite.SQLiteDirectCursorDriver.query(SQLiteDirectCursorDriver.java)&#10;&#9;at android.database.sqlite.SQLiteDatabase.$$robo$$android_database_sqlite_SQLiteDatabase$rawQueryWithFactory(SQLiteDatabase.java:1443)&#10;&#9;at android.database.sqlite.SQLiteDatabase.rawQueryWithFactory(SQLiteDatabase.java)&#10;&#9;at android.database.sqlite.SQLiteDatabase.$$robo$$android_database_sqlite_SQLiteDatabase$queryWithFactory(SQLiteDatabase.java:1290)&#10;&#9;at android.database.sqlite.SQLiteDatabase.queryWithFactory(SQLiteDatabase.java)&#10;&#9;at android.database.sqlite.SQLiteDatabase.$$robo$$android_database_sqlite_SQLiteDatabase$query(SQLiteDatabase.java:1161)&#10;&#9;at android.database.sqlite.SQLiteDatabase.query(SQLiteDatabase.java)&#10;&#9;at android.database.sqlite.SQLiteDatabase.$$robo$$android_database_sqlite_SQLiteDatabase$query(SQLiteDatabase.java:1329)&#10;&#9;at android.database.sqlite.SQLiteDatabase.query(SQLiteDatabase.java)&#10;&#9;at org.hyperskill.musicplayer.Stage5UnitTest$checkDatabaseDataAfterPlaylistSaveWithExistingPlaylistNameAndDifferentSongs$1.invoke(Stage5UnitTest.kt:245)&#10;&#9;at org.hyperskill.musicplayer.Stage5UnitTest$checkDatabaseDataAfterPlaylistSaveWithExistingPlaylistNameAndDifferentSongs$1.invoke(Stage5UnitTest.kt:211)&#10;&#9;at org.hyperskill.musicplayer.internals.AbstractUnitTest.testActivity(AbstractUnitTest.kt:84)&#10;&#9;at org.hyperskill.musicplayer.internals.AbstractUnitTest.testActivity$default(AbstractUnitTest.kt:75)&#10;&#9;at org.hyperskill.musicplayer.Stage5UnitTest.checkDatabaseDataAfterPlaylistSaveWithExistingPlaylistNameAndDifferentSongs(Stage5UnitTest.kt:211)&#10;&#9;at java.base/jdk.internal.reflect.NativeMethodAccessorImpl.invoke0(Native Method)&#10;&#9;at java.base/jdk.internal.reflect.NativeMethodAccessorImpl.invoke(Unknown Source)&#10;&#9;at java.base/jdk.internal.reflect.DelegatingMethodAccessorImpl.invoke(Unknown Source)&#10;&#9;at java.base/java.lang.reflect.Method.invoke(Unknown Source)&#10;&#9;... 13 more&#10;Caused by: com.almworks.sqlite4java.SQLiteException: [1] DB[11] prepare() SELECT * FROM playlist [no such table: playlist]&#10;&#9;at com.almworks.sqlite4java.SQLiteConnection.throwResult(SQLiteConnection.java:1436)&#10;&#9;at com.almworks.sqlite4java.SQLiteConnection.prepare(SQLiteConnection.java:580)&#10;&#9;at com.almworks.sqlite4java.SQLiteConnection.prepare(SQLiteConnection.java:635)&#10;&#9;at com.almworks.sqlite4java.SQLiteConnection.prepare(SQLiteConnection.java:622)&#10;&#9;at org.robolectric.shadows.ShadowLegacySQLiteConnection$Connections$2.call(ShadowLegacySQLiteConnection.java:477)&#10;&#9;at org.robolectric.shadows.ShadowLegacySQLiteConnection$Connections$2.call(ShadowLegacySQLiteConnection.java:474)&#10;&#9;... 4 more&#10;" type="java.lang.AssertionError">java.lang.AssertionError: Exception. Test failed on activity execution with android.database.sqlite.SQLiteException: Cannot prepare statement, base error code: 1
android.database.sqlite.SQLiteException: Cannot prepare statement, base error code: 1
	at org.robolectric.shadows.ShadowLegacySQLiteConnection$Connections.getSqliteException(ShadowLegacySQLiteConnection.java:893)
	at org.robolectric.shadows.ShadowLegacySQLiteConnection$Connections.getFuture(ShadowLegacySQLiteConnection.java:861)
	at org.robolectric.shadows.ShadowLegacySQLiteConnection$Connections.lambda$execute$1(ShadowLegacySQLiteConnection.java:849)
	at org.robolectric.util.PerfStatsCollector.measure(PerfStatsCollector.java:53)
	at org.robolectric.shadows.ShadowLegacySQLiteConnection$Connections.execute(ShadowLegacySQLiteConnection.java:849)
	at org.robolectric.shadows.ShadowLegacySQLiteConnection$Connections.prepareStatement(ShadowLegacySQLiteConnection.java:472)
	at org.robolectric.shadows.ShadowLegacySQLiteConnection.nativePrepareStatement(ShadowLegacySQLiteConnection.java:94)
	at android.database.sqlite.SQLiteConnection.nativePrepareStatement(SQLiteConnection.java)
	at android.database.sqlite.SQLiteConnection.acquirePreparedStatement(SQLiteConnection.java:986)
	at android.database.sqlite.SQLiteConnection.prepare(SQLiteConnection.java:593)
	at android.database.sqlite.SQLiteSession.prepare(SQLiteSession.java:590)
	at android.database.sqlite.SQLiteProgram.__constructor__(SQLiteProgram.java:61)
	at android.database.sqlite.SQLiteProgram.&lt;init&gt;(SQLiteProgram.java)
	at android.database.sqlite.SQLiteQuery.&lt;init&gt;(SQLiteQuery.java)
	at android.database.sqlite.SQLiteDirectCursorDriver.query(SQLiteDirectCursorDriver.java:46)
	at android.database.sqlite.SQLiteDatabase.rawQueryWithFactory(SQLiteDatabase.java:1443)
	at android.database.sqlite.SQLiteDatabase.queryWithFactory(SQLiteDatabase.java:1290)
	at android.database.sqlite.SQLiteDatabase.query(SQLiteDatabase.java:1161)
	at android.database.sqlite.SQLiteDatabase.query(SQLiteDatabase.java:1329)
	at org.hyperskill.musicplayer.Stage5UnitTest$checkDatabaseDataAfterPlaylistSaveWithExistingPlaylistNameAndDifferentSongs$1.invoke(Stage5UnitTest.kt:245)
	at org.hyperskill.musicplayer.Stage5UnitTest$checkDatabaseDataAfterPlaylistSaveWithExistingPlaylistNameAndDifferentSongs$1.invoke(Stage5UnitTest.kt:211)
	at org.hyperskill.musicplayer.internals.AbstractUnitTest.testActivity(AbstractUnitTest.kt:84)
	at org.hyperskill.musicplayer.internals.AbstractUnitTest.testActivity$default(AbstractUnitTest.kt:75)
	at org.hyperskill.musicplayer.Stage5UnitTest.checkDatabaseDataAfterPlaylistSaveWithExistingPlaylistNameAndDifferentSongs(Stage5UnitTest.kt:211)
	at java.base/jdk.internal.reflect.NativeMethodAccessorImpl.invoke0(Native Method)
	at java.base/jdk.internal.reflect.NativeMethodAccessorImpl.invoke(Unknown Source)
	at java.base/jdk.internal.reflect.DelegatingMethodAccessorImpl.invoke(Unknown Source)
	at org.junit.runners.model.FrameworkMethod$1.runReflectiveCall(FrameworkMethod.java:59)
	at org.junit.internal.runners.model.ReflectiveCallable.run(ReflectiveCallable.java:12)
	at org.junit.runners.model.FrameworkMethod.invokeExplosively(FrameworkMethod.java:56)
	at org.junit.internal.runners.statements.InvokeMethod.evaluate(InvokeMethod.java:17)
	at org.junit.internal.runners.statements.RunBefores.evaluate(RunBefores.java:26)
	at org.junit.runners.ParentRunner$3.evaluate(ParentRunner.java:306)
	at org.robolectric.RobolectricTestRunner$HelperTestRunner$1.evaluate(RobolectricTestRunner.java:591)
	at org.robolectric.internal.SandboxTestRunner$2.lambda$evaluate$0(SandboxTestRunner.java:274)
	at org.robolectric.internal.bytecode.Sandbox.lambda$runOnMainThread$0(Sandbox.java:88)
	at java.base/java.util.concurrent.FutureTask.run(Unknown Source)
	at java.base/java.util.concurrent.ThreadPoolExecutor.runWorker(Unknown Source)
	at java.base/java.util.concurrent.ThreadPoolExecutor$Worker.run(Unknown Source)
	at java.base/java.lang.Thread.run(Unknown Source)
Caused by: java.util.concurrent.ExecutionException: com.almworks.sqlite4java.SQLiteException: [1] DB[11] prepare() SELECT * FROM playlist [no such table: playlist]
	at java.base/java.util.concurrent.FutureTask.report(Unknown Source)
	at java.base/java.util.concurrent.FutureTask.get(Unknown Source)
	at com.google.common.util.concurrent.Uninterruptibles.getUninterruptibly(Uninterruptibles.java:199)
	at org.robolectric.shadows.ShadowLegacySQLiteConnection$Connections.getFuture(ShadowLegacySQLiteConnection.java:855)
	at org.robolectric.shadows.ShadowLegacySQLiteConnection$Connections.lambda$execute$1(ShadowLegacySQLiteConnection.java:849)
	at org.robolectric.util.PerfStatsCollector.measure(PerfStatsCollector.java:53)
	at org.robolectric.shadows.ShadowLegacySQLiteConnection$Connections.execute(ShadowLegacySQLiteConnection.java:849)
	at org.robolectric.shadows.ShadowLegacySQLiteConnection$Connections.prepareStatement(ShadowLegacySQLiteConnection.java:472)
	at org.robolectric.shadows.ShadowLegacySQLiteConnection.nativePrepareStatement(ShadowLegacySQLiteConnection.java:94)
	at android.database.sqlite.SQLiteConnection.nativePrepareStatement(SQLiteConnection.java)
	at android.database.sqlite.SQLiteConnection.$$robo$$android_database_sqlite_SQLiteConnection$acquirePreparedStatement(SQLiteConnection.java:986)
	at android.database.sqlite.SQLiteConnection.acquirePreparedStatement(SQLiteConnection.java)
	at android.database.sqlite.SQLiteConnection.$$robo$$android_database_sqlite_SQLiteConnection$prepare(SQLiteConnection.java:593)
	at android.database.sqlite.SQLiteConnection.prepare(SQLiteConnection.java)
	at android.database.sqlite.SQLiteSession.$$robo$$android_database_sqlite_SQLiteSession$prepare(SQLiteSession.java:590)
	at android.database.sqlite.SQLiteSession.prepare(SQLiteSession.java)
	at android.database.sqlite.SQLiteProgram.$$robo$$android_database_sqlite_SQLiteProgram$__constructor__(SQLiteProgram.java:61)
	at android.database.sqlite.SQLiteProgram.&lt;init&gt;(SQLiteProgram.java)
	at android.database.sqlite.SQLiteQuery.&lt;init&gt;(SQLiteQuery.java)
	at android.database.sqlite.SQLiteDirectCursorDriver.$$robo$$android_database_sqlite_SQLiteDirectCursorDriver$query(SQLiteDirectCursorDriver.java:46)
	at android.database.sqlite.SQLiteDirectCursorDriver.query(SQLiteDirectCursorDriver.java)
	at android.database.sqlite.SQLiteDatabase.$$robo$$android_database_sqlite_SQLiteDatabase$rawQueryWithFactory(SQLiteDatabase.java:1443)
	at android.database.sqlite.SQLiteDatabase.rawQueryWithFactory(SQLiteDatabase.java)
	at android.database.sqlite.SQLiteDatabase.$$robo$$android_database_sqlite_SQLiteDatabase$queryWithFactory(SQLiteDatabase.java:1290)
	at android.database.sqlite.SQLiteDatabase.queryWithFactory(SQLiteDatabase.java)
	at android.database.sqlite.SQLiteDatabase.$$robo$$android_database_sqlite_SQLiteDatabase$query(SQLiteDatabase.java:1161)
	at android.database.sqlite.SQLiteDatabase.query(SQLiteDatabase.java)
	at android.database.sqlite.SQLiteDatabase.$$robo$$android_database_sqlite_SQLiteDatabase$query(SQLiteDatabase.java:1329)
	at android.database.sqlite.SQLiteDatabase.query(SQLiteDatabase.java)
	at org.hyperskill.musicplayer.Stage5UnitTest$checkDatabaseDataAfterPlaylistSaveWithExistingPlaylistNameAndDifferentSongs$1.invoke(Stage5UnitTest.kt:245)
	at org.hyperskill.musicplayer.Stage5UnitTest$checkDatabaseDataAfterPlaylistSaveWithExistingPlaylistNameAndDifferentSongs$1.invoke(Stage5UnitTest.kt:211)
	at org.hyperskill.musicplayer.internals.AbstractUnitTest.testActivity(AbstractUnitTest.kt:84)
	at org.hyperskill.musicplayer.internals.AbstractUnitTest.testActivity$default(AbstractUnitTest.kt:75)
	at org.hyperskill.musicplayer.Stage5UnitTest.checkDatabaseDataAfterPlaylistSaveWithExistingPlaylistNameAndDifferentSongs(Stage5UnitTest.kt:211)
	at java.base/jdk.internal.reflect.NativeMethodAccessorImpl.invoke0(Native Method)
	at java.base/jdk.internal.reflect.NativeMethodAccessorImpl.invoke(Unknown Source)
	at java.base/jdk.internal.reflect.DelegatingMethodAccessorImpl.invoke(Unknown Source)
	at java.base/java.lang.reflect.Method.invoke(Unknown Source)
	... 13 more
Caused by: com.almworks.sqlite4java.SQLiteException: [1] DB[11] prepare() SELECT * FROM playlist [no such table: playlist]
	at com.almworks.sqlite4java.SQLiteConnection.throwResult(SQLiteConnection.java:1436)
	at com.almworks.sqlite4java.SQLiteConnection.prepare(SQLiteConnection.java:580)
	at com.almworks.sqlite4java.SQLiteConnection.prepare(SQLiteConnection.java:635)
	at com.almworks.sqlite4java.SQLiteConnection.prepare(SQLiteConnection.java:622)
	at org.robolectric.shadows.ShadowLegacySQLiteConnection$Connections$2.call(ShadowLegacySQLiteConnection.java:477)
	at org.robolectric.shadows.ShadowLegacySQLiteConnection$Connections$2.call(ShadowLegacySQLiteConnection.java:474)
	... 4 more

	at org.hyperskill.musicplayer.internals.AbstractUnitTest.testActivity(AbstractUnitTest.kt:86)
	at org.hyperskill.musicplayer.internals.AbstractUnitTest.testActivity$default(AbstractUnitTest.kt:75)
	at org.hyperskill.musicplayer.Stage5UnitTest.checkDatabaseDataAfterPlaylistSaveWithExistingPlaylistNameAndDifferentSongs(Stage5UnitTest.kt:211)
	at java.base/jdk.internal.reflect.NativeMethodAccessorImpl.invoke0(Native Method)
	at java.base/jdk.internal.reflect.NativeMethodAccessorImpl.invoke(Unknown Source)
	at java.base/jdk.internal.reflect.DelegatingMethodAccessorImpl.invoke(Unknown Source)
	at java.base/java.lang.reflect.Method.invoke(Unknown Source)
	at org.junit.runners.model.FrameworkMethod$1.runReflectiveCall(FrameworkMethod.java:59)
	at org.junit.internal.runners.model.ReflectiveCallable.run(ReflectiveCallable.java:12)
	at org.junit.runners.model.FrameworkMethod.invokeExplosively(FrameworkMethod.java:56)
	at org.junit.internal.runners.statements.InvokeMethod.evaluate(InvokeMethod.java:17)
	at org.junit.internal.runners.statements.RunBefores.evaluate(RunBefores.java:26)
	at org.junit.runners.ParentRunner$3.evaluate(ParentRunner.java:306)
	at org.robolectric.RobolectricTestRunner$HelperTestRunner$1.evaluate(RobolectricTestRunner.java:591)
	at org.robolectric.internal.SandboxTestRunner$2.lambda$evaluate$0(SandboxTestRunner.java:274)
	at org.robolectric.internal.bytecode.Sandbox.lambda$runOnMainThread$0(Sandbox.java:88)
	at java.base/java.util.concurrent.FutureTask.run(Unknown Source)
	at java.base/java.util.concurrent.ThreadPoolExecutor.runWorker(Unknown Source)
	at java.base/java.util.concurrent.ThreadPoolExecutor$Worker.run(Unknown Source)
	at java.base/java.lang.Thread.run(Unknown Source)
</failure>
  </testcase>
  <testcase name="checkAutomaticSearchOnPlaylistLoad" classname="org.hyperskill.musicplayer.Stage5UnitTest" time="0.655">
    <failure message="java.lang.AssertionError: Wrong list displayed on AlertDialog after click on mainMenuItemLoadPlaylist expected:&lt;[All Songs, Party Songs]&gt; but was:&lt;[All songs]&gt;" type="java.lang.AssertionError">java.lang.AssertionError: Wrong list displayed on AlertDialog after click on mainMenuItemLoadPlaylist expected:&lt;[All Songs, Party Songs]&gt; but was:&lt;[All songs]&gt;
	at org.junit.Assert.fail(Assert.java:89)
	at org.junit.Assert.failNotEquals(Assert.java:835)
	at org.junit.Assert.assertEquals(Assert.java:120)
	at org.hyperskill.musicplayer.internals.MusicPlayerUnitTests.loadPlaylist(MusicPlayerUnitTests.kt:427)
	at org.hyperskill.musicplayer.Stage5UnitTest$checkAutomaticSearchOnPlaylistLoad$2.invoke(Stage5UnitTest.kt:428)
	at org.hyperskill.musicplayer.Stage5UnitTest$checkAutomaticSearchOnPlaylistLoad$2.invoke(Stage5UnitTest.kt:424)
	at org.hyperskill.musicplayer.internals.AbstractUnitTest.testActivity(AbstractUnitTest.kt:84)
	at org.hyperskill.musicplayer.internals.AbstractUnitTest.testActivity$default(AbstractUnitTest.kt:75)
	at org.hyperskill.musicplayer.Stage5UnitTest.checkAutomaticSearchOnPlaylistLoad(Stage5UnitTest.kt:424)
	at java.base/jdk.internal.reflect.NativeMethodAccessorImpl.invoke0(Native Method)
	at java.base/jdk.internal.reflect.NativeMethodAccessorImpl.invoke(Unknown Source)
	at java.base/jdk.internal.reflect.DelegatingMethodAccessorImpl.invoke(Unknown Source)
	at java.base/java.lang.reflect.Method.invoke(Unknown Source)
	at org.junit.runners.model.FrameworkMethod$1.runReflectiveCall(FrameworkMethod.java:59)
	at org.junit.internal.runners.model.ReflectiveCallable.run(ReflectiveCallable.java:12)
	at org.junit.runners.model.FrameworkMethod.invokeExplosively(FrameworkMethod.java:56)
	at org.junit.internal.runners.statements.InvokeMethod.evaluate(InvokeMethod.java:17)
	at org.junit.internal.runners.statements.RunBefores.evaluate(RunBefores.java:26)
	at org.junit.runners.ParentRunner$3.evaluate(ParentRunner.java:306)
	at org.robolectric.RobolectricTestRunner$HelperTestRunner$1.evaluate(RobolectricTestRunner.java:591)
	at org.robolectric.internal.SandboxTestRunner$2.lambda$evaluate$0(SandboxTestRunner.java:274)
	at org.robolectric.internal.bytecode.Sandbox.lambda$runOnMainThread$0(Sandbox.java:88)
	at java.base/java.util.concurrent.FutureTask.run(Unknown Source)
	at java.base/java.util.concurrent.ThreadPoolExecutor.runWorker(Unknown Source)
	at java.base/java.util.concurrent.ThreadPoolExecutor$Worker.run(Unknown Source)
	at java.base/java.lang.Thread.run(Unknown Source)
</failure>
  </testcase>
  <testcase name="checkLoadPlaylistFromDatabase" classname="org.hyperskill.musicplayer.Stage5UnitTest" time="0.473">
    <failure message="java.lang.AssertionError: Wrong list displayed on AlertDialog after click on mainMenuItemLoadPlaylist expected:&lt;[All Songs, fake songs]&gt; but was:&lt;[All songs]&gt;" type="java.lang.AssertionError">java.lang.AssertionError: Wrong list displayed on AlertDialog after click on mainMenuItemLoadPlaylist expected:&lt;[All Songs, fake songs]&gt; but was:&lt;[All songs]&gt;
	at org.junit.Assert.fail(Assert.java:89)
	at org.junit.Assert.failNotEquals(Assert.java:835)
	at org.junit.Assert.assertEquals(Assert.java:120)
	at org.hyperskill.musicplayer.internals.MusicPlayerUnitTests.loadPlaylist(MusicPlayerUnitTests.kt:427)
	at org.hyperskill.musicplayer.Stage5UnitTest$checkLoadPlaylistFromDatabase$2.invoke(Stage5UnitTest.kt:391)
	at org.hyperskill.musicplayer.Stage5UnitTest$checkLoadPlaylistFromDatabase$2.invoke(Stage5UnitTest.kt:383)
	at org.hyperskill.musicplayer.internals.AbstractUnitTest.testActivity(AbstractUnitTest.kt:84)
	at org.hyperskill.musicplayer.internals.AbstractUnitTest.testActivity$default(AbstractUnitTest.kt:75)
	at org.hyperskill.musicplayer.Stage5UnitTest.checkLoadPlaylistFromDatabase(Stage5UnitTest.kt:383)
	at java.base/jdk.internal.reflect.NativeMethodAccessorImpl.invoke0(Native Method)
	at java.base/jdk.internal.reflect.NativeMethodAccessorImpl.invoke(Unknown Source)
	at java.base/jdk.internal.reflect.DelegatingMethodAccessorImpl.invoke(Unknown Source)
	at java.base/java.lang.reflect.Method.invoke(Unknown Source)
	at org.junit.runners.model.FrameworkMethod$1.runReflectiveCall(FrameworkMethod.java:59)
	at org.junit.internal.runners.model.ReflectiveCallable.run(ReflectiveCallable.java:12)
	at org.junit.runners.model.FrameworkMethod.invokeExplosively(FrameworkMethod.java:56)
	at org.junit.internal.runners.statements.InvokeMethod.evaluate(InvokeMethod.java:17)
	at org.junit.internal.runners.statements.RunBefores.evaluate(RunBefores.java:26)
	at org.junit.runners.ParentRunner$3.evaluate(ParentRunner.java:306)
	at org.robolectric.RobolectricTestRunner$HelperTestRunner$1.evaluate(RobolectricTestRunner.java:591)
	at org.robolectric.internal.SandboxTestRunner$2.lambda$evaluate$0(SandboxTestRunner.java:274)
	at org.robolectric.internal.bytecode.Sandbox.lambda$runOnMainThread$0(Sandbox.java:88)
	at java.base/java.util.concurrent.FutureTask.run(Unknown Source)
	at java.base/java.util.concurrent.ThreadPoolExecutor.runWorker(Unknown Source)
	at java.base/java.util.concurrent.ThreadPoolExecutor$Worker.run(Unknown Source)
	at java.base/java.lang.Thread.run(Unknown Source)
</failure>
  </testcase>
  <system-out><![CDATA[Called loadFromPath(/system/framework/framework-res.apk, true); mode=binary sdk=29
resources.arsc in APK '/Users/mikhailshauchenka/.m2/repository/org/robolectric/android-all-instrumented/10-robolectric-5803371-i3/android-all-instrumented-10-robolectric-5803371-i3.jar' is compressed.
]]></system-out>
  <system-err><![CDATA[]]></system-err>
</testsuite>
