<?xml version="1.0" encoding="UTF-8"?>
<testsuite name="org.hyperskill.musicplayer.Stage1UnitTestB" tests="9" skipped="1" failures="0" errors="0" timestamp="2024-02-08T17:26:54" hostname="Kristinas-MacBook-Pro.local" time="1.137">
  <properties/>
  <testcase name="checkPlayerControllerFragmentComponentsExist" classname="org.hyperskill.musicplayer.Stage1UnitTestB" time="0.123"/>
  <testcase name="checkMenuItemLoadPlaylist" classname="org.hyperskill.musicplayer.Stage1UnitTestB" time="0.153"/>
  <testcase name="checkControllerPlayPauseButtonBeforeSearch" classname="org.hyperskill.musicplayer.Stage1UnitTestB" time="0.113"/>
  <testcase name="checkSearchButtonNoSongsFound" classname="org.hyperskill.musicplayer.Stage1UnitTestB" time="0.0">
    <skipped/>
  </testcase>
  <testcase name="checkMenuItemDeletePlaylist" classname="org.hyperskill.musicplayer.Stage1UnitTestB" time="0.159"/>
  <testcase name="checkControllerStopButtonBeforeSearch" classname="org.hyperskill.musicplayer.Stage1UnitTestB" time="0.12"/>
  <testcase name="checkControllerSeekBarBeforeSearch" classname="org.hyperskill.musicplayer.Stage1UnitTestB" time="0.153"/>
  <testcase name="checkMainActivityComponentsExist" classname="org.hyperskill.musicplayer.Stage1UnitTestB" time="0.159"/>
  <testcase name="checkMenuItemAddPlaylistWithNoSongs" classname="org.hyperskill.musicplayer.Stage1UnitTestB" time="0.151"/>
  <system-out><![CDATA[]]></system-out>
  <system-err><![CDATA[]]></system-err>
</testsuite>
