<?xml version="1.0" encoding="UTF-8"?>
<testsuite name="org.hyperskill.musicplayer.Stage2UnitTest" tests="26" skipped="0" failures="16" errors="0" timestamp="2024-02-02T17:57:26" hostname="Kristinas-MacBook-Pro.local" time="11.21">
  <properties/>
  <testcase name="checkDeletePlaylistOnPlayMusicStateWithCurrentPlaylistBeingDeleted" classname="org.hyperskill.musicplayer.Stage2UnitTest" time="1.52"/>
  <testcase name="checkListItemImgChangeMixedClicks" classname="org.hyperskill.musicplayer.Stage2UnitTest" time="0.254">
    <failure message="java.lang.AssertionError: After clicking on controllerBtnPlayPause on a playing song the image displayed should change to R.drawable.ic_play" type="java.lang.AssertionError">java.lang.AssertionError: After clicking on controllerBtnPlayPause on a playing song the image displayed should change to R.drawable.ic_play
	at org.junit.Assert.fail(Assert.java:89)
	at org.junit.Assert.assertTrue(Assert.java:42)
	at org.hyperskill.musicplayer.internals.MusicPlayerUnitTests.assertCreatedFromResourceId(MusicPlayerUnitTests.kt:297)
	at org.hyperskill.musicplayer.Stage2UnitTest$checkListItemImgChangeMixedClicks$1$1.invoke(Stage2UnitTest.kt:470)
	at org.hyperskill.musicplayer.Stage2UnitTest$checkListItemImgChangeMixedClicks$1$1.invoke(Stage2UnitTest.kt:428)
	at org.hyperskill.musicplayer.internals.MusicPlayerUnitTests.assertSingleListItem(MusicPlayerUnitTests.kt:258)
	at org.hyperskill.musicplayer.Stage2UnitTest$checkListItemImgChangeMixedClicks$1.invoke(Stage2UnitTest.kt:428)
	at org.hyperskill.musicplayer.Stage2UnitTest$checkListItemImgChangeMixedClicks$1.invoke(Stage2UnitTest.kt:414)
	at org.hyperskill.musicplayer.internals.AbstractUnitTest.testActivity(AbstractUnitTest.kt:84)
	at org.hyperskill.musicplayer.internals.AbstractUnitTest.testActivity$default(AbstractUnitTest.kt:75)
	at org.hyperskill.musicplayer.Stage2UnitTest.checkListItemImgChangeMixedClicks(Stage2UnitTest.kt:414)
	at java.base/jdk.internal.reflect.NativeMethodAccessorImpl.invoke0(Native Method)
	at java.base/jdk.internal.reflect.NativeMethodAccessorImpl.invoke(Unknown Source)
	at java.base/jdk.internal.reflect.DelegatingMethodAccessorImpl.invoke(Unknown Source)
	at java.base/java.lang.reflect.Method.invoke(Unknown Source)
	at org.junit.runners.model.FrameworkMethod$1.runReflectiveCall(FrameworkMethod.java:59)
	at org.junit.internal.runners.model.ReflectiveCallable.run(ReflectiveCallable.java:12)
	at org.junit.runners.model.FrameworkMethod.invokeExplosively(FrameworkMethod.java:56)
	at org.junit.internal.runners.statements.InvokeMethod.evaluate(InvokeMethod.java:17)
	at org.junit.internal.runners.statements.RunBefores.evaluate(RunBefores.java:26)
	at org.junit.runners.ParentRunner$3.evaluate(ParentRunner.java:306)
	at org.robolectric.RobolectricTestRunner$HelperTestRunner$1.evaluate(RobolectricTestRunner.java:591)
	at org.robolectric.internal.SandboxTestRunner$2.lambda$evaluate$0(SandboxTestRunner.java:274)
	at org.robolectric.internal.bytecode.Sandbox.lambda$runOnMainThread$0(Sandbox.java:88)
	at java.base/java.util.concurrent.FutureTask.run(Unknown Source)
	at java.base/java.util.concurrent.ThreadPoolExecutor.runWorker(Unknown Source)
	at java.base/java.util.concurrent.ThreadPoolExecutor$Worker.run(Unknown Source)
	at java.base/java.lang.Thread.run(Unknown Source)
	Suppressed: org.robolectric.android.internal.AndroidTestEnvironment$UnExecutedRunnablesException: Main looper has queued unexecuted runnables. This might be the cause of the test failure. You might need a shadowOf(Looper.getMainLooper()).idle() call.
</failure>
  </testcase>
  <testcase name="checkCurrentTrackImgChangeAfterControllerStopButtonClickWithCurrentTrackPlaying" classname="org.hyperskill.musicplayer.Stage2UnitTest" time="0.304">
    <failure message="java.lang.AssertionError: After clicking on controllerBtnStop on a playing song the image displayed should change to R.drawable.ic_play" type="java.lang.AssertionError">java.lang.AssertionError: After clicking on controllerBtnStop on a playing song the image displayed should change to R.drawable.ic_play
	at org.junit.Assert.fail(Assert.java:89)
	at org.junit.Assert.assertTrue(Assert.java:42)
	at org.hyperskill.musicplayer.internals.MusicPlayerUnitTests.assertCreatedFromResourceId(MusicPlayerUnitTests.kt:297)
	at org.hyperskill.musicplayer.Stage2UnitTest$checkCurrentTrackImgChangeAfterControllerStopButtonClickWithCurrentTrackPlaying$1$1.invoke(Stage2UnitTest.kt:366)
	at org.hyperskill.musicplayer.Stage2UnitTest$checkCurrentTrackImgChangeAfterControllerStopButtonClickWithCurrentTrackPlaying$1$1.invoke(Stage2UnitTest.kt:342)
	at org.hyperskill.musicplayer.internals.MusicPlayerUnitTests.assertSingleListItem(MusicPlayerUnitTests.kt:258)
	at org.hyperskill.musicplayer.Stage2UnitTest$checkCurrentTrackImgChangeAfterControllerStopButtonClickWithCurrentTrackPlaying$1.invoke(Stage2UnitTest.kt:342)
	at org.hyperskill.musicplayer.Stage2UnitTest$checkCurrentTrackImgChangeAfterControllerStopButtonClickWithCurrentTrackPlaying$1.invoke(Stage2UnitTest.kt:330)
	at org.hyperskill.musicplayer.internals.AbstractUnitTest.testActivity(AbstractUnitTest.kt:84)
	at org.hyperskill.musicplayer.internals.AbstractUnitTest.testActivity$default(AbstractUnitTest.kt:75)
	at org.hyperskill.musicplayer.Stage2UnitTest.checkCurrentTrackImgChangeAfterControllerStopButtonClickWithCurrentTrackPlaying(Stage2UnitTest.kt:330)
	at java.base/jdk.internal.reflect.NativeMethodAccessorImpl.invoke0(Native Method)
	at java.base/jdk.internal.reflect.NativeMethodAccessorImpl.invoke(Unknown Source)
	at java.base/jdk.internal.reflect.DelegatingMethodAccessorImpl.invoke(Unknown Source)
	at java.base/java.lang.reflect.Method.invoke(Unknown Source)
	at org.junit.runners.model.FrameworkMethod$1.runReflectiveCall(FrameworkMethod.java:59)
	at org.junit.internal.runners.model.ReflectiveCallable.run(ReflectiveCallable.java:12)
	at org.junit.runners.model.FrameworkMethod.invokeExplosively(FrameworkMethod.java:56)
	at org.junit.internal.runners.statements.InvokeMethod.evaluate(InvokeMethod.java:17)
	at org.junit.internal.runners.statements.RunBefores.evaluate(RunBefores.java:26)
	at org.junit.runners.ParentRunner$3.evaluate(ParentRunner.java:306)
	at org.robolectric.RobolectricTestRunner$HelperTestRunner$1.evaluate(RobolectricTestRunner.java:591)
	at org.robolectric.internal.SandboxTestRunner$2.lambda$evaluate$0(SandboxTestRunner.java:274)
	at org.robolectric.internal.bytecode.Sandbox.lambda$runOnMainThread$0(Sandbox.java:88)
	at java.base/java.util.concurrent.FutureTask.run(Unknown Source)
	at java.base/java.util.concurrent.ThreadPoolExecutor.runWorker(Unknown Source)
	at java.base/java.util.concurrent.ThreadPoolExecutor$Worker.run(Unknown Source)
	at java.base/java.lang.Thread.run(Unknown Source)
	Suppressed: org.robolectric.android.internal.AndroidTestEnvironment$UnExecutedRunnablesException: Main looper has queued unexecuted runnables. This might be the cause of the test failure. You might need a shadowOf(Looper.getMainLooper()).idle() call.
</failure>
  </testcase>
  <testcase name="checkWhenCurrentTrackChangesAndOldCurrentTrackIsNotPlayingImageRemains" classname="org.hyperskill.musicplayer.Stage2UnitTest" time="0.404"/>
  <testcase name="checkAddingPlaylistWithEmptyListAddedToastErrorEmptyListMessage" classname="org.hyperskill.musicplayer.Stage2UnitTest" time="0.337"/>
  <testcase name="checkSongListAfterInitialClickOnSearch" classname="org.hyperskill.musicplayer.Stage2UnitTest" time="0.22"/>
  <testcase name="checkAfterInitialSearchFirstListItemIsCurrentTrackAndRespondToControllerPlayPauseButton" classname="org.hyperskill.musicplayer.Stage2UnitTest" time="0.188">
    <failure message="java.lang.AssertionError: After clicking on songItemPlayPauseImgBtn on a playing song the image displayed should change to R.drawable.ic_play" type="java.lang.AssertionError">java.lang.AssertionError: After clicking on songItemPlayPauseImgBtn on a playing song the image displayed should change to R.drawable.ic_play
	at org.junit.Assert.fail(Assert.java:89)
	at org.junit.Assert.assertTrue(Assert.java:42)
	at org.hyperskill.musicplayer.internals.MusicPlayerUnitTests.assertCreatedFromResourceId(MusicPlayerUnitTests.kt:297)
	at org.hyperskill.musicplayer.Stage2UnitTest$checkAfterInitialSearchFirstListItemIsCurrentTrackAndRespondToControllerPlayPauseButton$1$1.invoke(Stage2UnitTest.kt:318)
	at org.hyperskill.musicplayer.Stage2UnitTest$checkAfterInitialSearchFirstListItemIsCurrentTrackAndRespondToControllerPlayPauseButton$1$1.invoke(Stage2UnitTest.kt:293)
	at org.hyperskill.musicplayer.internals.MusicPlayerUnitTests.assertSingleListItem(MusicPlayerUnitTests.kt:258)
	at org.hyperskill.musicplayer.Stage2UnitTest$checkAfterInitialSearchFirstListItemIsCurrentTrackAndRespondToControllerPlayPauseButton$1.invoke(Stage2UnitTest.kt:293)
	at org.hyperskill.musicplayer.Stage2UnitTest$checkAfterInitialSearchFirstListItemIsCurrentTrackAndRespondToControllerPlayPauseButton$1.invoke(Stage2UnitTest.kt:283)
	at org.hyperskill.musicplayer.internals.AbstractUnitTest.testActivity(AbstractUnitTest.kt:84)
	at org.hyperskill.musicplayer.internals.AbstractUnitTest.testActivity$default(AbstractUnitTest.kt:75)
	at org.hyperskill.musicplayer.Stage2UnitTest.checkAfterInitialSearchFirstListItemIsCurrentTrackAndRespondToControllerPlayPauseButton(Stage2UnitTest.kt:283)
	at java.base/jdk.internal.reflect.NativeMethodAccessorImpl.invoke0(Native Method)
	at java.base/jdk.internal.reflect.NativeMethodAccessorImpl.invoke(Unknown Source)
	at java.base/jdk.internal.reflect.DelegatingMethodAccessorImpl.invoke(Unknown Source)
	at java.base/java.lang.reflect.Method.invoke(Unknown Source)
	at org.junit.runners.model.FrameworkMethod$1.runReflectiveCall(FrameworkMethod.java:59)
	at org.junit.internal.runners.model.ReflectiveCallable.run(ReflectiveCallable.java:12)
	at org.junit.runners.model.FrameworkMethod.invokeExplosively(FrameworkMethod.java:56)
	at org.junit.internal.runners.statements.InvokeMethod.evaluate(InvokeMethod.java:17)
	at org.junit.internal.runners.statements.RunBefores.evaluate(RunBefores.java:26)
	at org.junit.runners.ParentRunner$3.evaluate(ParentRunner.java:306)
	at org.robolectric.RobolectricTestRunner$HelperTestRunner$1.evaluate(RobolectricTestRunner.java:591)
	at org.robolectric.internal.SandboxTestRunner$2.lambda$evaluate$0(SandboxTestRunner.java:274)
	at org.robolectric.internal.bytecode.Sandbox.lambda$runOnMainThread$0(Sandbox.java:88)
	at java.base/java.util.concurrent.FutureTask.run(Unknown Source)
	at java.base/java.util.concurrent.ThreadPoolExecutor.runWorker(Unknown Source)
	at java.base/java.util.concurrent.ThreadPoolExecutor$Worker.run(Unknown Source)
	at java.base/java.lang.Thread.run(Unknown Source)
	Suppressed: org.robolectric.android.internal.AndroidTestEnvironment$UnExecutedRunnablesException: Main looper has queued unexecuted runnables. This might be the cause of the test failure. You might need a shadowOf(Looper.getMainLooper()).idle() call.
</failure>
  </testcase>
  <testcase name="checkLoadPlaylistInAddPlaylistStateKeepsSelectedItemsById" classname="org.hyperskill.musicplayer.Stage2UnitTest" time="0.787">
    <failure message="java.lang.AssertionError: Incorrect number of list items expected:&lt;6&gt; but was:&lt;0&gt;" type="java.lang.AssertionError">java.lang.AssertionError: Incorrect number of list items expected:&lt;6&gt; but was:&lt;0&gt;
	at org.junit.Assert.fail(Assert.java:89)
	at org.junit.Assert.failNotEquals(Assert.java:835)
	at org.junit.Assert.assertEquals(Assert.java:120)
	at org.hyperskill.musicplayer.internals.MusicPlayerUnitTests.assertListItems(MusicPlayerUnitTests.kt:136)
	at org.hyperskill.musicplayer.Stage2UnitTest$checkLoadPlaylistInAddPlaylistStateKeepsSelectedItemsById$1.invoke(Stage2UnitTest.kt:1189)
	at org.hyperskill.musicplayer.Stage2UnitTest$checkLoadPlaylistInAddPlaylistStateKeepsSelectedItemsById$1.invoke(Stage2UnitTest.kt:1132)
	at org.hyperskill.musicplayer.internals.AbstractUnitTest.testActivity(AbstractUnitTest.kt:84)
	at org.hyperskill.musicplayer.internals.AbstractUnitTest.testActivity$default(AbstractUnitTest.kt:75)
	at org.hyperskill.musicplayer.Stage2UnitTest.checkLoadPlaylistInAddPlaylistStateKeepsSelectedItemsById(Stage2UnitTest.kt:1132)
	at java.base/jdk.internal.reflect.NativeMethodAccessorImpl.invoke0(Native Method)
	at java.base/jdk.internal.reflect.NativeMethodAccessorImpl.invoke(Unknown Source)
	at java.base/jdk.internal.reflect.DelegatingMethodAccessorImpl.invoke(Unknown Source)
	at java.base/java.lang.reflect.Method.invoke(Unknown Source)
	at org.junit.runners.model.FrameworkMethod$1.runReflectiveCall(FrameworkMethod.java:59)
	at org.junit.internal.runners.model.ReflectiveCallable.run(ReflectiveCallable.java:12)
	at org.junit.runners.model.FrameworkMethod.invokeExplosively(FrameworkMethod.java:56)
	at org.junit.internal.runners.statements.InvokeMethod.evaluate(InvokeMethod.java:17)
	at org.junit.internal.runners.statements.RunBefores.evaluate(RunBefores.java:26)
	at org.junit.runners.ParentRunner$3.evaluate(ParentRunner.java:306)
	at org.robolectric.RobolectricTestRunner$HelperTestRunner$1.evaluate(RobolectricTestRunner.java:591)
	at org.robolectric.internal.SandboxTestRunner$2.lambda$evaluate$0(SandboxTestRunner.java:274)
	at org.robolectric.internal.bytecode.Sandbox.lambda$runOnMainThread$0(Sandbox.java:88)
	at java.base/java.util.concurrent.FutureTask.run(Unknown Source)
	at java.base/java.util.concurrent.ThreadPoolExecutor.runWorker(Unknown Source)
	at java.base/java.util.concurrent.ThreadPoolExecutor$Worker.run(Unknown Source)
	at java.base/java.lang.Thread.run(Unknown Source)
</failure>
  </testcase>
  <testcase name="checkAddPlaylistStateTriggeredByMenuItem" classname="org.hyperskill.musicplayer.Stage2UnitTest" time="0.329"/>
  <testcase name="checkWhenCurrentTrackChangesAndOldCurrentTrackIsPlayingImageChangesToPaused" classname="org.hyperskill.musicplayer.Stage2UnitTest" time="0.214"/>
  <testcase name="checkLoadPlaylistInAddPlaylistStateKeepsCurrentTrackWhenReturningToPlayMusicState" classname="org.hyperskill.musicplayer.Stage2UnitTest" time="0.702">
    <failure message="java.lang.AssertionError: Incorrect number of list items expected:&lt;10&gt; but was:&lt;1&gt;" type="java.lang.AssertionError">java.lang.AssertionError: Incorrect number of list items expected:&lt;10&gt; but was:&lt;1&gt;
	at org.junit.Assert.fail(Assert.java:89)
	at org.junit.Assert.failNotEquals(Assert.java:835)
	at org.junit.Assert.assertEquals(Assert.java:120)
	at org.hyperskill.musicplayer.internals.MusicPlayerUnitTests.assertListItems(MusicPlayerUnitTests.kt:136)
	at org.hyperskill.musicplayer.Stage2UnitTest$checkLoadPlaylistInAddPlaylistStateKeepsCurrentTrackWhenReturningToPlayMusicState$1.invoke(Stage2UnitTest.kt:1258)
	at org.hyperskill.musicplayer.Stage2UnitTest$checkLoadPlaylistInAddPlaylistStateKeepsCurrentTrackWhenReturningToPlayMusicState$1.invoke(Stage2UnitTest.kt:1219)
	at org.hyperskill.musicplayer.internals.AbstractUnitTest.testActivity(AbstractUnitTest.kt:84)
	at org.hyperskill.musicplayer.internals.AbstractUnitTest.testActivity$default(AbstractUnitTest.kt:75)
	at org.hyperskill.musicplayer.Stage2UnitTest.checkLoadPlaylistInAddPlaylistStateKeepsCurrentTrackWhenReturningToPlayMusicState(Stage2UnitTest.kt:1219)
	at java.base/jdk.internal.reflect.NativeMethodAccessorImpl.invoke0(Native Method)
	at java.base/jdk.internal.reflect.NativeMethodAccessorImpl.invoke(Unknown Source)
	at java.base/jdk.internal.reflect.DelegatingMethodAccessorImpl.invoke(Unknown Source)
	at java.base/java.lang.reflect.Method.invoke(Unknown Source)
	at org.junit.runners.model.FrameworkMethod$1.runReflectiveCall(FrameworkMethod.java:59)
	at org.junit.internal.runners.model.ReflectiveCallable.run(ReflectiveCallable.java:12)
	at org.junit.runners.model.FrameworkMethod.invokeExplosively(FrameworkMethod.java:56)
	at org.junit.internal.runners.statements.InvokeMethod.evaluate(InvokeMethod.java:17)
	at org.junit.internal.runners.statements.RunBefores.evaluate(RunBefores.java:26)
	at org.junit.runners.ParentRunner$3.evaluate(ParentRunner.java:306)
	at org.robolectric.RobolectricTestRunner$HelperTestRunner$1.evaluate(RobolectricTestRunner.java:591)
	at org.robolectric.internal.SandboxTestRunner$2.lambda$evaluate$0(SandboxTestRunner.java:274)
	at org.robolectric.internal.bytecode.Sandbox.lambda$runOnMainThread$0(Sandbox.java:88)
	at java.base/java.util.concurrent.FutureTask.run(Unknown Source)
	at java.base/java.util.concurrent.ThreadPoolExecutor.runWorker(Unknown Source)
	at java.base/java.util.concurrent.ThreadPoolExecutor$Worker.run(Unknown Source)
	at java.base/java.lang.Thread.run(Unknown Source)
</failure>
  </testcase>
  <testcase name="checkLoadPlaylistInPlayMusicStateAfterAddingPlaylistWithMainMenuItem" classname="org.hyperskill.musicplayer.Stage2UnitTest" time="0.495">
    <failure message="java.lang.AssertionError: After clicking on controllerBtnPlayPause on a playing song the image displayed should change to R.drawable.ic_play" type="java.lang.AssertionError">java.lang.AssertionError: After clicking on controllerBtnPlayPause on a playing song the image displayed should change to R.drawable.ic_play
	at org.junit.Assert.fail(Assert.java:89)
	at org.junit.Assert.assertTrue(Assert.java:42)
	at org.hyperskill.musicplayer.internals.MusicPlayerUnitTests.assertCreatedFromResourceId(MusicPlayerUnitTests.kt:297)
	at org.hyperskill.musicplayer.Stage2UnitTest$checkLoadPlaylistInPlayMusicStateAfterAddingPlaylistWithMainMenuItem$1$1.invoke(Stage2UnitTest.kt:687)
	at org.hyperskill.musicplayer.Stage2UnitTest$checkLoadPlaylistInPlayMusicStateAfterAddingPlaylistWithMainMenuItem$1$1.invoke(Stage2UnitTest.kt:654)
	at org.hyperskill.musicplayer.internals.MusicPlayerUnitTests.assertListItems(MusicPlayerUnitTests.kt:158)
	at org.hyperskill.musicplayer.Stage2UnitTest$checkLoadPlaylistInPlayMusicStateAfterAddingPlaylistWithMainMenuItem$1.invoke(Stage2UnitTest.kt:654)
	at org.hyperskill.musicplayer.Stage2UnitTest$checkLoadPlaylistInPlayMusicStateAfterAddingPlaylistWithMainMenuItem$1.invoke(Stage2UnitTest.kt:626)
	at org.hyperskill.musicplayer.internals.AbstractUnitTest.testActivity(AbstractUnitTest.kt:84)
	at org.hyperskill.musicplayer.internals.AbstractUnitTest.testActivity$default(AbstractUnitTest.kt:75)
	at org.hyperskill.musicplayer.Stage2UnitTest.checkLoadPlaylistInPlayMusicStateAfterAddingPlaylistWithMainMenuItem(Stage2UnitTest.kt:626)
	at java.base/jdk.internal.reflect.NativeMethodAccessorImpl.invoke0(Native Method)
	at java.base/jdk.internal.reflect.NativeMethodAccessorImpl.invoke(Unknown Source)
	at java.base/jdk.internal.reflect.DelegatingMethodAccessorImpl.invoke(Unknown Source)
	at java.base/java.lang.reflect.Method.invoke(Unknown Source)
	at org.junit.runners.model.FrameworkMethod$1.runReflectiveCall(FrameworkMethod.java:59)
	at org.junit.internal.runners.model.ReflectiveCallable.run(ReflectiveCallable.java:12)
	at org.junit.runners.model.FrameworkMethod.invokeExplosively(FrameworkMethod.java:56)
	at org.junit.internal.runners.statements.InvokeMethod.evaluate(InvokeMethod.java:17)
	at org.junit.internal.runners.statements.RunBefores.evaluate(RunBefores.java:26)
	at org.junit.runners.ParentRunner$3.evaluate(ParentRunner.java:306)
	at org.robolectric.RobolectricTestRunner$HelperTestRunner$1.evaluate(RobolectricTestRunner.java:591)
	at org.robolectric.internal.SandboxTestRunner$2.lambda$evaluate$0(SandboxTestRunner.java:274)
	at org.robolectric.internal.bytecode.Sandbox.lambda$runOnMainThread$0(Sandbox.java:88)
	at java.base/java.util.concurrent.FutureTask.run(Unknown Source)
	at java.base/java.util.concurrent.ThreadPoolExecutor.runWorker(Unknown Source)
	at java.base/java.util.concurrent.ThreadPoolExecutor$Worker.run(Unknown Source)
	at java.base/java.lang.Thread.run(Unknown Source)
	Suppressed: org.robolectric.android.internal.AndroidTestEnvironment$UnExecutedRunnablesException: Main looper has queued unexecuted runnables. This might be the cause of the test failure. You might need a shadowOf(Looper.getMainLooper()).idle() call.
</failure>
  </testcase>
  <testcase name="checkCancelingAddPlaylistKeepsCurrentTrackPlayingState" classname="org.hyperskill.musicplayer.Stage2UnitTest" time="0.298">
    <failure message="java.lang.AssertionError: Incorrect number of list items expected:&lt;10&gt; but was:&lt;1&gt;" type="java.lang.AssertionError">java.lang.AssertionError: Incorrect number of list items expected:&lt;10&gt; but was:&lt;1&gt;
	at org.junit.Assert.fail(Assert.java:89)
	at org.junit.Assert.failNotEquals(Assert.java:835)
	at org.junit.Assert.assertEquals(Assert.java:120)
	at org.hyperskill.musicplayer.internals.MusicPlayerUnitTests.assertListItems(MusicPlayerUnitTests.kt:136)
	at org.hyperskill.musicplayer.Stage2UnitTest$checkCancelingAddPlaylistKeepsCurrentTrackPlayingState$1.invoke(Stage2UnitTest.kt:1431)
	at org.hyperskill.musicplayer.Stage2UnitTest$checkCancelingAddPlaylistKeepsCurrentTrackPlayingState$1.invoke(Stage2UnitTest.kt:1401)
	at org.hyperskill.musicplayer.internals.AbstractUnitTest.testActivity(AbstractUnitTest.kt:84)
	at org.hyperskill.musicplayer.internals.AbstractUnitTest.testActivity$default(AbstractUnitTest.kt:75)
	at org.hyperskill.musicplayer.Stage2UnitTest.checkCancelingAddPlaylistKeepsCurrentTrackPlayingState(Stage2UnitTest.kt:1401)
	at java.base/jdk.internal.reflect.NativeMethodAccessorImpl.invoke0(Native Method)
	at java.base/jdk.internal.reflect.NativeMethodAccessorImpl.invoke(Unknown Source)
	at java.base/jdk.internal.reflect.DelegatingMethodAccessorImpl.invoke(Unknown Source)
	at java.base/java.lang.reflect.Method.invoke(Unknown Source)
	at org.junit.runners.model.FrameworkMethod$1.runReflectiveCall(FrameworkMethod.java:59)
	at org.junit.internal.runners.model.ReflectiveCallable.run(ReflectiveCallable.java:12)
	at org.junit.runners.model.FrameworkMethod.invokeExplosively(FrameworkMethod.java:56)
	at org.junit.internal.runners.statements.InvokeMethod.evaluate(InvokeMethod.java:17)
	at org.junit.internal.runners.statements.RunBefores.evaluate(RunBefores.java:26)
	at org.junit.runners.ParentRunner$3.evaluate(ParentRunner.java:306)
	at org.robolectric.RobolectricTestRunner$HelperTestRunner$1.evaluate(RobolectricTestRunner.java:591)
	at org.robolectric.internal.SandboxTestRunner$2.lambda$evaluate$0(SandboxTestRunner.java:274)
	at org.robolectric.internal.bytecode.Sandbox.lambda$runOnMainThread$0(Sandbox.java:88)
	at java.base/java.util.concurrent.FutureTask.run(Unknown Source)
	at java.base/java.util.concurrent.ThreadPoolExecutor.runWorker(Unknown Source)
	at java.base/java.util.concurrent.ThreadPoolExecutor$Worker.run(Unknown Source)
	at java.base/java.lang.Thread.run(Unknown Source)
</failure>
  </testcase>
  <testcase name="checkAddingPlaylistWithBothEmptyListAndEmptyPlaylistNameToastErrorEmptyListMessage" classname="org.hyperskill.musicplayer.Stage2UnitTest" time="0.249"/>
  <testcase name="checkDeletePlaylistOnPlayMusicStateDeletingPlaylistThatIsNotCurrentPlaylist" classname="org.hyperskill.musicplayer.Stage2UnitTest" time="0.41">
    <failure message="java.lang.AssertionError: Incorrect number of list items expected:&lt;10&gt; but was:&lt;1&gt;" type="java.lang.AssertionError">java.lang.AssertionError: Incorrect number of list items expected:&lt;10&gt; but was:&lt;1&gt;
	at org.junit.Assert.fail(Assert.java:89)
	at org.junit.Assert.failNotEquals(Assert.java:835)
	at org.junit.Assert.assertEquals(Assert.java:120)
	at org.hyperskill.musicplayer.internals.MusicPlayerUnitTests.assertListItems(MusicPlayerUnitTests.kt:136)
	at org.hyperskill.musicplayer.Stage2UnitTest$checkDeletePlaylistOnPlayMusicStateDeletingPlaylistThatIsNotCurrentPlaylist$1.invoke(Stage2UnitTest.kt:1562)
	at org.hyperskill.musicplayer.Stage2UnitTest$checkDeletePlaylistOnPlayMusicStateDeletingPlaylistThatIsNotCurrentPlaylist$1.invoke(Stage2UnitTest.kt:1495)
	at org.hyperskill.musicplayer.internals.AbstractUnitTest.testActivity(AbstractUnitTest.kt:84)
	at org.hyperskill.musicplayer.internals.AbstractUnitTest.testActivity$default(AbstractUnitTest.kt:75)
	at org.hyperskill.musicplayer.Stage2UnitTest.checkDeletePlaylistOnPlayMusicStateDeletingPlaylistThatIsNotCurrentPlaylist(Stage2UnitTest.kt:1495)
	at java.base/jdk.internal.reflect.NativeMethodAccessorImpl.invoke0(Native Method)
	at java.base/jdk.internal.reflect.NativeMethodAccessorImpl.invoke(Unknown Source)
	at java.base/jdk.internal.reflect.DelegatingMethodAccessorImpl.invoke(Unknown Source)
	at java.base/java.lang.reflect.Method.invoke(Unknown Source)
	at org.junit.runners.model.FrameworkMethod$1.runReflectiveCall(FrameworkMethod.java:59)
	at org.junit.internal.runners.model.ReflectiveCallable.run(ReflectiveCallable.java:12)
	at org.junit.runners.model.FrameworkMethod.invokeExplosively(FrameworkMethod.java:56)
	at org.junit.internal.runners.statements.InvokeMethod.evaluate(InvokeMethod.java:17)
	at org.junit.internal.runners.statements.RunBefores.evaluate(RunBefores.java:26)
	at org.junit.runners.ParentRunner$3.evaluate(ParentRunner.java:306)
	at org.robolectric.RobolectricTestRunner$HelperTestRunner$1.evaluate(RobolectricTestRunner.java:591)
	at org.robolectric.internal.SandboxTestRunner$2.lambda$evaluate$0(SandboxTestRunner.java:274)
	at org.robolectric.internal.bytecode.Sandbox.lambda$runOnMainThread$0(Sandbox.java:88)
	at java.base/java.util.concurrent.FutureTask.run(Unknown Source)
	at java.base/java.util.concurrent.ThreadPoolExecutor.runWorker(Unknown Source)
	at java.base/java.util.concurrent.ThreadPoolExecutor$Worker.run(Unknown Source)
	at java.base/java.lang.Thread.run(Unknown Source)
</failure>
  </testcase>
  <testcase name="checkAddingPlaylistWithReservedPlaylistNameAllSongsToastErrorReservedNameMessage" classname="org.hyperskill.musicplayer.Stage2UnitTest" time="0.23"/>
  <testcase name="checkSearchInPlayMusicStateChangeCurrentPlaylistToAllSongs" classname="org.hyperskill.musicplayer.Stage2UnitTest" time="0.435"/>
  <testcase name="checkPlaylistSavedAfterSelectingSongsAfterLoadingPlaylistInAddPlaylistState" classname="org.hyperskill.musicplayer.Stage2UnitTest" time="0.498">
    <failure message="java.lang.AssertionError: Incorrect number of list items expected:&lt;3&gt; but was:&lt;0&gt;" type="java.lang.AssertionError">java.lang.AssertionError: Incorrect number of list items expected:&lt;3&gt; but was:&lt;0&gt;
	at org.junit.Assert.fail(Assert.java:89)
	at org.junit.Assert.failNotEquals(Assert.java:835)
	at org.junit.Assert.assertEquals(Assert.java:120)
	at org.hyperskill.musicplayer.internals.MusicPlayerUnitTests.assertListItems(MusicPlayerUnitTests.kt:136)
	at org.hyperskill.musicplayer.Stage2UnitTest$checkPlaylistSavedAfterSelectingSongsAfterLoadingPlaylistInAddPlaylistState$1.invoke(Stage2UnitTest.kt:1321)
	at org.hyperskill.musicplayer.Stage2UnitTest$checkPlaylistSavedAfterSelectingSongsAfterLoadingPlaylistInAddPlaylistState$1.invoke(Stage2UnitTest.kt:1286)
	at org.hyperskill.musicplayer.internals.AbstractUnitTest.testActivity(AbstractUnitTest.kt:84)
	at org.hyperskill.musicplayer.internals.AbstractUnitTest.testActivity$default(AbstractUnitTest.kt:75)
	at org.hyperskill.musicplayer.Stage2UnitTest.checkPlaylistSavedAfterSelectingSongsAfterLoadingPlaylistInAddPlaylistState(Stage2UnitTest.kt:1286)
	at java.base/jdk.internal.reflect.NativeMethodAccessorImpl.invoke0(Native Method)
	at java.base/jdk.internal.reflect.NativeMethodAccessorImpl.invoke(Unknown Source)
	at java.base/jdk.internal.reflect.DelegatingMethodAccessorImpl.invoke(Unknown Source)
	at java.base/java.lang.reflect.Method.invoke(Unknown Source)
	at org.junit.runners.model.FrameworkMethod$1.runReflectiveCall(FrameworkMethod.java:59)
	at org.junit.internal.runners.model.ReflectiveCallable.run(ReflectiveCallable.java:12)
	at org.junit.runners.model.FrameworkMethod.invokeExplosively(FrameworkMethod.java:56)
	at org.junit.internal.runners.statements.InvokeMethod.evaluate(InvokeMethod.java:17)
	at org.junit.internal.runners.statements.RunBefores.evaluate(RunBefores.java:26)
	at org.junit.runners.ParentRunner$3.evaluate(ParentRunner.java:306)
	at org.robolectric.RobolectricTestRunner$HelperTestRunner$1.evaluate(RobolectricTestRunner.java:591)
	at org.robolectric.internal.SandboxTestRunner$2.lambda$evaluate$0(SandboxTestRunner.java:274)
	at org.robolectric.internal.bytecode.Sandbox.lambda$runOnMainThread$0(Sandbox.java:88)
	at java.base/java.util.concurrent.FutureTask.run(Unknown Source)
	at java.base/java.util.concurrent.ThreadPoolExecutor.runWorker(Unknown Source)
	at java.base/java.util.concurrent.ThreadPoolExecutor$Worker.run(Unknown Source)
	at java.base/java.lang.Thread.run(Unknown Source)
</failure>
  </testcase>
  <testcase name="checkDeletePlaylistOnAddPlaylistStateDeletingPlaylistThatIsNotDisplayingAndNotCurrentPlaylist" classname="org.hyperskill.musicplayer.Stage2UnitTest" time="0.575">
    <failure message="java.lang.AssertionError: Incorrect number of list items expected:&lt;10&gt; but was:&lt;1&gt;" type="java.lang.AssertionError">java.lang.AssertionError: Incorrect number of list items expected:&lt;10&gt; but was:&lt;1&gt;
	at org.junit.Assert.fail(Assert.java:89)
	at org.junit.Assert.failNotEquals(Assert.java:835)
	at org.junit.Assert.assertEquals(Assert.java:120)
	at org.hyperskill.musicplayer.internals.MusicPlayerUnitTests.assertListItems(MusicPlayerUnitTests.kt:136)
	at org.hyperskill.musicplayer.Stage2UnitTest$checkDeletePlaylistOnAddPlaylistStateDeletingPlaylistThatIsNotDisplayingAndNotCurrentPlaylist$1.invoke(Stage2UnitTest.kt:1766)
	at org.hyperskill.musicplayer.Stage2UnitTest$checkDeletePlaylistOnAddPlaylistStateDeletingPlaylistThatIsNotDisplayingAndNotCurrentPlaylist$1.invoke(Stage2UnitTest.kt:1672)
	at org.hyperskill.musicplayer.internals.AbstractUnitTest.testActivity(AbstractUnitTest.kt:84)
	at org.hyperskill.musicplayer.internals.AbstractUnitTest.testActivity$default(AbstractUnitTest.kt:75)
	at org.hyperskill.musicplayer.Stage2UnitTest.checkDeletePlaylistOnAddPlaylistStateDeletingPlaylistThatIsNotDisplayingAndNotCurrentPlaylist(Stage2UnitTest.kt:1672)
	at java.base/jdk.internal.reflect.NativeMethodAccessorImpl.invoke0(Native Method)
	at java.base/jdk.internal.reflect.NativeMethodAccessorImpl.invoke(Unknown Source)
	at java.base/jdk.internal.reflect.DelegatingMethodAccessorImpl.invoke(Unknown Source)
	at java.base/java.lang.reflect.Method.invoke(Unknown Source)
	at org.junit.runners.model.FrameworkMethod$1.runReflectiveCall(FrameworkMethod.java:59)
	at org.junit.internal.runners.model.ReflectiveCallable.run(ReflectiveCallable.java:12)
	at org.junit.runners.model.FrameworkMethod.invokeExplosively(FrameworkMethod.java:56)
	at org.junit.internal.runners.statements.InvokeMethod.evaluate(InvokeMethod.java:17)
	at org.junit.internal.runners.statements.RunBefores.evaluate(RunBefores.java:26)
	at org.junit.runners.ParentRunner$3.evaluate(ParentRunner.java:306)
	at org.robolectric.RobolectricTestRunner$HelperTestRunner$1.evaluate(RobolectricTestRunner.java:591)
	at org.robolectric.internal.SandboxTestRunner$2.lambda$evaluate$0(SandboxTestRunner.java:274)
	at org.robolectric.internal.bytecode.Sandbox.lambda$runOnMainThread$0(Sandbox.java:88)
	at java.base/java.util.concurrent.FutureTask.run(Unknown Source)
	at java.base/java.util.concurrent.ThreadPoolExecutor.runWorker(Unknown Source)
	at java.base/java.util.concurrent.ThreadPoolExecutor$Worker.run(Unknown Source)
	at java.base/java.lang.Thread.run(Unknown Source)
</failure>
  </testcase>
  <testcase name="checkSearchInAddPlaylistStateDisplaysAllSongsOnAddPlaylistStateAndKeepsCurrentPlaylistInPlayMusicState" classname="org.hyperskill.musicplayer.Stage2UnitTest" time="0.514">
    <failure message="java.lang.AssertionError: Incorrect number of list items expected:&lt;10&gt; but was:&lt;0&gt;" type="java.lang.AssertionError">java.lang.AssertionError: Incorrect number of list items expected:&lt;10&gt; but was:&lt;0&gt;
	at org.junit.Assert.fail(Assert.java:89)
	at org.junit.Assert.failNotEquals(Assert.java:835)
	at org.junit.Assert.assertEquals(Assert.java:120)
	at org.hyperskill.musicplayer.internals.MusicPlayerUnitTests.assertListItems(MusicPlayerUnitTests.kt:136)
	at org.hyperskill.musicplayer.Stage2UnitTest$checkSearchInAddPlaylistStateDisplaysAllSongsOnAddPlaylistStateAndKeepsCurrentPlaylistInPlayMusicState$1.invoke(Stage2UnitTest.kt:1975)
	at org.hyperskill.musicplayer.Stage2UnitTest$checkSearchInAddPlaylistStateDisplaysAllSongsOnAddPlaylistStateAndKeepsCurrentPlaylistInPlayMusicState$1.invoke(Stage2UnitTest.kt:1939)
	at org.hyperskill.musicplayer.internals.AbstractUnitTest.testActivity(AbstractUnitTest.kt:84)
	at org.hyperskill.musicplayer.internals.AbstractUnitTest.testActivity$default(AbstractUnitTest.kt:75)
	at org.hyperskill.musicplayer.Stage2UnitTest.checkSearchInAddPlaylistStateDisplaysAllSongsOnAddPlaylistStateAndKeepsCurrentPlaylistInPlayMusicState(Stage2UnitTest.kt:1939)
	at java.base/jdk.internal.reflect.NativeMethodAccessorImpl.invoke0(Native Method)
	at java.base/jdk.internal.reflect.NativeMethodAccessorImpl.invoke(Unknown Source)
	at java.base/jdk.internal.reflect.DelegatingMethodAccessorImpl.invoke(Unknown Source)
	at java.base/java.lang.reflect.Method.invoke(Unknown Source)
	at org.junit.runners.model.FrameworkMethod$1.runReflectiveCall(FrameworkMethod.java:59)
	at org.junit.internal.runners.model.ReflectiveCallable.run(ReflectiveCallable.java:12)
	at org.junit.runners.model.FrameworkMethod.invokeExplosively(FrameworkMethod.java:56)
	at org.junit.internal.runners.statements.InvokeMethod.evaluate(InvokeMethod.java:17)
	at org.junit.internal.runners.statements.RunBefores.evaluate(RunBefores.java:26)
	at org.junit.runners.ParentRunner$3.evaluate(ParentRunner.java:306)
	at org.robolectric.RobolectricTestRunner$HelperTestRunner$1.evaluate(RobolectricTestRunner.java:591)
	at org.robolectric.internal.SandboxTestRunner$2.lambda$evaluate$0(SandboxTestRunner.java:274)
	at org.robolectric.internal.bytecode.Sandbox.lambda$runOnMainThread$0(Sandbox.java:88)
	at java.base/java.util.concurrent.FutureTask.run(Unknown Source)
	at java.base/java.util.concurrent.ThreadPoolExecutor.runWorker(Unknown Source)
	at java.base/java.util.concurrent.ThreadPoolExecutor$Worker.run(Unknown Source)
	at java.base/java.lang.Thread.run(Unknown Source)
</failure>
  </testcase>
  <testcase name="checkCancellingAddPlaylistKeepsCurrentPlaylist" classname="org.hyperskill.musicplayer.Stage2UnitTest" time="0.539">
    <failure message="java.lang.AssertionError: Incorrect number of list items expected:&lt;3&gt; but was:&lt;1&gt;" type="java.lang.AssertionError">java.lang.AssertionError: Incorrect number of list items expected:&lt;3&gt; but was:&lt;1&gt;
	at org.junit.Assert.fail(Assert.java:89)
	at org.junit.Assert.failNotEquals(Assert.java:835)
	at org.junit.Assert.assertEquals(Assert.java:120)
	at org.hyperskill.musicplayer.internals.MusicPlayerUnitTests.assertListItems(MusicPlayerUnitTests.kt:136)
	at org.hyperskill.musicplayer.Stage2UnitTest$checkCancellingAddPlaylistKeepsCurrentPlaylist$1.invoke(Stage2UnitTest.kt:1389)
	at org.hyperskill.musicplayer.Stage2UnitTest$checkCancellingAddPlaylistKeepsCurrentPlaylist$1.invoke(Stage2UnitTest.kt:1348)
	at org.hyperskill.musicplayer.internals.AbstractUnitTest.testActivity(AbstractUnitTest.kt:84)
	at org.hyperskill.musicplayer.internals.AbstractUnitTest.testActivity$default(AbstractUnitTest.kt:75)
	at org.hyperskill.musicplayer.Stage2UnitTest.checkCancellingAddPlaylistKeepsCurrentPlaylist(Stage2UnitTest.kt:1348)
	at java.base/jdk.internal.reflect.NativeMethodAccessorImpl.invoke0(Native Method)
	at java.base/jdk.internal.reflect.NativeMethodAccessorImpl.invoke(Unknown Source)
	at java.base/jdk.internal.reflect.DelegatingMethodAccessorImpl.invoke(Unknown Source)
	at java.base/java.lang.reflect.Method.invoke(Unknown Source)
	at org.junit.runners.model.FrameworkMethod$1.runReflectiveCall(FrameworkMethod.java:59)
	at org.junit.internal.runners.model.ReflectiveCallable.run(ReflectiveCallable.java:12)
	at org.junit.runners.model.FrameworkMethod.invokeExplosively(FrameworkMethod.java:56)
	at org.junit.internal.runners.statements.InvokeMethod.evaluate(InvokeMethod.java:17)
	at org.junit.internal.runners.statements.RunBefores.evaluate(RunBefores.java:26)
	at org.junit.runners.ParentRunner$3.evaluate(ParentRunner.java:306)
	at org.robolectric.RobolectricTestRunner$HelperTestRunner$1.evaluate(RobolectricTestRunner.java:591)
	at org.robolectric.internal.SandboxTestRunner$2.lambda$evaluate$0(SandboxTestRunner.java:274)
	at org.robolectric.internal.bytecode.Sandbox.lambda$runOnMainThread$0(Sandbox.java:88)
	at java.base/java.util.concurrent.FutureTask.run(Unknown Source)
	at java.base/java.util.concurrent.ThreadPoolExecutor.runWorker(Unknown Source)
	at java.base/java.util.concurrent.ThreadPoolExecutor$Worker.run(Unknown Source)
	at java.base/java.lang.Thread.run(Unknown Source)
</failure>
  </testcase>
  <testcase name="checkLoadPlaylistOnPlayMusicStateWithoutCurrentTrackChangesCurrentTrack" classname="org.hyperskill.musicplayer.Stage2UnitTest" time="0.334">
    <failure message="java.lang.AssertionError: Incorrect number of list items expected:&lt;10&gt; but was:&lt;1&gt;" type="java.lang.AssertionError">java.lang.AssertionError: Incorrect number of list items expected:&lt;10&gt; but was:&lt;1&gt;
	at org.junit.Assert.fail(Assert.java:89)
	at org.junit.Assert.failNotEquals(Assert.java:835)
	at org.junit.Assert.assertEquals(Assert.java:120)
	at org.hyperskill.musicplayer.internals.MusicPlayerUnitTests.assertListItems(MusicPlayerUnitTests.kt:136)
	at org.hyperskill.musicplayer.Stage2UnitTest$checkLoadPlaylistOnPlayMusicStateWithoutCurrentTrackChangesCurrentTrack$1.invoke(Stage2UnitTest.kt:1022)
	at org.hyperskill.musicplayer.Stage2UnitTest$checkLoadPlaylistOnPlayMusicStateWithoutCurrentTrackChangesCurrentTrack$1.invoke(Stage2UnitTest.kt:989)
	at org.hyperskill.musicplayer.internals.AbstractUnitTest.testActivity(AbstractUnitTest.kt:84)
	at org.hyperskill.musicplayer.internals.AbstractUnitTest.testActivity$default(AbstractUnitTest.kt:75)
	at org.hyperskill.musicplayer.Stage2UnitTest.checkLoadPlaylistOnPlayMusicStateWithoutCurrentTrackChangesCurrentTrack(Stage2UnitTest.kt:989)
	at java.base/jdk.internal.reflect.NativeMethodAccessorImpl.invoke0(Native Method)
	at java.base/jdk.internal.reflect.NativeMethodAccessorImpl.invoke(Unknown Source)
	at java.base/jdk.internal.reflect.DelegatingMethodAccessorImpl.invoke(Unknown Source)
	at java.base/java.lang.reflect.Method.invoke(Unknown Source)
	at org.junit.runners.model.FrameworkMethod$1.runReflectiveCall(FrameworkMethod.java:59)
	at org.junit.internal.runners.model.ReflectiveCallable.run(ReflectiveCallable.java:12)
	at org.junit.runners.model.FrameworkMethod.invokeExplosively(FrameworkMethod.java:56)
	at org.junit.internal.runners.statements.InvokeMethod.evaluate(InvokeMethod.java:17)
	at org.junit.internal.runners.statements.RunBefores.evaluate(RunBefores.java:26)
	at org.junit.runners.ParentRunner$3.evaluate(ParentRunner.java:306)
	at org.robolectric.RobolectricTestRunner$HelperTestRunner$1.evaluate(RobolectricTestRunner.java:591)
	at org.robolectric.internal.SandboxTestRunner$2.lambda$evaluate$0(SandboxTestRunner.java:274)
	at org.robolectric.internal.bytecode.Sandbox.lambda$runOnMainThread$0(Sandbox.java:88)
	at java.base/java.util.concurrent.FutureTask.run(Unknown Source)
	at java.base/java.util.concurrent.ThreadPoolExecutor.runWorker(Unknown Source)
	at java.base/java.util.concurrent.ThreadPoolExecutor$Worker.run(Unknown Source)
	at java.base/java.lang.Thread.run(Unknown Source)
	Suppressed: org.robolectric.android.internal.AndroidTestEnvironment$UnExecutedRunnablesException: Main looper has queued unexecuted runnables. This might be the cause of the test failure. You might need a shadowOf(Looper.getMainLooper()).idle() call.
</failure>
  </testcase>
  <testcase name="checkLoadPlaylistOnPlayMusicStateWithCurrentTrackKeepsCurrentTrack" classname="org.hyperskill.musicplayer.Stage2UnitTest" time="0.313">
    <failure message="java.lang.AssertionError: Incorrect number of list items expected:&lt;10&gt; but was:&lt;1&gt;" type="java.lang.AssertionError">java.lang.AssertionError: Incorrect number of list items expected:&lt;10&gt; but was:&lt;1&gt;
	at org.junit.Assert.fail(Assert.java:89)
	at org.junit.Assert.failNotEquals(Assert.java:835)
	at org.junit.Assert.assertEquals(Assert.java:120)
	at org.hyperskill.musicplayer.internals.MusicPlayerUnitTests.assertListItems(MusicPlayerUnitTests.kt:136)
	at org.hyperskill.musicplayer.Stage2UnitTest$checkLoadPlaylistOnPlayMusicStateWithCurrentTrackKeepsCurrentTrack$1.invoke(Stage2UnitTest.kt:869)
	at org.hyperskill.musicplayer.Stage2UnitTest$checkLoadPlaylistOnPlayMusicStateWithCurrentTrackKeepsCurrentTrack$1.invoke(Stage2UnitTest.kt:835)
	at org.hyperskill.musicplayer.internals.AbstractUnitTest.testActivity(AbstractUnitTest.kt:84)
	at org.hyperskill.musicplayer.internals.AbstractUnitTest.testActivity$default(AbstractUnitTest.kt:75)
	at org.hyperskill.musicplayer.Stage2UnitTest.checkLoadPlaylistOnPlayMusicStateWithCurrentTrackKeepsCurrentTrack(Stage2UnitTest.kt:835)
	at java.base/jdk.internal.reflect.NativeMethodAccessorImpl.invoke0(Native Method)
	at java.base/jdk.internal.reflect.NativeMethodAccessorImpl.invoke(Unknown Source)
	at java.base/jdk.internal.reflect.DelegatingMethodAccessorImpl.invoke(Unknown Source)
	at java.base/java.lang.reflect.Method.invoke(Unknown Source)
	at org.junit.runners.model.FrameworkMethod$1.runReflectiveCall(FrameworkMethod.java:59)
	at org.junit.internal.runners.model.ReflectiveCallable.run(ReflectiveCallable.java:12)
	at org.junit.runners.model.FrameworkMethod.invokeExplosively(FrameworkMethod.java:56)
	at org.junit.internal.runners.statements.InvokeMethod.evaluate(InvokeMethod.java:17)
	at org.junit.internal.runners.statements.RunBefores.evaluate(RunBefores.java:26)
	at org.junit.runners.ParentRunner$3.evaluate(ParentRunner.java:306)
	at org.robolectric.RobolectricTestRunner$HelperTestRunner$1.evaluate(RobolectricTestRunner.java:591)
	at org.robolectric.internal.SandboxTestRunner$2.lambda$evaluate$0(SandboxTestRunner.java:274)
	at org.robolectric.internal.bytecode.Sandbox.lambda$runOnMainThread$0(Sandbox.java:88)
	at java.base/java.util.concurrent.FutureTask.run(Unknown Source)
	at java.base/java.util.concurrent.ThreadPoolExecutor.runWorker(Unknown Source)
	at java.base/java.util.concurrent.ThreadPoolExecutor$Worker.run(Unknown Source)
	at java.base/java.lang.Thread.run(Unknown Source)
	Suppressed: org.robolectric.android.internal.AndroidTestEnvironment$UnExecutedRunnablesException: Main looper has queued unexecuted runnables. This might be the cause of the test failure. You might need a shadowOf(Looper.getMainLooper()).idle() call.
</failure>
  </testcase>
  <testcase name="checkLoadPlaylistInPlayMusicStateAfterAddingPlaylistWithLongClick" classname="org.hyperskill.musicplayer.Stage2UnitTest" time="0.393">
    <failure message="java.lang.AssertionError: After clicking on controllerBtnPlayPause on a playing song the image displayed should change to R.drawable.ic_play" type="java.lang.AssertionError">java.lang.AssertionError: After clicking on controllerBtnPlayPause on a playing song the image displayed should change to R.drawable.ic_play
	at org.junit.Assert.fail(Assert.java:89)
	at org.junit.Assert.assertTrue(Assert.java:42)
	at org.hyperskill.musicplayer.internals.MusicPlayerUnitTests.assertCreatedFromResourceId(MusicPlayerUnitTests.kt:297)
	at org.hyperskill.musicplayer.Stage2UnitTest$checkLoadPlaylistInPlayMusicStateAfterAddingPlaylistWithLongClick$1$3.invoke(Stage2UnitTest.kt:805)
	at org.hyperskill.musicplayer.Stage2UnitTest$checkLoadPlaylistInPlayMusicStateAfterAddingPlaylistWithLongClick$1$3.invoke(Stage2UnitTest.kt:773)
	at org.hyperskill.musicplayer.internals.MusicPlayerUnitTests.assertListItems(MusicPlayerUnitTests.kt:158)
	at org.hyperskill.musicplayer.Stage2UnitTest$checkLoadPlaylistInPlayMusicStateAfterAddingPlaylistWithLongClick$1.invoke(Stage2UnitTest.kt:773)
	at org.hyperskill.musicplayer.Stage2UnitTest$checkLoadPlaylistInPlayMusicStateAfterAddingPlaylistWithLongClick$1.invoke(Stage2UnitTest.kt:716)
	at org.hyperskill.musicplayer.internals.AbstractUnitTest.testActivity(AbstractUnitTest.kt:84)
	at org.hyperskill.musicplayer.internals.AbstractUnitTest.testActivity$default(AbstractUnitTest.kt:75)
	at org.hyperskill.musicplayer.Stage2UnitTest.checkLoadPlaylistInPlayMusicStateAfterAddingPlaylistWithLongClick(Stage2UnitTest.kt:716)
	at java.base/jdk.internal.reflect.NativeMethodAccessorImpl.invoke0(Native Method)
	at java.base/jdk.internal.reflect.NativeMethodAccessorImpl.invoke(Unknown Source)
	at java.base/jdk.internal.reflect.DelegatingMethodAccessorImpl.invoke(Unknown Source)
	at java.base/java.lang.reflect.Method.invoke(Unknown Source)
	at org.junit.runners.model.FrameworkMethod$1.runReflectiveCall(FrameworkMethod.java:59)
	at org.junit.internal.runners.model.ReflectiveCallable.run(ReflectiveCallable.java:12)
	at org.junit.runners.model.FrameworkMethod.invokeExplosively(FrameworkMethod.java:56)
	at org.junit.internal.runners.statements.InvokeMethod.evaluate(InvokeMethod.java:17)
	at org.junit.internal.runners.statements.RunBefores.evaluate(RunBefores.java:26)
	at org.junit.runners.ParentRunner$3.evaluate(ParentRunner.java:306)
	at org.robolectric.RobolectricTestRunner$HelperTestRunner$1.evaluate(RobolectricTestRunner.java:591)
	at org.robolectric.internal.SandboxTestRunner$2.lambda$evaluate$0(SandboxTestRunner.java:274)
	at org.robolectric.internal.bytecode.Sandbox.lambda$runOnMainThread$0(Sandbox.java:88)
	at java.base/java.util.concurrent.FutureTask.run(Unknown Source)
	at java.base/java.util.concurrent.ThreadPoolExecutor.runWorker(Unknown Source)
	at java.base/java.util.concurrent.ThreadPoolExecutor$Worker.run(Unknown Source)
	at java.base/java.lang.Thread.run(Unknown Source)
	Suppressed: org.robolectric.android.internal.AndroidTestEnvironment$UnExecutedRunnablesException: Main looper has queued unexecuted runnables. This might be the cause of the test failure. You might need a shadowOf(Looper.getMainLooper()).idle() call.
</failure>
  </testcase>
  <testcase name="checkSongListItemChangesImageOnImageButtonClick" classname="org.hyperskill.musicplayer.Stage2UnitTest" time="0.114"/>
  <testcase name="checkDeletePlaylistOnAddPlaylistStateWithCurrentDisplayingAndCurrentPlaylistBeingDeleted" classname="org.hyperskill.musicplayer.Stage2UnitTest" time="0.549">
    <failure message="java.lang.AssertionError: Incorrect number of list items expected:&lt;10&gt; but was:&lt;0&gt;" type="java.lang.AssertionError">java.lang.AssertionError: Incorrect number of list items expected:&lt;10&gt; but was:&lt;0&gt;
	at org.junit.Assert.fail(Assert.java:89)
	at org.junit.Assert.failNotEquals(Assert.java:835)
	at org.junit.Assert.assertEquals(Assert.java:120)
	at org.hyperskill.musicplayer.internals.MusicPlayerUnitTests.assertListItems(MusicPlayerUnitTests.kt:136)
	at org.hyperskill.musicplayer.Stage2UnitTest$checkDeletePlaylistOnAddPlaylistStateWithCurrentDisplayingAndCurrentPlaylistBeingDeleted$1.invoke(Stage2UnitTest.kt:1865)
	at org.hyperskill.musicplayer.Stage2UnitTest$checkDeletePlaylistOnAddPlaylistStateWithCurrentDisplayingAndCurrentPlaylistBeingDeleted$1.invoke(Stage2UnitTest.kt:1779)
	at org.hyperskill.musicplayer.internals.AbstractUnitTest.testActivity(AbstractUnitTest.kt:84)
	at org.hyperskill.musicplayer.internals.AbstractUnitTest.testActivity$default(AbstractUnitTest.kt:75)
	at org.hyperskill.musicplayer.Stage2UnitTest.checkDeletePlaylistOnAddPlaylistStateWithCurrentDisplayingAndCurrentPlaylistBeingDeleted(Stage2UnitTest.kt:1779)
	at java.base/jdk.internal.reflect.NativeMethodAccessorImpl.invoke0(Native Method)
	at java.base/jdk.internal.reflect.NativeMethodAccessorImpl.invoke(Unknown Source)
	at java.base/jdk.internal.reflect.DelegatingMethodAccessorImpl.invoke(Unknown Source)
	at java.base/java.lang.reflect.Method.invoke(Unknown Source)
	at org.junit.runners.model.FrameworkMethod$1.runReflectiveCall(FrameworkMethod.java:59)
	at org.junit.internal.runners.model.ReflectiveCallable.run(ReflectiveCallable.java:12)
	at org.junit.runners.model.FrameworkMethod.invokeExplosively(FrameworkMethod.java:56)
	at org.junit.internal.runners.statements.InvokeMethod.evaluate(InvokeMethod.java:17)
	at org.junit.internal.runners.statements.RunBefores.evaluate(RunBefores.java:26)
	at org.junit.runners.ParentRunner$3.evaluate(ParentRunner.java:306)
	at org.robolectric.RobolectricTestRunner$HelperTestRunner$1.evaluate(RobolectricTestRunner.java:591)
	at org.robolectric.internal.SandboxTestRunner$2.lambda$evaluate$0(SandboxTestRunner.java:274)
	at org.robolectric.internal.bytecode.Sandbox.lambda$runOnMainThread$0(Sandbox.java:88)
	at java.base/java.util.concurrent.FutureTask.run(Unknown Source)
	at java.base/java.util.concurrent.ThreadPoolExecutor.runWorker(Unknown Source)
	at java.base/java.util.concurrent.ThreadPoolExecutor$Worker.run(Unknown Source)
	at java.base/java.lang.Thread.run(Unknown Source)
</failure>
  </testcase>
  <system-out><![CDATA[]]></system-out>
  <system-err><![CDATA[]]></system-err>
</testsuite>
