<?xml version="1.0" encoding="UTF-8"?>
<testsuite name="org.hyperskill.musicplayer.Stage2UnitTest" tests="26" skipped="0" failures="0" errors="0" timestamp="2024-02-08T17:26:30" hostname="Kristinas-MacBook-Pro.local" time="24.387">
  <properties/>
  <testcase name="checkDeletePlaylistOnPlayMusicStateWithCurrentPlaylistBeingDeleted" classname="org.hyperskill.musicplayer.Stage2UnitTest" time="10.035"/>
  <testcase name="checkListItemImgChangeMixedClicks" classname="org.hyperskill.musicplayer.Stage2UnitTest" time="0.612"/>
  <testcase name="checkCurrentTrackImgChangeAfterControllerStopButtonClickWithCurrentTrackPlaying" classname="org.hyperskill.musicplayer.Stage2UnitTest" time="0.447"/>
  <testcase name="checkWhenCurrentTrackChangesAndOldCurrentTrackIsNotPlayingImageRemains" classname="org.hyperskill.musicplayer.Stage2UnitTest" time="0.347"/>
  <testcase name="checkAddingPlaylistWithEmptyListAddedToastErrorEmptyListMessage" classname="org.hyperskill.musicplayer.Stage2UnitTest" time="0.456"/>
  <testcase name="checkSongListAfterInitialClickOnSearch" classname="org.hyperskill.musicplayer.Stage2UnitTest" time="0.368"/>
  <testcase name="checkAfterInitialSearchFirstListItemIsCurrentTrackAndRespondToControllerPlayPauseButton" classname="org.hyperskill.musicplayer.Stage2UnitTest" time="0.435"/>
  <testcase name="checkLoadPlaylistInAddPlaylistStateKeepsSelectedItemsById" classname="org.hyperskill.musicplayer.Stage2UnitTest" time="1.034"/>
  <testcase name="checkAddPlaylistStateTriggeredByMenuItem" classname="org.hyperskill.musicplayer.Stage2UnitTest" time="0.397"/>
  <testcase name="checkWhenCurrentTrackChangesAndOldCurrentTrackIsPlayingImageChangesToPaused" classname="org.hyperskill.musicplayer.Stage2UnitTest" time="0.27"/>
  <testcase name="checkLoadPlaylistInAddPlaylistStateKeepsCurrentTrackWhenReturningToPlayMusicState" classname="org.hyperskill.musicplayer.Stage2UnitTest" time="0.943"/>
  <testcase name="checkLoadPlaylistInPlayMusicStateAfterAddingPlaylistWithMainMenuItem" classname="org.hyperskill.musicplayer.Stage2UnitTest" time="0.727"/>
  <testcase name="checkCancelingAddPlaylistKeepsCurrentTrackPlayingState" classname="org.hyperskill.musicplayer.Stage2UnitTest" time="0.511"/>
  <testcase name="checkAddingPlaylistWithBothEmptyListAndEmptyPlaylistNameToastErrorEmptyListMessage" classname="org.hyperskill.musicplayer.Stage2UnitTest" time="0.285"/>
  <testcase name="checkDeletePlaylistOnPlayMusicStateDeletingPlaylistThatIsNotCurrentPlaylist" classname="org.hyperskill.musicplayer.Stage2UnitTest" time="0.625"/>
  <testcase name="checkAddingPlaylistWithReservedPlaylistNameAllSongsToastErrorReservedNameMessage" classname="org.hyperskill.musicplayer.Stage2UnitTest" time="0.325"/>
  <testcase name="checkSearchInPlayMusicStateChangeCurrentPlaylistToAllSongs" classname="org.hyperskill.musicplayer.Stage2UnitTest" time="0.545"/>
  <testcase name="checkPlaylistSavedAfterSelectingSongsAfterLoadingPlaylistInAddPlaylistState" classname="org.hyperskill.musicplayer.Stage2UnitTest" time="0.744"/>
  <testcase name="checkDeletePlaylistOnAddPlaylistStateDeletingPlaylistThatIsNotDisplayingAndNotCurrentPlaylist" classname="org.hyperskill.musicplayer.Stage2UnitTest" time="0.797"/>
  <testcase name="checkSearchInAddPlaylistStateDisplaysAllSongsOnAddPlaylistStateAndKeepsCurrentPlaylistInPlayMusicState" classname="org.hyperskill.musicplayer.Stage2UnitTest" time="0.8"/>
  <testcase name="checkCancellingAddPlaylistKeepsCurrentPlaylist" classname="org.hyperskill.musicplayer.Stage2UnitTest" time="0.649"/>
  <testcase name="checkLoadPlaylistOnPlayMusicStateWithoutCurrentTrackChangesCurrentTrack" classname="org.hyperskill.musicplayer.Stage2UnitTest" time="0.596"/>
  <testcase name="checkLoadPlaylistOnPlayMusicStateWithCurrentTrackKeepsCurrentTrack" classname="org.hyperskill.musicplayer.Stage2UnitTest" time="0.69"/>
  <testcase name="checkLoadPlaylistInPlayMusicStateAfterAddingPlaylistWithLongClick" classname="org.hyperskill.musicplayer.Stage2UnitTest" time="0.647"/>
  <testcase name="checkSongListItemChangesImageOnImageButtonClick" classname="org.hyperskill.musicplayer.Stage2UnitTest" time="0.175"/>
  <testcase name="checkDeletePlaylistOnAddPlaylistStateWithCurrentDisplayingAndCurrentPlaylistBeingDeleted" classname="org.hyperskill.musicplayer.Stage2UnitTest" time="0.924"/>
  <system-out><![CDATA[Called loadFromPath(/system/framework/framework-res.apk, true); mode=binary sdk=29
resources.arsc in APK '/Users/mikhailshauchenka/.m2/repository/org/robolectric/android-all-instrumented/10-robolectric-5803371-i3/android-all-instrumented-10-robolectric-5803371-i3.jar' is compressed.
]]></system-out>
  <system-err><![CDATA[]]></system-err>
</testsuite>
