<?xml version="1.0" encoding="UTF-8"?>
<testsuite name="org.hyperskill.musicplayer.Stage1UnitTestB" tests="9" skipped="1" failures="0" errors="0" timestamp="2024-02-06T09:28:55" hostname="Kristinas-MacBook-Pro.local" time="0.923">
  <properties/>
  <testcase name="checkPlayerControllerFragmentComponentsExist" classname="org.hyperskill.musicplayer.Stage1UnitTestB" time="0.11"/>
  <testcase name="checkMenuItemLoadPlaylist" classname="org.hyperskill.musicplayer.Stage1UnitTestB" time="0.164"/>
  <testcase name="checkControllerPlayPauseButtonBeforeSearch" classname="org.hyperskill.musicplayer.Stage1UnitTestB" time="0.11"/>
  <testcase name="checkSearchButtonNoSongsFound" classname="org.hyperskill.musicplayer.Stage1UnitTestB" time="0.0">
    <skipped/>
  </testcase>
  <testcase name="checkMenuItemDeletePlaylist" classname="org.hyperskill.musicplayer.Stage1UnitTestB" time="0.168"/>
  <testcase name="checkControllerStopButtonBeforeSearch" classname="org.hyperskill.musicplayer.Stage1UnitTestB" time="0.104"/>
  <testcase name="checkControllerSeekBarBeforeSearch" classname="org.hyperskill.musicplayer.Stage1UnitTestB" time="0.088"/>
  <testcase name="checkMainActivityComponentsExist" classname="org.hyperskill.musicplayer.Stage1UnitTestB" time="0.102"/>
  <testcase name="checkMenuItemAddPlaylistWithNoSongs" classname="org.hyperskill.musicplayer.Stage1UnitTestB" time="0.076"/>
  <system-out><![CDATA[]]></system-out>
  <system-err><![CDATA[]]></system-err>
</testsuite>
